[  0%] Built target std_msgs_generate_messages_cpp
[  0%] Built target _pcl_sensor_data_generate_messages_check_deps_RestartRecording
[  0%] Built target _pcl_sensor_data_generate_messages_check_deps_StartRecording
[  0%] Built target _pcl_sensor_data_generate_messages_check_deps_angleAdjust
[  0%] Built target _pcl_sensor_data_generate_messages_check_deps_ProcessPointcloud
[  0%] Built target std_msgs_generate_messages_py
[  0%] Built target std_msgs_generate_messages_nodejs
[  0%] Built target std_msgs_generate_messages_lisp
[  0%] Built target _pcl_sensor_data_generate_messages_check_deps_laserMax
[  0%] Built target _pcl_sensor_data_generate_messages_check_deps_StopRecording
[  0%] Built target _pcl_sensor_data_generate_messages_check_deps_avgZDistance
[  0%] Built target std_msgs_generate_messages_eus
[ 15%] Built target pcl_sensor_data_generate_messages_cpp
[ 33%] Built target pcl_sensor_data_generate_messages_py
[ 48%] Built target pcl_sensor_data_generate_messages_lisp
[ 64%] Built target pcl_sensor_data_generate_messages_nodejs
[ 82%] Built target pcl_sensor_data_generate_messages_eus
[ 86%] Built target laser_processor
[ 91%] Built target laser_playground
[ 95%] Built target test_node
[ 95%] Built target pcl_sensor_data_generate_messages
[100%] Built target access_data
