Symlinking /home/cerlab/depowdering_ws/devel/lib/python3/dist-packages/pcl_sensor_data/__init__.py
Symlinking /home/cerlab/depowdering_ws/devel/lib/python3/dist-packages/pcl_sensor_data/srv/_avgZDistance.py
Symlinking /home/cerlab/depowdering_ws/devel/lib/python3/dist-packages/pcl_sensor_data/srv/_ProcessPointcloud.py
Symlinking /home/cerlab/depowdering_ws/devel/lib/python3/dist-packages/pcl_sensor_data/srv/_RestartRecording.py
Symlinking /home/cerlab/depowdering_ws/devel/lib/python3/dist-packages/pcl_sensor_data/srv/_StartRecording.py
Symlinking /home/cerlab/depowdering_ws/devel/lib/python3/dist-packages/pcl_sensor_data/srv/__init__.py
Symlinking /home/cerlab/depowdering_ws/devel/lib/python3/dist-packages/pcl_sensor_data/srv/_StopRecording.py
Symlinking /home/cerlab/depowdering_ws/devel/lib/python3/dist-packages/pcl_sensor_data/srv/_laserMax.py
Symlinking /home/cerlab/depowdering_ws/devel/lib/python3/dist-packages/pcl_sensor_data/srv/_angleAdjust.py
Symlinking /home/cerlab/depowdering_ws/devel/lib/pcl_sensor_data/laser_playground
Symlinking /home/cerlab/depowdering_ws/devel/lib/pcl_sensor_data/access_data
Symlinking /home/cerlab/depowdering_ws/devel/lib/pcl_sensor_data/test_node
Symlinking /home/cerlab/depowdering_ws/devel/lib/pcl_sensor_data/laser_processor
Symlinking /home/cerlab/depowdering_ws/devel/lib/pkgconfig/pcl_sensor_data.pc
Symlinking /home/cerlab/depowdering_ws/devel/include/pcl_sensor_data/StopRecording.h
Symlinking /home/cerlab/depowdering_ws/devel/include/pcl_sensor_data/StartRecording.h
Symlinking /home/cerlab/depowdering_ws/devel/include/pcl_sensor_data/angleAdjust.h
Symlinking /home/cerlab/depowdering_ws/devel/include/pcl_sensor_data/ProcessPointcloudRequest.h
Symlinking /home/cerlab/depowdering_ws/devel/include/pcl_sensor_data/angleAdjustRequest.h
Symlinking /home/cerlab/depowdering_ws/devel/include/pcl_sensor_data/laserMax.h
Symlinking /home/cerlab/depowdering_ws/devel/include/pcl_sensor_data/avgZDistanceRequest.h
Symlinking /home/cerlab/depowdering_ws/devel/include/pcl_sensor_data/ProcessPointcloud.h
Symlinking /home/cerlab/depowdering_ws/devel/include/pcl_sensor_data/laserMaxRequest.h
Symlinking /home/cerlab/depowdering_ws/devel/include/pcl_sensor_data/RestartRecordingRequest.h
Symlinking /home/cerlab/depowdering_ws/devel/include/pcl_sensor_data/StartRecordingResponse.h
Symlinking /home/cerlab/depowdering_ws/devel/include/pcl_sensor_data/ProcessPointcloudResponse.h
Symlinking /home/cerlab/depowdering_ws/devel/include/pcl_sensor_data/StopRecordingResponse.h
Symlinking /home/cerlab/depowdering_ws/devel/include/pcl_sensor_data/angleAdjustResponse.h
Symlinking /home/cerlab/depowdering_ws/devel/include/pcl_sensor_data/laserMaxResponse.h
Symlinking /home/cerlab/depowdering_ws/devel/include/pcl_sensor_data/StartRecordingRequest.h
Symlinking /home/cerlab/depowdering_ws/devel/include/pcl_sensor_data/RestartRecordingResponse.h
Symlinking /home/cerlab/depowdering_ws/devel/include/pcl_sensor_data/avgZDistance.h
Symlinking /home/cerlab/depowdering_ws/devel/include/pcl_sensor_data/RestartRecording.h
Symlinking /home/cerlab/depowdering_ws/devel/include/pcl_sensor_data/StopRecordingRequest.h
Symlinking /home/cerlab/depowdering_ws/devel/include/pcl_sensor_data/avgZDistanceResponse.h
Symlinking /home/cerlab/depowdering_ws/devel/share/common-lisp/ros/pcl_sensor_data/srv/angleAdjust.lisp
Symlinking /home/cerlab/depowdering_ws/devel/share/common-lisp/ros/pcl_sensor_data/srv/_package.lisp
Symlinking /home/cerlab/depowdering_ws/devel/share/common-lisp/ros/pcl_sensor_data/srv/RestartRecording.lisp
Symlinking /home/cerlab/depowdering_ws/devel/share/common-lisp/ros/pcl_sensor_data/srv/ProcessPointcloud.lisp
Symlinking /home/cerlab/depowdering_ws/devel/share/common-lisp/ros/pcl_sensor_data/srv/_package_avgZDistance.lisp
Symlinking /home/cerlab/depowdering_ws/devel/share/common-lisp/ros/pcl_sensor_data/srv/avgZDistance.lisp
Symlinking /home/cerlab/depowdering_ws/devel/share/common-lisp/ros/pcl_sensor_data/srv/StopRecording.lisp
Symlinking /home/cerlab/depowdering_ws/devel/share/common-lisp/ros/pcl_sensor_data/srv/_package_angleAdjust.lisp
Symlinking /home/cerlab/depowdering_ws/devel/share/common-lisp/ros/pcl_sensor_data/srv/_package_laserMax.lisp
Symlinking /home/cerlab/depowdering_ws/devel/share/common-lisp/ros/pcl_sensor_data/srv/_package_ProcessPointcloud.lisp
Symlinking /home/cerlab/depowdering_ws/devel/share/common-lisp/ros/pcl_sensor_data/srv/laserMax.lisp
Symlinking /home/cerlab/depowdering_ws/devel/share/common-lisp/ros/pcl_sensor_data/srv/_package_StartRecording.lisp
Symlinking /home/cerlab/depowdering_ws/devel/share/common-lisp/ros/pcl_sensor_data/srv/_package_StopRecording.lisp
Symlinking /home/cerlab/depowdering_ws/devel/share/common-lisp/ros/pcl_sensor_data/srv/_package_RestartRecording.lisp
Symlinking /home/cerlab/depowdering_ws/devel/share/common-lisp/ros/pcl_sensor_data/srv/pcl_sensor_data-srv.asd
Symlinking /home/cerlab/depowdering_ws/devel/share/common-lisp/ros/pcl_sensor_data/srv/StartRecording.lisp
Symlinking /home/cerlab/depowdering_ws/devel/share/pcl_sensor_data/cmake/pcl_sensor_dataConfig.cmake
Symlinking /home/cerlab/depowdering_ws/devel/share/pcl_sensor_data/cmake/pcl_sensor_data-msg-paths.cmake
Symlinking /home/cerlab/depowdering_ws/devel/share/pcl_sensor_data/cmake/pcl_sensor_data-msg-extras.cmake
Symlinking /home/cerlab/depowdering_ws/devel/share/pcl_sensor_data/cmake/pcl_sensor_dataConfig-version.cmake
Symlinking /home/cerlab/depowdering_ws/devel/share/gennodejs/ros/pcl_sensor_data/_index.js
Symlinking /home/cerlab/depowdering_ws/devel/share/gennodejs/ros/pcl_sensor_data/srv/_index.js
Symlinking /home/cerlab/depowdering_ws/devel/share/gennodejs/ros/pcl_sensor_data/srv/ProcessPointcloud.js
Symlinking /home/cerlab/depowdering_ws/devel/share/gennodejs/ros/pcl_sensor_data/srv/laserMax.js
Symlinking /home/cerlab/depowdering_ws/devel/share/gennodejs/ros/pcl_sensor_data/srv/StartRecording.js
Symlinking /home/cerlab/depowdering_ws/devel/share/gennodejs/ros/pcl_sensor_data/srv/angleAdjust.js
Symlinking /home/cerlab/depowdering_ws/devel/share/gennodejs/ros/pcl_sensor_data/srv/avgZDistance.js
Symlinking /home/cerlab/depowdering_ws/devel/share/gennodejs/ros/pcl_sensor_data/srv/RestartRecording.js
Symlinking /home/cerlab/depowdering_ws/devel/share/gennodejs/ros/pcl_sensor_data/srv/StopRecording.js
Symlinking /home/cerlab/depowdering_ws/devel/share/roseus/ros/pcl_sensor_data/manifest.l
Symlinking /home/cerlab/depowdering_ws/devel/share/roseus/ros/pcl_sensor_data/srv/angleAdjust.l
Symlinking /home/cerlab/depowdering_ws/devel/share/roseus/ros/pcl_sensor_data/srv/StopRecording.l
Symlinking /home/cerlab/depowdering_ws/devel/share/roseus/ros/pcl_sensor_data/srv/avgZDistance.l
Symlinking /home/cerlab/depowdering_ws/devel/share/roseus/ros/pcl_sensor_data/srv/laserMax.l
Symlinking /home/cerlab/depowdering_ws/devel/share/roseus/ros/pcl_sensor_data/srv/ProcessPointcloud.l
Symlinking /home/cerlab/depowdering_ws/devel/share/roseus/ros/pcl_sensor_data/srv/RestartRecording.l
Symlinking /home/cerlab/depowdering_ws/devel/share/roseus/ros/pcl_sensor_data/srv/StartRecording.l
