Linked: (/home/cerlab/depowdering_ws/devel/.private/pcl_sensor_data/lib/python3/dist-packages/pcl_sensor_data/__init__.py, /home/cerlab/depowdering_ws/devel/lib/python3/dist-packages/pcl_sensor_data/__init__.py)
Linked: (/home/cerlab/depowdering_ws/devel/.private/pcl_sensor_data/lib/python3/dist-packages/pcl_sensor_data/srv/_avgZDistance.py, /home/cerlab/depowdering_ws/devel/lib/python3/dist-packages/pcl_sensor_data/srv/_avgZDistance.py)
Linked: (/home/cerlab/depowdering_ws/devel/.private/pcl_sensor_data/lib/python3/dist-packages/pcl_sensor_data/srv/_ProcessPointcloud.py, /home/cerlab/depowdering_ws/devel/lib/python3/dist-packages/pcl_sensor_data/srv/_ProcessPointcloud.py)
Linked: (/home/cerlab/depowdering_ws/devel/.private/pcl_sensor_data/lib/python3/dist-packages/pcl_sensor_data/srv/_RestartRecording.py, /home/cerlab/depowdering_ws/devel/lib/python3/dist-packages/pcl_sensor_data/srv/_RestartRecording.py)
Linked: (/home/cerlab/depowdering_ws/devel/.private/pcl_sensor_data/lib/python3/dist-packages/pcl_sensor_data/srv/_StartRecording.py, /home/cerlab/depowdering_ws/devel/lib/python3/dist-packages/pcl_sensor_data/srv/_StartRecording.py)
Linked: (/home/cerlab/depowdering_ws/devel/.private/pcl_sensor_data/lib/python3/dist-packages/pcl_sensor_data/srv/__init__.py, /home/cerlab/depowdering_ws/devel/lib/python3/dist-packages/pcl_sensor_data/srv/__init__.py)
Linked: (/home/cerlab/depowdering_ws/devel/.private/pcl_sensor_data/lib/python3/dist-packages/pcl_sensor_data/srv/_StopRecording.py, /home/cerlab/depowdering_ws/devel/lib/python3/dist-packages/pcl_sensor_data/srv/_StopRecording.py)
Linked: (/home/cerlab/depowdering_ws/devel/.private/pcl_sensor_data/lib/python3/dist-packages/pcl_sensor_data/srv/_laserMax.py, /home/cerlab/depowdering_ws/devel/lib/python3/dist-packages/pcl_sensor_data/srv/_laserMax.py)
Linked: (/home/cerlab/depowdering_ws/devel/.private/pcl_sensor_data/lib/python3/dist-packages/pcl_sensor_data/srv/_angleAdjust.py, /home/cerlab/depowdering_ws/devel/lib/python3/dist-packages/pcl_sensor_data/srv/_angleAdjust.py)
Linked: (/home/cerlab/depowdering_ws/devel/.private/pcl_sensor_data/lib/pcl_sensor_data/laser_playground, /home/cerlab/depowdering_ws/devel/lib/pcl_sensor_data/laser_playground)
Linked: (/home/cerlab/depowdering_ws/devel/.private/pcl_sensor_data/lib/pcl_sensor_data/access_data, /home/cerlab/depowdering_ws/devel/lib/pcl_sensor_data/access_data)
Linked: (/home/cerlab/depowdering_ws/devel/.private/pcl_sensor_data/lib/pcl_sensor_data/test_node, /home/cerlab/depowdering_ws/devel/lib/pcl_sensor_data/test_node)
Linked: (/home/cerlab/depowdering_ws/devel/.private/pcl_sensor_data/lib/pcl_sensor_data/laser_processor, /home/cerlab/depowdering_ws/devel/lib/pcl_sensor_data/laser_processor)
Linked: (/home/cerlab/depowdering_ws/devel/.private/pcl_sensor_data/lib/pkgconfig/pcl_sensor_data.pc, /home/cerlab/depowdering_ws/devel/lib/pkgconfig/pcl_sensor_data.pc)
Linked: (/home/cerlab/depowdering_ws/devel/.private/pcl_sensor_data/include/pcl_sensor_data/StopRecording.h, /home/cerlab/depowdering_ws/devel/include/pcl_sensor_data/StopRecording.h)
Linked: (/home/cerlab/depowdering_ws/devel/.private/pcl_sensor_data/include/pcl_sensor_data/StartRecording.h, /home/cerlab/depowdering_ws/devel/include/pcl_sensor_data/StartRecording.h)
Linked: (/home/cerlab/depowdering_ws/devel/.private/pcl_sensor_data/include/pcl_sensor_data/angleAdjust.h, /home/cerlab/depowdering_ws/devel/include/pcl_sensor_data/angleAdjust.h)
Linked: (/home/cerlab/depowdering_ws/devel/.private/pcl_sensor_data/include/pcl_sensor_data/ProcessPointcloudRequest.h, /home/cerlab/depowdering_ws/devel/include/pcl_sensor_data/ProcessPointcloudRequest.h)
Linked: (/home/cerlab/depowdering_ws/devel/.private/pcl_sensor_data/include/pcl_sensor_data/angleAdjustRequest.h, /home/cerlab/depowdering_ws/devel/include/pcl_sensor_data/angleAdjustRequest.h)
Linked: (/home/cerlab/depowdering_ws/devel/.private/pcl_sensor_data/include/pcl_sensor_data/laserMax.h, /home/cerlab/depowdering_ws/devel/include/pcl_sensor_data/laserMax.h)
Linked: (/home/cerlab/depowdering_ws/devel/.private/pcl_sensor_data/include/pcl_sensor_data/avgZDistanceRequest.h, /home/cerlab/depowdering_ws/devel/include/pcl_sensor_data/avgZDistanceRequest.h)
Linked: (/home/cerlab/depowdering_ws/devel/.private/pcl_sensor_data/include/pcl_sensor_data/ProcessPointcloud.h, /home/cerlab/depowdering_ws/devel/include/pcl_sensor_data/ProcessPointcloud.h)
Linked: (/home/cerlab/depowdering_ws/devel/.private/pcl_sensor_data/include/pcl_sensor_data/laserMaxRequest.h, /home/cerlab/depowdering_ws/devel/include/pcl_sensor_data/laserMaxRequest.h)
Linked: (/home/cerlab/depowdering_ws/devel/.private/pcl_sensor_data/include/pcl_sensor_data/RestartRecordingRequest.h, /home/cerlab/depowdering_ws/devel/include/pcl_sensor_data/RestartRecordingRequest.h)
Linked: (/home/cerlab/depowdering_ws/devel/.private/pcl_sensor_data/include/pcl_sensor_data/StartRecordingResponse.h, /home/cerlab/depowdering_ws/devel/include/pcl_sensor_data/StartRecordingResponse.h)
Linked: (/home/cerlab/depowdering_ws/devel/.private/pcl_sensor_data/include/pcl_sensor_data/ProcessPointcloudResponse.h, /home/cerlab/depowdering_ws/devel/include/pcl_sensor_data/ProcessPointcloudResponse.h)
Linked: (/home/cerlab/depowdering_ws/devel/.private/pcl_sensor_data/include/pcl_sensor_data/StopRecordingResponse.h, /home/cerlab/depowdering_ws/devel/include/pcl_sensor_data/StopRecordingResponse.h)
Linked: (/home/cerlab/depowdering_ws/devel/.private/pcl_sensor_data/include/pcl_sensor_data/angleAdjustResponse.h, /home/cerlab/depowdering_ws/devel/include/pcl_sensor_data/angleAdjustResponse.h)
Linked: (/home/cerlab/depowdering_ws/devel/.private/pcl_sensor_data/include/pcl_sensor_data/laserMaxResponse.h, /home/cerlab/depowdering_ws/devel/include/pcl_sensor_data/laserMaxResponse.h)
Linked: (/home/cerlab/depowdering_ws/devel/.private/pcl_sensor_data/include/pcl_sensor_data/StartRecordingRequest.h, /home/cerlab/depowdering_ws/devel/include/pcl_sensor_data/StartRecordingRequest.h)
Linked: (/home/cerlab/depowdering_ws/devel/.private/pcl_sensor_data/include/pcl_sensor_data/RestartRecordingResponse.h, /home/cerlab/depowdering_ws/devel/include/pcl_sensor_data/RestartRecordingResponse.h)
Linked: (/home/cerlab/depowdering_ws/devel/.private/pcl_sensor_data/include/pcl_sensor_data/avgZDistance.h, /home/cerlab/depowdering_ws/devel/include/pcl_sensor_data/avgZDistance.h)
Linked: (/home/cerlab/depowdering_ws/devel/.private/pcl_sensor_data/include/pcl_sensor_data/RestartRecording.h, /home/cerlab/depowdering_ws/devel/include/pcl_sensor_data/RestartRecording.h)
Linked: (/home/cerlab/depowdering_ws/devel/.private/pcl_sensor_data/include/pcl_sensor_data/StopRecordingRequest.h, /home/cerlab/depowdering_ws/devel/include/pcl_sensor_data/StopRecordingRequest.h)
Linked: (/home/cerlab/depowdering_ws/devel/.private/pcl_sensor_data/include/pcl_sensor_data/avgZDistanceResponse.h, /home/cerlab/depowdering_ws/devel/include/pcl_sensor_data/avgZDistanceResponse.h)
Linked: (/home/cerlab/depowdering_ws/devel/.private/pcl_sensor_data/share/common-lisp/ros/pcl_sensor_data/srv/angleAdjust.lisp, /home/cerlab/depowdering_ws/devel/share/common-lisp/ros/pcl_sensor_data/srv/angleAdjust.lisp)
Linked: (/home/cerlab/depowdering_ws/devel/.private/pcl_sensor_data/share/common-lisp/ros/pcl_sensor_data/srv/_package.lisp, /home/cerlab/depowdering_ws/devel/share/common-lisp/ros/pcl_sensor_data/srv/_package.lisp)
Linked: (/home/cerlab/depowdering_ws/devel/.private/pcl_sensor_data/share/common-lisp/ros/pcl_sensor_data/srv/RestartRecording.lisp, /home/cerlab/depowdering_ws/devel/share/common-lisp/ros/pcl_sensor_data/srv/RestartRecording.lisp)
Linked: (/home/cerlab/depowdering_ws/devel/.private/pcl_sensor_data/share/common-lisp/ros/pcl_sensor_data/srv/ProcessPointcloud.lisp, /home/cerlab/depowdering_ws/devel/share/common-lisp/ros/pcl_sensor_data/srv/ProcessPointcloud.lisp)
Linked: (/home/cerlab/depowdering_ws/devel/.private/pcl_sensor_data/share/common-lisp/ros/pcl_sensor_data/srv/_package_avgZDistance.lisp, /home/cerlab/depowdering_ws/devel/share/common-lisp/ros/pcl_sensor_data/srv/_package_avgZDistance.lisp)
Linked: (/home/cerlab/depowdering_ws/devel/.private/pcl_sensor_data/share/common-lisp/ros/pcl_sensor_data/srv/avgZDistance.lisp, /home/cerlab/depowdering_ws/devel/share/common-lisp/ros/pcl_sensor_data/srv/avgZDistance.lisp)
Linked: (/home/cerlab/depowdering_ws/devel/.private/pcl_sensor_data/share/common-lisp/ros/pcl_sensor_data/srv/StopRecording.lisp, /home/cerlab/depowdering_ws/devel/share/common-lisp/ros/pcl_sensor_data/srv/StopRecording.lisp)
Linked: (/home/cerlab/depowdering_ws/devel/.private/pcl_sensor_data/share/common-lisp/ros/pcl_sensor_data/srv/_package_angleAdjust.lisp, /home/cerlab/depowdering_ws/devel/share/common-lisp/ros/pcl_sensor_data/srv/_package_angleAdjust.lisp)
Linked: (/home/cerlab/depowdering_ws/devel/.private/pcl_sensor_data/share/common-lisp/ros/pcl_sensor_data/srv/_package_laserMax.lisp, /home/cerlab/depowdering_ws/devel/share/common-lisp/ros/pcl_sensor_data/srv/_package_laserMax.lisp)
Linked: (/home/cerlab/depowdering_ws/devel/.private/pcl_sensor_data/share/common-lisp/ros/pcl_sensor_data/srv/_package_ProcessPointcloud.lisp, /home/cerlab/depowdering_ws/devel/share/common-lisp/ros/pcl_sensor_data/srv/_package_ProcessPointcloud.lisp)
Linked: (/home/cerlab/depowdering_ws/devel/.private/pcl_sensor_data/share/common-lisp/ros/pcl_sensor_data/srv/laserMax.lisp, /home/cerlab/depowdering_ws/devel/share/common-lisp/ros/pcl_sensor_data/srv/laserMax.lisp)
Linked: (/home/cerlab/depowdering_ws/devel/.private/pcl_sensor_data/share/common-lisp/ros/pcl_sensor_data/srv/_package_StartRecording.lisp, /home/cerlab/depowdering_ws/devel/share/common-lisp/ros/pcl_sensor_data/srv/_package_StartRecording.lisp)
Linked: (/home/cerlab/depowdering_ws/devel/.private/pcl_sensor_data/share/common-lisp/ros/pcl_sensor_data/srv/_package_StopRecording.lisp, /home/cerlab/depowdering_ws/devel/share/common-lisp/ros/pcl_sensor_data/srv/_package_StopRecording.lisp)
Linked: (/home/cerlab/depowdering_ws/devel/.private/pcl_sensor_data/share/common-lisp/ros/pcl_sensor_data/srv/_package_RestartRecording.lisp, /home/cerlab/depowdering_ws/devel/share/common-lisp/ros/pcl_sensor_data/srv/_package_RestartRecording.lisp)
Linked: (/home/cerlab/depowdering_ws/devel/.private/pcl_sensor_data/share/common-lisp/ros/pcl_sensor_data/srv/pcl_sensor_data-srv.asd, /home/cerlab/depowdering_ws/devel/share/common-lisp/ros/pcl_sensor_data/srv/pcl_sensor_data-srv.asd)
Linked: (/home/cerlab/depowdering_ws/devel/.private/pcl_sensor_data/share/common-lisp/ros/pcl_sensor_data/srv/StartRecording.lisp, /home/cerlab/depowdering_ws/devel/share/common-lisp/ros/pcl_sensor_data/srv/StartRecording.lisp)
Linked: (/home/cerlab/depowdering_ws/devel/.private/pcl_sensor_data/share/pcl_sensor_data/cmake/pcl_sensor_dataConfig.cmake, /home/cerlab/depowdering_ws/devel/share/pcl_sensor_data/cmake/pcl_sensor_dataConfig.cmake)
Linked: (/home/cerlab/depowdering_ws/devel/.private/pcl_sensor_data/share/pcl_sensor_data/cmake/pcl_sensor_data-msg-paths.cmake, /home/cerlab/depowdering_ws/devel/share/pcl_sensor_data/cmake/pcl_sensor_data-msg-paths.cmake)
Linked: (/home/cerlab/depowdering_ws/devel/.private/pcl_sensor_data/share/pcl_sensor_data/cmake/pcl_sensor_data-msg-extras.cmake, /home/cerlab/depowdering_ws/devel/share/pcl_sensor_data/cmake/pcl_sensor_data-msg-extras.cmake)
Linked: (/home/cerlab/depowdering_ws/devel/.private/pcl_sensor_data/share/pcl_sensor_data/cmake/pcl_sensor_dataConfig-version.cmake, /home/cerlab/depowdering_ws/devel/share/pcl_sensor_data/cmake/pcl_sensor_dataConfig-version.cmake)
Linked: (/home/cerlab/depowdering_ws/devel/.private/pcl_sensor_data/share/gennodejs/ros/pcl_sensor_data/_index.js, /home/cerlab/depowdering_ws/devel/share/gennodejs/ros/pcl_sensor_data/_index.js)
Linked: (/home/cerlab/depowdering_ws/devel/.private/pcl_sensor_data/share/gennodejs/ros/pcl_sensor_data/srv/_index.js, /home/cerlab/depowdering_ws/devel/share/gennodejs/ros/pcl_sensor_data/srv/_index.js)
Linked: (/home/cerlab/depowdering_ws/devel/.private/pcl_sensor_data/share/gennodejs/ros/pcl_sensor_data/srv/ProcessPointcloud.js, /home/cerlab/depowdering_ws/devel/share/gennodejs/ros/pcl_sensor_data/srv/ProcessPointcloud.js)
Linked: (/home/cerlab/depowdering_ws/devel/.private/pcl_sensor_data/share/gennodejs/ros/pcl_sensor_data/srv/laserMax.js, /home/cerlab/depowdering_ws/devel/share/gennodejs/ros/pcl_sensor_data/srv/laserMax.js)
Linked: (/home/cerlab/depowdering_ws/devel/.private/pcl_sensor_data/share/gennodejs/ros/pcl_sensor_data/srv/StartRecording.js, /home/cerlab/depowdering_ws/devel/share/gennodejs/ros/pcl_sensor_data/srv/StartRecording.js)
Linked: (/home/cerlab/depowdering_ws/devel/.private/pcl_sensor_data/share/gennodejs/ros/pcl_sensor_data/srv/angleAdjust.js, /home/cerlab/depowdering_ws/devel/share/gennodejs/ros/pcl_sensor_data/srv/angleAdjust.js)
Linked: (/home/cerlab/depowdering_ws/devel/.private/pcl_sensor_data/share/gennodejs/ros/pcl_sensor_data/srv/avgZDistance.js, /home/cerlab/depowdering_ws/devel/share/gennodejs/ros/pcl_sensor_data/srv/avgZDistance.js)
Linked: (/home/cerlab/depowdering_ws/devel/.private/pcl_sensor_data/share/gennodejs/ros/pcl_sensor_data/srv/RestartRecording.js, /home/cerlab/depowdering_ws/devel/share/gennodejs/ros/pcl_sensor_data/srv/RestartRecording.js)
Linked: (/home/cerlab/depowdering_ws/devel/.private/pcl_sensor_data/share/gennodejs/ros/pcl_sensor_data/srv/StopRecording.js, /home/cerlab/depowdering_ws/devel/share/gennodejs/ros/pcl_sensor_data/srv/StopRecording.js)
Linked: (/home/cerlab/depowdering_ws/devel/.private/pcl_sensor_data/share/roseus/ros/pcl_sensor_data/manifest.l, /home/cerlab/depowdering_ws/devel/share/roseus/ros/pcl_sensor_data/manifest.l)
Linked: (/home/cerlab/depowdering_ws/devel/.private/pcl_sensor_data/share/roseus/ros/pcl_sensor_data/srv/angleAdjust.l, /home/cerlab/depowdering_ws/devel/share/roseus/ros/pcl_sensor_data/srv/angleAdjust.l)
Linked: (/home/cerlab/depowdering_ws/devel/.private/pcl_sensor_data/share/roseus/ros/pcl_sensor_data/srv/StopRecording.l, /home/cerlab/depowdering_ws/devel/share/roseus/ros/pcl_sensor_data/srv/StopRecording.l)
Linked: (/home/cerlab/depowdering_ws/devel/.private/pcl_sensor_data/share/roseus/ros/pcl_sensor_data/srv/avgZDistance.l, /home/cerlab/depowdering_ws/devel/share/roseus/ros/pcl_sensor_data/srv/avgZDistance.l)
Linked: (/home/cerlab/depowdering_ws/devel/.private/pcl_sensor_data/share/roseus/ros/pcl_sensor_data/srv/laserMax.l, /home/cerlab/depowdering_ws/devel/share/roseus/ros/pcl_sensor_data/srv/laserMax.l)
Linked: (/home/cerlab/depowdering_ws/devel/.private/pcl_sensor_data/share/roseus/ros/pcl_sensor_data/srv/ProcessPointcloud.l, /home/cerlab/depowdering_ws/devel/share/roseus/ros/pcl_sensor_data/srv/ProcessPointcloud.l)
Linked: (/home/cerlab/depowdering_ws/devel/.private/pcl_sensor_data/share/roseus/ros/pcl_sensor_data/srv/RestartRecording.l, /home/cerlab/depowdering_ws/devel/share/roseus/ros/pcl_sensor_data/srv/RestartRecording.l)
Linked: (/home/cerlab/depowdering_ws/devel/.private/pcl_sensor_data/share/roseus/ros/pcl_sensor_data/srv/StartRecording.l, /home/cerlab/depowdering_ws/devel/share/roseus/ros/pcl_sensor_data/srv/StartRecording.l)
