Symlinking /home/cerlab/depowdering_ws/devel/lib/python3/dist-packages/add_post_pro_simulation/__init__.py
Symlinking /home/cerlab/depowdering_ws/devel/lib/python3/dist-packages/add_post_pro_simulation/srv/_APPListModels.py
Symlinking /home/cerlab/depowdering_ws/devel/lib/python3/dist-packages/add_post_pro_simulation/srv/_APPSpawnDepowdering.py
Symlinking /home/cerlab/depowdering_ws/devel/lib/python3/dist-packages/add_post_pro_simulation/srv/_APPSpawnCube.py
Symlinking /home/cerlab/depowdering_ws/devel/lib/python3/dist-packages/add_post_pro_simulation/srv/_ConversionRequest.py
Symlinking /home/cerlab/depowdering_ws/devel/lib/python3/dist-packages/add_post_pro_simulation/srv/_SurfaceHeight.py
Symlinking /home/cerlab/depowdering_ws/devel/lib/python3/dist-packages/add_post_pro_simulation/srv/__init__.py
Symlinking /home/cerlab/depowdering_ws/devel/lib/python3/dist-packages/add_post_pro_simulation/srv/_APPSpawnModel.py
Symlinking /home/cerlab/depowdering_ws/devel/lib/python3/dist-packages/add_post_pro_simulation/srv/_APPChangeHeight.py
Symlinking /home/cerlab/depowdering_ws/devel/lib/python3/dist-packages/add_post_pro_simulation/srv/_DetectPose.py
Symlinking /home/cerlab/depowdering_ws/devel/lib/python3/dist-packages/add_post_pro_simulation/srv/_APPDeleteModel.py
Symlinking /home/cerlab/depowdering_ws/devel/lib/pkgconfig/add_post_pro_simulation.pc
Symlinking /home/cerlab/depowdering_ws/devel/lib/add_post_pro_simulation/turntable_scanning_demo
Symlinking /home/cerlab/depowdering_ws/devel/include/add_post_pro_simulation/ConversionRequestResponse.h
Symlinking /home/cerlab/depowdering_ws/devel/include/add_post_pro_simulation/SurfaceHeight.h
Symlinking /home/cerlab/depowdering_ws/devel/include/add_post_pro_simulation/APPSpawnCubeResponse.h
Symlinking /home/cerlab/depowdering_ws/devel/include/add_post_pro_simulation/ConversionRequest.h
Symlinking /home/cerlab/depowdering_ws/devel/include/add_post_pro_simulation/APPSpawnDepowdering.h
Symlinking /home/cerlab/depowdering_ws/devel/include/add_post_pro_simulation/DetectPose.h
Symlinking /home/cerlab/depowdering_ws/devel/include/add_post_pro_simulation/APPSpawnModelResponse.h
Symlinking /home/cerlab/depowdering_ws/devel/include/add_post_pro_simulation/DetectPoseResponse.h
Symlinking /home/cerlab/depowdering_ws/devel/include/add_post_pro_simulation/APPDeleteModelResponse.h
Symlinking /home/cerlab/depowdering_ws/devel/include/add_post_pro_simulation/APPSpawnDepowderingRequest.h
Symlinking /home/cerlab/depowdering_ws/devel/include/add_post_pro_simulation/APPChangeHeightResponse.h
Symlinking /home/cerlab/depowdering_ws/devel/include/add_post_pro_simulation/APPListModelsResponse.h
Symlinking /home/cerlab/depowdering_ws/devel/include/add_post_pro_simulation/APPListModels.h
Symlinking /home/cerlab/depowdering_ws/devel/include/add_post_pro_simulation/APPSpawnModelRequest.h
Symlinking /home/cerlab/depowdering_ws/devel/include/add_post_pro_simulation/APPChangeHeightRequest.h
Symlinking /home/cerlab/depowdering_ws/devel/include/add_post_pro_simulation/DetectPoseRequest.h
Symlinking /home/cerlab/depowdering_ws/devel/include/add_post_pro_simulation/APPDeleteModelRequest.h
Symlinking /home/cerlab/depowdering_ws/devel/include/add_post_pro_simulation/APPSpawnModel.h
Symlinking /home/cerlab/depowdering_ws/devel/include/add_post_pro_simulation/APPListModelsRequest.h
Symlinking /home/cerlab/depowdering_ws/devel/include/add_post_pro_simulation/ConversionRequestRequest.h
Symlinking /home/cerlab/depowdering_ws/devel/include/add_post_pro_simulation/SurfaceHeightResponse.h
Symlinking /home/cerlab/depowdering_ws/devel/include/add_post_pro_simulation/SurfaceHeightRequest.h
Symlinking /home/cerlab/depowdering_ws/devel/include/add_post_pro_simulation/APPSpawnCube.h
Symlinking /home/cerlab/depowdering_ws/devel/include/add_post_pro_simulation/APPSpawnDepowderingResponse.h
Symlinking /home/cerlab/depowdering_ws/devel/include/add_post_pro_simulation/APPChangeHeight.h
Symlinking /home/cerlab/depowdering_ws/devel/include/add_post_pro_simulation/APPDeleteModel.h
Symlinking /home/cerlab/depowdering_ws/devel/include/add_post_pro_simulation/APPSpawnCubeRequest.h
Symlinking /home/cerlab/depowdering_ws/devel/share/common-lisp/ros/add_post_pro_simulation/srv/_package_ConversionRequest.lisp
Symlinking /home/cerlab/depowdering_ws/devel/share/common-lisp/ros/add_post_pro_simulation/srv/_package_APPSpawnCube.lisp
Symlinking /home/cerlab/depowdering_ws/devel/share/common-lisp/ros/add_post_pro_simulation/srv/SurfaceHeight.lisp
Symlinking /home/cerlab/depowdering_ws/devel/share/common-lisp/ros/add_post_pro_simulation/srv/APPChangeHeight.lisp
Symlinking /home/cerlab/depowdering_ws/devel/share/common-lisp/ros/add_post_pro_simulation/srv/_package_APPDeleteModel.lisp
Symlinking /home/cerlab/depowdering_ws/devel/share/common-lisp/ros/add_post_pro_simulation/srv/_package.lisp
Symlinking /home/cerlab/depowdering_ws/devel/share/common-lisp/ros/add_post_pro_simulation/srv/add_post_pro_simulation-srv.asd
Symlinking /home/cerlab/depowdering_ws/devel/share/common-lisp/ros/add_post_pro_simulation/srv/_package_SurfaceHeight.lisp
Symlinking /home/cerlab/depowdering_ws/devel/share/common-lisp/ros/add_post_pro_simulation/srv/_package_APPSpawnDepowdering.lisp
Symlinking /home/cerlab/depowdering_ws/devel/share/common-lisp/ros/add_post_pro_simulation/srv/_package_APPListModels.lisp
Symlinking /home/cerlab/depowdering_ws/devel/share/common-lisp/ros/add_post_pro_simulation/srv/APPListModels.lisp
Symlinking /home/cerlab/depowdering_ws/devel/share/common-lisp/ros/add_post_pro_simulation/srv/ConversionRequest.lisp
Symlinking /home/cerlab/depowdering_ws/devel/share/common-lisp/ros/add_post_pro_simulation/srv/APPSpawnModel.lisp
Symlinking /home/cerlab/depowdering_ws/devel/share/common-lisp/ros/add_post_pro_simulation/srv/_package_APPSpawnModel.lisp
Symlinking /home/cerlab/depowdering_ws/devel/share/common-lisp/ros/add_post_pro_simulation/srv/APPSpawnCube.lisp
Symlinking /home/cerlab/depowdering_ws/devel/share/common-lisp/ros/add_post_pro_simulation/srv/_package_DetectPose.lisp
Symlinking /home/cerlab/depowdering_ws/devel/share/common-lisp/ros/add_post_pro_simulation/srv/APPDeleteModel.lisp
Symlinking /home/cerlab/depowdering_ws/devel/share/common-lisp/ros/add_post_pro_simulation/srv/APPSpawnDepowdering.lisp
Symlinking /home/cerlab/depowdering_ws/devel/share/common-lisp/ros/add_post_pro_simulation/srv/DetectPose.lisp
Symlinking /home/cerlab/depowdering_ws/devel/share/common-lisp/ros/add_post_pro_simulation/srv/_package_APPChangeHeight.lisp
Symlinking /home/cerlab/depowdering_ws/devel/share/gennodejs/ros/add_post_pro_simulation/_index.js
Symlinking /home/cerlab/depowdering_ws/devel/share/gennodejs/ros/add_post_pro_simulation/srv/_index.js
Symlinking /home/cerlab/depowdering_ws/devel/share/gennodejs/ros/add_post_pro_simulation/srv/SurfaceHeight.js
Symlinking /home/cerlab/depowdering_ws/devel/share/gennodejs/ros/add_post_pro_simulation/srv/APPDeleteModel.js
Symlinking /home/cerlab/depowdering_ws/devel/share/gennodejs/ros/add_post_pro_simulation/srv/APPSpawnDepowdering.js
Symlinking /home/cerlab/depowdering_ws/devel/share/gennodejs/ros/add_post_pro_simulation/srv/APPListModels.js
Symlinking /home/cerlab/depowdering_ws/devel/share/gennodejs/ros/add_post_pro_simulation/srv/APPSpawnModel.js
Symlinking /home/cerlab/depowdering_ws/devel/share/gennodejs/ros/add_post_pro_simulation/srv/APPChangeHeight.js
Symlinking /home/cerlab/depowdering_ws/devel/share/gennodejs/ros/add_post_pro_simulation/srv/ConversionRequest.js
Symlinking /home/cerlab/depowdering_ws/devel/share/gennodejs/ros/add_post_pro_simulation/srv/APPSpawnCube.js
Symlinking /home/cerlab/depowdering_ws/devel/share/gennodejs/ros/add_post_pro_simulation/srv/DetectPose.js
Symlinking /home/cerlab/depowdering_ws/devel/share/add_post_pro_simulation/cmake/add_post_pro_simulationConfig.cmake
Symlinking /home/cerlab/depowdering_ws/devel/share/add_post_pro_simulation/cmake/add_post_pro_simulation-msg-paths.cmake
Symlinking /home/cerlab/depowdering_ws/devel/share/add_post_pro_simulation/cmake/add_post_pro_simulationConfig-version.cmake
Symlinking /home/cerlab/depowdering_ws/devel/share/add_post_pro_simulation/cmake/add_post_pro_simulation-msg-extras.cmake
Symlinking /home/cerlab/depowdering_ws/devel/share/roseus/ros/add_post_pro_simulation/manifest.l
Symlinking /home/cerlab/depowdering_ws/devel/share/roseus/ros/add_post_pro_simulation/srv/ConversionRequest.l
Symlinking /home/cerlab/depowdering_ws/devel/share/roseus/ros/add_post_pro_simulation/srv/SurfaceHeight.l
Symlinking /home/cerlab/depowdering_ws/devel/share/roseus/ros/add_post_pro_simulation/srv/APPChangeHeight.l
Symlinking /home/cerlab/depowdering_ws/devel/share/roseus/ros/add_post_pro_simulation/srv/APPListModels.l
Symlinking /home/cerlab/depowdering_ws/devel/share/roseus/ros/add_post_pro_simulation/srv/APPSpawnDepowdering.l
Symlinking /home/cerlab/depowdering_ws/devel/share/roseus/ros/add_post_pro_simulation/srv/APPSpawnModel.l
Symlinking /home/cerlab/depowdering_ws/devel/share/roseus/ros/add_post_pro_simulation/srv/APPSpawnCube.l
Symlinking /home/cerlab/depowdering_ws/devel/share/roseus/ros/add_post_pro_simulation/srv/DetectPose.l
Symlinking /home/cerlab/depowdering_ws/devel/share/roseus/ros/add_post_pro_simulation/srv/APPDeleteModel.l
