[  0%] Built target nodelet_generate_messages_nodejs
[  0%] Built target sensor_msgs_generate_messages_py
[  0%] Built target _add_post_pro_simulation_generate_messages_check_deps_DetectPose
[  0%] Built target std_msgs_generate_messages_py
[  0%] Built target geometry_msgs_generate_messages_py
[  0%] Built target _add_post_pro_simulation_generate_messages_check_deps_APPSpawnDepowdering
[  0%] Built target _add_post_pro_simulation_generate_messages_check_deps_ConversionRequest
[  0%] Built target _add_post_pro_simulation_generate_messages_check_deps_APPSpawnCube
[  0%] Built target sensor_msgs_generate_messages_eus
[  0%] Built target _add_post_pro_simulation_generate_messages_check_deps_APPListModels
[  0%] Built target geometry_msgs_generate_messages_eus
[  0%] Built target shape_msgs_generate_messages_lisp
[  0%] Built target std_msgs_generate_messages_eus
[  0%] Built target actionlib_msgs_generate_messages_nodejs
[  0%] Built target actionlib_msgs_generate_messages_lisp
[  0%] Built target trajectory_msgs_generate_messages_lisp
[  0%] Built target _add_post_pro_simulation_generate_messages_check_deps_APPChangeHeight
[  0%] Built target geometry_msgs_generate_messages_nodejs
[  0%] Built target std_msgs_generate_messages_nodejs
[  0%] Built target _add_post_pro_simulation_generate_messages_check_deps_APPSpawnModel
[  0%] Built target sensor_msgs_generate_messages_nodejs
[  0%] Built target _add_post_pro_simulation_generate_messages_check_deps_APPDeleteModel
[  0%] Built target tf_generate_messages_py
[  0%] Built target _add_post_pro_simulation_generate_messages_check_deps_SurfaceHeight
[  0%] Built target actionlib_generate_messages_py
[  0%] Built target rosgraph_msgs_generate_messages_cpp
[  0%] Built target actionlib_msgs_generate_messages_cpp
[  0%] Built target trajectory_msgs_generate_messages_py
[  0%] Built target tf_generate_messages_lisp
[  0%] Built target tf_generate_messages_cpp
[  0%] Built target pcl_sensor_data_generate_messages_lisp
[  0%] Built target roscpp_generate_messages_nodejs
[  0%] Built target geometry_msgs_generate_messages_lisp
[  0%] Built target shape_msgs_generate_messages_eus
[  0%] Built target dynamic_reconfigure_generate_messages_lisp
[  0%] Built target visualization_msgs_generate_messages_cpp
[  0%] Built target rosgraph_msgs_generate_messages_lisp
[  0%] Built target tf_generate_messages_eus
[  0%] Built target visualization_msgs_generate_messages_lisp
[  0%] Built target std_msgs_generate_messages_cpp
[  0%] Built target dynamic_reconfigure_generate_messages_eus
[  0%] Built target tf2_msgs_generate_messages_py
[  0%] Built target pcl_sensor_data_generate_messages_nodejs
[  0%] Built target dynamic_reconfigure_generate_messages_nodejs
[  0%] Built target geometry_msgs_generate_messages_cpp
[  0%] Built target bond_generate_messages_cpp
[  0%] Built target visualization_msgs_generate_messages_nodejs
[  0%] Built target rosgraph_msgs_generate_messages_py
[  0%] Built target shape_msgs_generate_messages_nodejs
[  0%] Built target shape_msgs_generate_messages_cpp
[  0%] Built target std_msgs_generate_messages_lisp
[  0%] Built target moveit_ros_manipulation_gencfg
[  0%] Built target sensor_msgs_generate_messages_lisp
[  0%] Built target roscpp_generate_messages_eus
[  0%] Built target actionlib_generate_messages_lisp
[  0%] Built target sensor_msgs_generate_messages_cpp
[  0%] Built target roscpp_generate_messages_py
[  0%] Built target nodelet_generate_messages_lisp
[  0%] Built target tf2_msgs_generate_messages_eus
[  0%] Built target roscpp_generate_messages_cpp
[  0%] Built target trajectory_msgs_generate_messages_eus
[  0%] Built target std_srvs_generate_messages_cpp
[  0%] Built target topic_tools_generate_messages_py
[  0%] Built target tf_generate_messages_nodejs
[  0%] Built target shape_msgs_generate_messages_py
[  0%] Built target rosgraph_msgs_generate_messages_eus
[  0%] Built target actionlib_generate_messages_nodejs
[  0%] Built target std_srvs_generate_messages_py
[  0%] Built target moveit_ros_planning_gencfg
[  0%] Built target actionlib_msgs_generate_messages_py
[  0%] Built target dynamic_reconfigure_generate_messages_py
[ 18%] Built target add_post_pro_simulation_generate_messages_cpp
[ 18%] Built target actionlib_generate_messages_cpp
[ 18%] Built target moveit_msgs_generate_messages_lisp
[ 18%] Built target rosgraph_msgs_generate_messages_nodejs
[ 18%] Built target visualization_msgs_generate_messages_py
[ 18%] Built target topic_tools_generate_messages_cpp
[ 18%] Built target moveit_msgs_generate_messages_eus
[ 18%] Built target graph_msgs_generate_messages_lisp
[ 18%] Built target moveit_msgs_generate_messages_py
[ 18%] Built target trajectory_msgs_generate_messages_nodejs
[ 18%] Built target moveit_msgs_generate_messages_nodejs
[ 18%] Built target trajectory_msgs_generate_messages_cpp
[ 18%] Built target object_recognition_msgs_generate_messages_cpp
[ 18%] Built target visualization_msgs_generate_messages_eus
[ 18%] Built target nodelet_topic_tools_gencfg
[ 18%] Built target object_recognition_msgs_generate_messages_eus
[ 18%] Built target actionlib_msgs_generate_messages_eus
[ 18%] Built target octomap_msgs_generate_messages_eus
[ 18%] Built target object_recognition_msgs_generate_messages_lisp
[ 18%] Built target object_recognition_msgs_generate_messages_nodejs
[ 18%] Built target octomap_msgs_generate_messages_cpp
[ 18%] Built target octomap_msgs_generate_messages_lisp
[ 18%] Built target actionlib_generate_messages_eus
[ 18%] Built target pcl_sensor_data_generate_messages_cpp
[ 18%] Built target octomap_msgs_generate_messages_py
[ 18%] Built target octomap_msgs_generate_messages_nodejs
[ 18%] Built target tf2_msgs_generate_messages_lisp
[ 18%] Built target graph_msgs_generate_messages_py
[ 18%] Built target bond_generate_messages_nodejs
[ 18%] Built target std_srvs_generate_messages_eus
[ 18%] Built target dynamic_reconfigure_generate_messages_cpp
[ 18%] Built target nodelet_generate_messages_py
[ 18%] Built target std_srvs_generate_messages_nodejs
[ 18%] Built target roscpp_generate_messages_lisp
[ 18%] Built target pcl_sensor_data_generate_messages_eus
[ 18%] Built target std_srvs_generate_messages_lisp
[ 18%] Built target pcl_sensor_data_generate_messages_py
[ 18%] Built target tf2_msgs_generate_messages_cpp
[ 18%] Built target pcl_msgs_generate_messages_eus
[ 18%] Built target pcl_msgs_generate_messages_cpp
[ 18%] Built target dynamic_reconfigure_gencfg
[ 18%] Built target pcl_msgs_generate_messages_nodejs
[ 18%] Built target pcl_msgs_generate_messages_lisp
[ 18%] Built target pcl_msgs_generate_messages_py
[ 18%] Built target moveit_msgs_generate_messages_cpp
[ 18%] Built target graph_msgs_generate_messages_eus
[ 18%] Built target tf2_msgs_generate_messages_nodejs
[ 18%] Built target pcl_ros_gencfg
[ 18%] Built target nodelet_generate_messages_eus
[ 18%] Built target bond_generate_messages_py
[ 18%] Built target bond_generate_messages_lisp
[ 18%] Built target nodelet_generate_messages_cpp
[ 18%] Built target graph_msgs_generate_messages_nodejs
[ 18%] Built target graph_msgs_generate_messages_cpp
[ 18%] Built target topic_tools_generate_messages_eus
[ 18%] Built target bond_generate_messages_eus
[ 20%] Built target object_recognition_msgs_generate_messages_py
[ 38%] Built target add_post_pro_simulation_generate_messages_eus
[ 38%] Built target topic_tools_generate_messages_nodejs
[ 38%] Built target topic_tools_generate_messages_lisp
[ 59%] Built target add_post_pro_simulation_generate_messages_py
[ 77%] Built target add_post_pro_simulation_generate_messages_nodejs
[ 95%] Built target add_post_pro_simulation_generate_messages_lisp
[ 95%] Built target add_post_pro_simulation_generate_messages
[100%] Built target turntable_scanning_demo
