[35m[1mScanning dependencies of target nodelet_generate_messages_nodejs[0m
[  0%] Built target nodelet_generate_messages_nodejs
[35m[1mScanning dependencies of target _add_post_pro_simulation_generate_messages_check_deps_DetectPose[0m
[35m[1mScanning dependencies of target _add_post_pro_simulation_generate_messages_check_deps_APPSpawnCube[0m
[  0%] Built target _add_post_pro_simulation_generate_messages_check_deps_DetectPose
[  0%] Built target _add_post_pro_simulation_generate_messages_check_deps_APPSpawnCube
[35m[1mScanning dependencies of target _add_post_pro_simulation_generate_messages_check_deps_APPSpawnDepowdering[0m
[35m[1mScanning dependencies of target _add_post_pro_simulation_generate_messages_check_deps_ConversionRequest[0m
[  0%] Built target _add_post_pro_simulation_generate_messages_check_deps_APPSpawnDepowdering
[35m[1mScanning dependencies of target _add_post_pro_simulation_generate_messages_check_deps_APPListModels[0m
[  0%] Built target _add_post_pro_simulation_generate_messages_check_deps_ConversionRequest
[35m[1mScanning dependencies of target _add_post_pro_simulation_generate_messages_check_deps_APPSpawnModel[0m
[35m[1mScanning dependencies of target _add_post_pro_simulation_generate_messages_check_deps_APPDeleteModel[0m
[35m[1mScanning dependencies of target _add_post_pro_simulation_generate_messages_check_deps_APPChangeHeight[0m
[35m[1mScanning dependencies of target sensor_msgs_generate_messages_py[0m
[35m[1mScanning dependencies of target geometry_msgs_generate_messages_py[0m
[  0%] Built target _add_post_pro_simulation_generate_messages_check_deps_APPSpawnModel
[  0%] Built target _add_post_pro_simulation_generate_messages_check_deps_APPListModels
[  0%] Built target sensor_msgs_generate_messages_py
[35m[1mScanning dependencies of target _add_post_pro_simulation_generate_messages_check_deps_SurfaceHeight[0m
[  0%] Built target geometry_msgs_generate_messages_py
[  0%] Built target _add_post_pro_simulation_generate_messages_check_deps_APPChangeHeight
[  0%] Built target _add_post_pro_simulation_generate_messages_check_deps_APPDeleteModel
[35m[1mScanning dependencies of target std_msgs_generate_messages_py[0m
[  0%] Built target _add_post_pro_simulation_generate_messages_check_deps_SurfaceHeight
[35m[1mScanning dependencies of target sensor_msgs_generate_messages_eus[0m
[35m[1mScanning dependencies of target geometry_msgs_generate_messages_eus[0m
[  0%] Built target sensor_msgs_generate_messages_eus
[  0%] Built target std_msgs_generate_messages_py
[  0%] Built target geometry_msgs_generate_messages_eus
[35m[1mScanning dependencies of target shape_msgs_generate_messages_lisp[0m
[35m[1mScanning dependencies of target trajectory_msgs_generate_messages_lisp[0m
[35m[1mScanning dependencies of target std_msgs_generate_messages_eus[0m
[  0%] Built target shape_msgs_generate_messages_lisp
[35m[1mScanning dependencies of target actionlib_msgs_generate_messages_lisp[0m
[  0%] Built target trajectory_msgs_generate_messages_lisp
[35m[1mScanning dependencies of target actionlib_msgs_generate_messages_nodejs[0m
[  0%] Built target std_msgs_generate_messages_eus
[  0%] Built target actionlib_msgs_generate_messages_lisp
[35m[1mScanning dependencies of target geometry_msgs_generate_messages_nodejs[0m
[  0%] Built target actionlib_msgs_generate_messages_nodejs
[35m[1mScanning dependencies of target std_msgs_generate_messages_nodejs[0m
[  0%] Built target geometry_msgs_generate_messages_nodejs
[35m[1mScanning dependencies of target sensor_msgs_generate_messages_nodejs[0m
[  0%] Built target std_msgs_generate_messages_nodejs
[35m[1mScanning dependencies of target tf_generate_messages_py[0m
[  0%] Built target sensor_msgs_generate_messages_nodejs
[35m[1mScanning dependencies of target actionlib_generate_messages_py[0m
[  0%] Built target tf_generate_messages_py
[  0%] Built target actionlib_generate_messages_py
[35m[1mScanning dependencies of target actionlib_msgs_generate_messages_cpp[0m
[35m[1mScanning dependencies of target rosgraph_msgs_generate_messages_cpp[0m
[  0%] Built target actionlib_msgs_generate_messages_cpp
[35m[1mScanning dependencies of target tf_generate_messages_lisp[0m
[35m[1mScanning dependencies of target trajectory_msgs_generate_messages_py[0m
[35m[1mScanning dependencies of target pcl_sensor_data_generate_messages_lisp[0m
[  0%] Built target tf_generate_messages_lisp
[  0%] Built target rosgraph_msgs_generate_messages_cpp
[  0%] Built target trajectory_msgs_generate_messages_py
[35m[1mScanning dependencies of target tf_generate_messages_cpp[0m
[35m[1mScanning dependencies of target shape_msgs_generate_messages_eus[0m
[  0%] Built target pcl_sensor_data_generate_messages_lisp
[35m[1mScanning dependencies of target roscpp_generate_messages_nodejs[0m
[35m[1mScanning dependencies of target geometry_msgs_generate_messages_lisp[0m
[35m[1mScanning dependencies of target dynamic_reconfigure_generate_messages_lisp[0m
[  0%] Built target shape_msgs_generate_messages_eus
[  0%] Built target tf_generate_messages_cpp
[35m[1mScanning dependencies of target tf_generate_messages_eus[0m
[35m[1mScanning dependencies of target visualization_msgs_generate_messages_cpp[0m
[35m[1mScanning dependencies of target rosgraph_msgs_generate_messages_lisp[0m
[  0%] Built target roscpp_generate_messages_nodejs
[35m[1mScanning dependencies of target visualization_msgs_generate_messages_lisp[0m
[  0%] Built target dynamic_reconfigure_generate_messages_lisp
[  0%] Built target geometry_msgs_generate_messages_lisp
[35m[1mScanning dependencies of target dynamic_reconfigure_generate_messages_eus[0m
[35m[1mScanning dependencies of target std_msgs_generate_messages_cpp[0m
[35m[1mScanning dependencies of target pcl_sensor_data_generate_messages_nodejs[0m
[35m[1mScanning dependencies of target tf2_msgs_generate_messages_py[0m
[  0%] Built target visualization_msgs_generate_messages_lisp
[35m[1mScanning dependencies of target dynamic_reconfigure_generate_messages_nodejs[0m
[  0%] Built target dynamic_reconfigure_generate_messages_eus
[  0%] Built target tf_generate_messages_eus
[  0%] Built target visualization_msgs_generate_messages_cpp
[  0%] Built target std_msgs_generate_messages_cpp
[  0%] Built target rosgraph_msgs_generate_messages_lisp
[  0%] Built target tf2_msgs_generate_messages_py
[  0%] Built target dynamic_reconfigure_generate_messages_nodejs
[  0%] Built target pcl_sensor_data_generate_messages_nodejs
[35m[1mScanning dependencies of target geometry_msgs_generate_messages_cpp[0m
[35m[1mScanning dependencies of target bond_generate_messages_cpp[0m
[35m[1mScanning dependencies of target visualization_msgs_generate_messages_nodejs[0m
[35m[1mScanning dependencies of target shape_msgs_generate_messages_nodejs[0m
[35m[1mScanning dependencies of target rosgraph_msgs_generate_messages_py[0m
[35m[1mScanning dependencies of target sensor_msgs_generate_messages_lisp[0m
[35m[1mScanning dependencies of target shape_msgs_generate_messages_cpp[0m
[35m[1mScanning dependencies of target std_msgs_generate_messages_lisp[0m
[35m[1mScanning dependencies of target actionlib_generate_messages_lisp[0m
[35m[1mScanning dependencies of target moveit_ros_manipulation_gencfg[0m
[35m[1mScanning dependencies of target nodelet_generate_messages_lisp[0m
[35m[1mScanning dependencies of target tf2_msgs_generate_messages_eus[0m
[  0%] Built target sensor_msgs_generate_messages_lisp
[  0%] Built target std_msgs_generate_messages_lisp
[  0%] Built target shape_msgs_generate_messages_nodejs
[  0%] Built target shape_msgs_generate_messages_cpp
[  0%] Built target visualization_msgs_generate_messages_nodejs
[  0%] Built target rosgraph_msgs_generate_messages_py
[  0%] Built target geometry_msgs_generate_messages_cpp
[  0%] Built target actionlib_generate_messages_lisp
[  0%] Built target bond_generate_messages_cpp
[  0%] Built target moveit_ros_manipulation_gencfg
[  0%] Built target tf2_msgs_generate_messages_eus
[  0%] Built target nodelet_generate_messages_lisp
[35m[1mScanning dependencies of target sensor_msgs_generate_messages_cpp[0m
[35m[1mScanning dependencies of target std_srvs_generate_messages_cpp[0m
[35m[1mScanning dependencies of target roscpp_generate_messages_eus[0m
[35m[1mScanning dependencies of target roscpp_generate_messages_cpp[0m
[35m[1mScanning dependencies of target trajectory_msgs_generate_messages_eus[0m
[35m[1mScanning dependencies of target shape_msgs_generate_messages_py[0m
[35m[1mScanning dependencies of target tf_generate_messages_nodejs[0m
[  0%] Built target sensor_msgs_generate_messages_cpp
[35m[1mScanning dependencies of target topic_tools_generate_messages_py[0m
[35m[1mScanning dependencies of target rosgraph_msgs_generate_messages_eus[0m
[35m[1mScanning dependencies of target roscpp_generate_messages_py[0m
[35m[1mScanning dependencies of target moveit_ros_planning_gencfg[0m
[  0%] Built target std_srvs_generate_messages_cpp
[  0%] Built target roscpp_generate_messages_eus
[  0%] Built target trajectory_msgs_generate_messages_eus
[  0%] Built target shape_msgs_generate_messages_py
[  0%] Built target roscpp_generate_messages_py
[  0%] Built target moveit_ros_planning_gencfg
[  0%] Built target topic_tools_generate_messages_py
[  0%] Built target rosgraph_msgs_generate_messages_eus
[  0%] Built target roscpp_generate_messages_cpp
[35m[1mScanning dependencies of target actionlib_generate_messages_nodejs[0m
[35m[1mScanning dependencies of target std_srvs_generate_messages_py[0m
[35m[1mScanning dependencies of target dynamic_reconfigure_generate_messages_py[0m
[  0%] Built target tf_generate_messages_nodejs
[35m[1mScanning dependencies of target moveit_msgs_generate_messages_lisp[0m
[35m[1mScanning dependencies of target actionlib_msgs_generate_messages_py[0m
[35m[1mScanning dependencies of target visualization_msgs_generate_messages_py[0m
[35m[1mScanning dependencies of target actionlib_generate_messages_cpp[0m
[35m[1mScanning dependencies of target rosgraph_msgs_generate_messages_nodejs[0m
[35m[1mScanning dependencies of target add_post_pro_simulation_generate_messages_cpp[0m
[35m[1mScanning dependencies of target topic_tools_generate_messages_cpp[0m
[  0%] Built target actionlib_generate_messages_nodejs
[35m[1mScanning dependencies of target moveit_msgs_generate_messages_eus[0m
[  0%] Built target std_srvs_generate_messages_py
[  0%] Built target dynamic_reconfigure_generate_messages_py
[  0%] Built target moveit_msgs_generate_messages_lisp
[35m[1mScanning dependencies of target moveit_msgs_generate_messages_nodejs[0m
[  0%] Built target visualization_msgs_generate_messages_py
[  0%] Built target actionlib_msgs_generate_messages_py
[  2%] [34m[1mGenerating C++ code from add_post_pro_simulation/APPSpawnModel.srv[0m
[  2%] Built target actionlib_generate_messages_cpp
[  4%] [34m[1mGenerating C++ code from add_post_pro_simulation/APPChangeHeight.srv[0m
[  4%] Built target rosgraph_msgs_generate_messages_nodejs
[  6%] [34m[1mGenerating C++ code from add_post_pro_simulation/APPDeleteModel.srv[0m
[  6%] Built target moveit_msgs_generate_messages_nodejs
[35m[1mScanning dependencies of target graph_msgs_generate_messages_lisp[0m
[35m[1mScanning dependencies of target moveit_msgs_generate_messages_py[0m
[  6%] Built target topic_tools_generate_messages_cpp
[  8%] [34m[1mGenerating C++ code from add_post_pro_simulation/APPListModels.srv[0m
[  8%] Built target moveit_msgs_generate_messages_eus
[35m[1mScanning dependencies of target trajectory_msgs_generate_messages_cpp[0m
[35m[1mScanning dependencies of target trajectory_msgs_generate_messages_nodejs[0m
[ 10%] [34m[1mGenerating C++ code from add_post_pro_simulation/ConversionRequest.srv[0m
[35m[1mScanning dependencies of target object_recognition_msgs_generate_messages_cpp[0m
[ 10%] Built target graph_msgs_generate_messages_lisp
[ 10%] Built target trajectory_msgs_generate_messages_cpp
[ 10%] Built target moveit_msgs_generate_messages_py
[ 10%] Built target trajectory_msgs_generate_messages_nodejs
[ 10%] Built target object_recognition_msgs_generate_messages_cpp
[35m[1mScanning dependencies of target visualization_msgs_generate_messages_eus[0m
[35m[1mScanning dependencies of target object_recognition_msgs_generate_messages_eus[0m
[35m[1mScanning dependencies of target nodelet_topic_tools_gencfg[0m
[ 10%] Built target visualization_msgs_generate_messages_eus
[35m[1mScanning dependencies of target octomap_msgs_generate_messages_eus[0m
[35m[1mScanning dependencies of target object_recognition_msgs_generate_messages_lisp[0m
[ 10%] Built target object_recognition_msgs_generate_messages_eus
[ 10%] Built target object_recognition_msgs_generate_messages_lisp
[ 10%] Built target octomap_msgs_generate_messages_eus
[ 12%] [34m[1mGenerating C++ code from add_post_pro_simulation/APPSpawnDepowdering.srv[0m
[ 12%] Built target nodelet_topic_tools_gencfg
[ 14%] [34m[1mGenerating C++ code from add_post_pro_simulation/APPSpawnCube.srv[0m
[35m[1mScanning dependencies of target actionlib_msgs_generate_messages_eus[0m
[ 14%] Built target actionlib_msgs_generate_messages_eus
[ 16%] [34m[1mGenerating C++ code from add_post_pro_simulation/SurfaceHeight.srv[0m
[35m[1mScanning dependencies of target object_recognition_msgs_generate_messages_nodejs[0m
[ 18%] [34m[1mGenerating C++ code from add_post_pro_simulation/DetectPose.srv[0m
[ 18%] Built target object_recognition_msgs_generate_messages_nodejs
[35m[1mScanning dependencies of target octomap_msgs_generate_messages_cpp[0m
[ 18%] Built target octomap_msgs_generate_messages_cpp
[35m[1mScanning dependencies of target octomap_msgs_generate_messages_lisp[0m
[35m[1mScanning dependencies of target pcl_sensor_data_generate_messages_cpp[0m
[ 18%] Built target pcl_sensor_data_generate_messages_cpp
[35m[1mScanning dependencies of target actionlib_generate_messages_eus[0m
[ 18%] Built target octomap_msgs_generate_messages_lisp
[ 18%] Built target actionlib_generate_messages_eus
[35m[1mScanning dependencies of target octomap_msgs_generate_messages_nodejs[0m
[35m[1mScanning dependencies of target tf2_msgs_generate_messages_lisp[0m
[ 18%] Built target octomap_msgs_generate_messages_nodejs
[ 18%] Built target tf2_msgs_generate_messages_lisp
[35m[1mScanning dependencies of target octomap_msgs_generate_messages_py[0m
[35m[1mScanning dependencies of target bond_generate_messages_nodejs[0m
[ 18%] Built target octomap_msgs_generate_messages_py
[35m[1mScanning dependencies of target graph_msgs_generate_messages_py[0m
[ 18%] Built target bond_generate_messages_nodejs
[ 18%] Built target add_post_pro_simulation_generate_messages_cpp
[ 18%] Built target graph_msgs_generate_messages_py
[35m[1mScanning dependencies of target dynamic_reconfigure_generate_messages_cpp[0m
[ 18%] Built target dynamic_reconfigure_generate_messages_cpp
[35m[1mScanning dependencies of target std_srvs_generate_messages_eus[0m
[ 18%] Built target std_srvs_generate_messages_eus
[35m[1mScanning dependencies of target roscpp_generate_messages_lisp[0m
[ 18%] Built target roscpp_generate_messages_lisp
[35m[1mScanning dependencies of target std_srvs_generate_messages_lisp[0m
[ 18%] Built target std_srvs_generate_messages_lisp
[35m[1mScanning dependencies of target std_srvs_generate_messages_nodejs[0m
[ 18%] Built target std_srvs_generate_messages_nodejs
[35m[1mScanning dependencies of target nodelet_generate_messages_py[0m
[ 18%] Built target nodelet_generate_messages_py
[35m[1mScanning dependencies of target pcl_sensor_data_generate_messages_eus[0m
[ 18%] Built target pcl_sensor_data_generate_messages_eus
[35m[1mScanning dependencies of target tf2_msgs_generate_messages_cpp[0m
[ 18%] Built target tf2_msgs_generate_messages_cpp
[35m[1mScanning dependencies of target pcl_sensor_data_generate_messages_py[0m
[ 18%] Built target pcl_sensor_data_generate_messages_py
[35m[1mScanning dependencies of target dynamic_reconfigure_gencfg[0m
[ 18%] Built target dynamic_reconfigure_gencfg
[35m[1mScanning dependencies of target pcl_msgs_generate_messages_cpp[0m
[ 18%] Built target pcl_msgs_generate_messages_cpp
[35m[1mScanning dependencies of target pcl_msgs_generate_messages_eus[0m
[ 18%] Built target pcl_msgs_generate_messages_eus
[35m[1mScanning dependencies of target pcl_msgs_generate_messages_lisp[0m
[ 18%] Built target pcl_msgs_generate_messages_lisp
[35m[1mScanning dependencies of target pcl_msgs_generate_messages_nodejs[0m
[ 18%] Built target pcl_msgs_generate_messages_nodejs
[35m[1mScanning dependencies of target moveit_msgs_generate_messages_cpp[0m
[ 18%] Built target moveit_msgs_generate_messages_cpp
[35m[1mScanning dependencies of target pcl_msgs_generate_messages_py[0m
[ 18%] Built target pcl_msgs_generate_messages_py
[35m[1mScanning dependencies of target graph_msgs_generate_messages_eus[0m
[ 18%] Built target graph_msgs_generate_messages_eus
[35m[1mScanning dependencies of target pcl_ros_gencfg[0m
[ 18%] Built target pcl_ros_gencfg
[35m[1mScanning dependencies of target tf2_msgs_generate_messages_nodejs[0m
[ 18%] Built target tf2_msgs_generate_messages_nodejs
[35m[1mScanning dependencies of target nodelet_generate_messages_cpp[0m
[ 18%] Built target nodelet_generate_messages_cpp
[35m[1mScanning dependencies of target nodelet_generate_messages_eus[0m
[ 18%] Built target nodelet_generate_messages_eus
[35m[1mScanning dependencies of target graph_msgs_generate_messages_nodejs[0m
[ 18%] Built target graph_msgs_generate_messages_nodejs
[35m[1mScanning dependencies of target bond_generate_messages_eus[0m
[ 18%] Built target bond_generate_messages_eus
[35m[1mScanning dependencies of target bond_generate_messages_lisp[0m
[ 18%] Built target bond_generate_messages_lisp
[35m[1mScanning dependencies of target bond_generate_messages_py[0m
[ 18%] Built target bond_generate_messages_py
[35m[1mScanning dependencies of target topic_tools_generate_messages_eus[0m
[ 18%] Built target topic_tools_generate_messages_eus
[35m[1mScanning dependencies of target graph_msgs_generate_messages_cpp[0m
[ 18%] Built target graph_msgs_generate_messages_cpp
[35m[1mScanning dependencies of target topic_tools_generate_messages_nodejs[0m
[ 18%] Built target topic_tools_generate_messages_nodejs
[35m[1mScanning dependencies of target topic_tools_generate_messages_lisp[0m
[ 18%] Built target topic_tools_generate_messages_lisp
[35m[1mScanning dependencies of target object_recognition_msgs_generate_messages_py[0m
[ 18%] Built target object_recognition_msgs_generate_messages_py
[35m[1mScanning dependencies of target add_post_pro_simulation_generate_messages_py[0m
[ 20%] [34m[1mGenerating Python code from SRV add_post_pro_simulation/APPChangeHeight[0m
[ 22%] [34m[1mGenerating Python code from SRV add_post_pro_simulation/APPSpawnModel[0m
[ 24%] [34m[1mGenerating Python code from SRV add_post_pro_simulation/APPDeleteModel[0m
[ 26%] [34m[1mGenerating Python code from SRV add_post_pro_simulation/APPListModels[0m
[ 28%] [34m[1mGenerating Python code from SRV add_post_pro_simulation/ConversionRequest[0m
[ 30%] [34m[1mGenerating Python code from SRV add_post_pro_simulation/APPSpawnDepowdering[0m
[ 32%] [34m[1mGenerating Python code from SRV add_post_pro_simulation/APPSpawnCube[0m
[ 34%] [34m[1mGenerating Python code from SRV add_post_pro_simulation/SurfaceHeight[0m
[ 36%] [34m[1mGenerating Python code from SRV add_post_pro_simulation/DetectPose[0m
[ 38%] [34m[1mGenerating Python srv __init__.py for add_post_pro_simulation[0m
[ 38%] Built target add_post_pro_simulation_generate_messages_py
[35m[1mScanning dependencies of target add_post_pro_simulation_generate_messages_eus[0m
[ 40%] [34m[1mGenerating EusLisp code from add_post_pro_simulation/APPChangeHeight.srv[0m
[ 42%] [34m[1mGenerating EusLisp code from add_post_pro_simulation/APPSpawnModel.srv[0m
[35m[1mScanning dependencies of target add_post_pro_simulation_generate_messages_nodejs[0m
[ 44%] [34m[1mGenerating Javascript code from add_post_pro_simulation/APPChangeHeight.srv[0m
[ 46%] [34m[1mGenerating EusLisp code from add_post_pro_simulation/APPDeleteModel.srv[0m
[ 51%] [34m[1mGenerating Javascript code from add_post_pro_simulation/APPSpawnModel.srv[0m
[ 51%] [34m[1mGenerating EusLisp code from add_post_pro_simulation/APPListModels.srv[0m
[ 53%] [34m[1mGenerating Javascript code from add_post_pro_simulation/APPDeleteModel.srv[0m
[35m[1mScanning dependencies of target add_post_pro_simulation_generate_messages_lisp[0m
[ 55%] [34m[1mGenerating Javascript code from add_post_pro_simulation/APPListModels.srv[0m
[ 57%] [34m[1mGenerating Lisp code from add_post_pro_simulation/APPChangeHeight.srv[0m
[ 59%] [34m[1mGenerating EusLisp code from add_post_pro_simulation/ConversionRequest.srv[0m
[ 61%] [34m[1mGenerating EusLisp code from add_post_pro_simulation/APPSpawnDepowdering.srv[0m
[ 63%] [34m[1mGenerating Javascript code from add_post_pro_simulation/ConversionRequest.srv[0m
[ 65%] [34m[1mGenerating Lisp code from add_post_pro_simulation/APPSpawnModel.srv[0m
[ 67%] [34m[1mGenerating Lisp code from add_post_pro_simulation/APPDeleteModel.srv[0m
[ 69%] [34m[1mGenerating Javascript code from add_post_pro_simulation/APPSpawnDepowdering.srv[0m
[ 71%] [34m[1mGenerating Javascript code from add_post_pro_simulation/APPSpawnCube.srv[0m
[ 75%] [34m[1mGenerating EusLisp code from add_post_pro_simulation/APPSpawnCube.srv[0m
[ 75%] [34m[1mGenerating Javascript code from add_post_pro_simulation/SurfaceHeight.srv[0m
[ 77%] [34m[1mGenerating Lisp code from add_post_pro_simulation/APPListModels.srv[0m
[ 79%] [34m[1mGenerating Javascript code from add_post_pro_simulation/DetectPose.srv[0m
[ 81%] [34m[1mGenerating Lisp code from add_post_pro_simulation/ConversionRequest.srv[0m
[ 83%] [34m[1mGenerating Lisp code from add_post_pro_simulation/APPSpawnDepowdering.srv[0m
[ 85%] [34m[1mGenerating Lisp code from add_post_pro_simulation/APPSpawnCube.srv[0m
[ 87%] [34m[1mGenerating EusLisp code from add_post_pro_simulation/SurfaceHeight.srv[0m
[ 87%] Built target add_post_pro_simulation_generate_messages_nodejs
[ 89%] [34m[1mGenerating EusLisp code from add_post_pro_simulation/DetectPose.srv[0m
[ 91%] [34m[1mGenerating Lisp code from add_post_pro_simulation/SurfaceHeight.srv[0m
[ 93%] [34m[1mGenerating Lisp code from add_post_pro_simulation/DetectPose.srv[0m
[ 95%] [34m[1mGenerating EusLisp manifest code for add_post_pro_simulation[0m
[ 95%] Built target add_post_pro_simulation_generate_messages_lisp
[ 95%] Built target add_post_pro_simulation_generate_messages_eus
[35m[1mScanning dependencies of target add_post_pro_simulation_generate_messages[0m
[35m[1mScanning dependencies of target turntable_scanning_demo[0m
[ 95%] Built target add_post_pro_simulation_generate_messages
[ 97%] [32mBuilding CXX object CMakeFiles/turntable_scanning_demo.dir/src/turntable_scanning_demo.cpp.o[0m
[100%] [32m[1mLinking CXX executable /home/cerlab/depowdering_ws/devel/.private/add_post_pro_simulation/lib/add_post_pro_simulation/turntable_scanning_demo[0m
[100%] Built target turntable_scanning_demo
