[35m[1mScanning dependencies of target _micro_epsilon_scancontrol_msgs_generate_messages_check_deps_GetFeature[0m
[35m[1mScanning dependencies of target _micro_epsilon_scancontrol_msgs_generate_messages_check_deps_GetAvailableResolutions[0m
[35m[1mScanning dependencies of target std_msgs_generate_messages_nodejs[0m
[35m[1mScanning dependencies of target std_msgs_generate_messages_lisp[0m
[35m[1mScanning dependencies of target _micro_epsilon_scancontrol_msgs_generate_messages_check_deps_SetFeature[0m
[35m[1mScanning dependencies of target std_msgs_generate_messages_cpp[0m
[35m[1mScanning dependencies of target _micro_epsilon_scancontrol_msgs_generate_messages_check_deps_SetResolution[0m
[35m[1mScanning dependencies of target std_msgs_generate_messages_py[0m
[35m[1mScanning dependencies of target std_msgs_generate_messages_eus[0m
[35m[1mScanning dependencies of target _micro_epsilon_scancontrol_msgs_generate_messages_check_deps_GetResolution[0m
[  0%] Built target std_msgs_generate_messages_nodejs
[  0%] Built target std_msgs_generate_messages_lisp
[  0%] Built target std_msgs_generate_messages_py
[  0%] Built target std_msgs_generate_messages_cpp
[  0%] Built target std_msgs_generate_messages_eus
[  0%] Built target _micro_epsilon_scancontrol_msgs_generate_messages_check_deps_GetAvailableResolutions
[  0%] Built target _micro_epsilon_scancontrol_msgs_generate_messages_check_deps_SetFeature
[  0%] Built target _micro_epsilon_scancontrol_msgs_generate_messages_check_deps_GetResolution
[  0%] Built target _micro_epsilon_scancontrol_msgs_generate_messages_check_deps_SetResolution
[  0%] Built target _micro_epsilon_scancontrol_msgs_generate_messages_check_deps_GetFeature
[35m[1mScanning dependencies of target micro_epsilon_scancontrol_msgs_generate_messages_nodejs[0m
[35m[1mScanning dependencies of target micro_epsilon_scancontrol_msgs_generate_messages_cpp[0m
[35m[1mScanning dependencies of target micro_epsilon_scancontrol_msgs_generate_messages_lisp[0m
[35m[1mScanning dependencies of target micro_epsilon_scancontrol_msgs_generate_messages_eus[0m
[35m[1mScanning dependencies of target micro_epsilon_scancontrol_msgs_generate_messages_py[0m
[ 11%] [34m[1mGenerating C++ code from micro_epsilon_scancontrol_msgs/SetResolution.srv[0m
[ 11%] [34m[1mGenerating Javascript code from micro_epsilon_scancontrol_msgs/GetResolution.srv[0m
[ 11%] [34m[1mGenerating Javascript code from micro_epsilon_scancontrol_msgs/GetFeature.srv[0m
[ 25%] [34m[1mGenerating Javascript code from micro_epsilon_scancontrol_msgs/GetAvailableResolutions.srv[0m
[ 25%] [34m[1mGenerating Lisp code from micro_epsilon_scancontrol_msgs/SetResolution.srv[0m
[ 29%] [34m[1mGenerating Javascript code from micro_epsilon_scancontrol_msgs/SetFeature.srv[0m
[ 29%] [34m[1mGenerating C++ code from micro_epsilon_scancontrol_msgs/GetAvailableResolutions.srv[0m
[ 29%] [34m[1mGenerating Lisp code from micro_epsilon_scancontrol_msgs/GetAvailableResolutions.srv[0m
[ 33%] [34m[1mGenerating Javascript code from micro_epsilon_scancontrol_msgs/SetResolution.srv[0m
[ 37%] [34m[1mGenerating Python code from SRV micro_epsilon_scancontrol_msgs/GetAvailableResolutions[0m
[ 40%] [34m[1mGenerating EusLisp code from micro_epsilon_scancontrol_msgs/GetAvailableResolutions.srv[0m
[ 48%] [34m[1mGenerating EusLisp code from micro_epsilon_scancontrol_msgs/SetResolution.srv[0m
[ 48%] [34m[1mGenerating Lisp code from micro_epsilon_scancontrol_msgs/GetResolution.srv[0m
[ 51%] [34m[1mGenerating EusLisp code from micro_epsilon_scancontrol_msgs/GetResolution.srv[0m
[ 62%] [34m[1mGenerating EusLisp code from micro_epsilon_scancontrol_msgs/SetFeature.srv[0m
[ 62%] [34m[1mGenerating Python code from SRV micro_epsilon_scancontrol_msgs/SetResolution[0m
[ 62%] [34m[1mGenerating C++ code from micro_epsilon_scancontrol_msgs/GetResolution.srv[0m
[ 62%] Built target micro_epsilon_scancontrol_msgs_generate_messages_nodejs
[ 66%] [34m[1mGenerating C++ code from micro_epsilon_scancontrol_msgs/SetFeature.srv[0m
[ 70%] [34m[1mGenerating EusLisp code from micro_epsilon_scancontrol_msgs/GetFeature.srv[0m
[ 74%] [34m[1mGenerating Lisp code from micro_epsilon_scancontrol_msgs/SetFeature.srv[0m
[ 77%] [34m[1mGenerating Python code from SRV micro_epsilon_scancontrol_msgs/GetResolution[0m
[ 81%] [34m[1mGenerating EusLisp manifest code for micro_epsilon_scancontrol_msgs[0m
[ 85%] [34m[1mGenerating Python code from SRV micro_epsilon_scancontrol_msgs/SetFeature[0m
[ 88%] [34m[1mGenerating C++ code from micro_epsilon_scancontrol_msgs/GetFeature.srv[0m
[ 96%] [34m[1mGenerating Lisp code from micro_epsilon_scancontrol_msgs/GetFeature.srv[0m
[ 96%] [34m[1mGenerating Python code from SRV micro_epsilon_scancontrol_msgs/GetFeature[0m
[ 96%] Built target micro_epsilon_scancontrol_msgs_generate_messages_lisp
[100%] [34m[1mGenerating Python srv __init__.py for micro_epsilon_scancontrol_msgs[0m
[100%] Built target micro_epsilon_scancontrol_msgs_generate_messages_cpp
[100%] Built target micro_epsilon_scancontrol_msgs_generate_messages_py
[100%] Built target micro_epsilon_scancontrol_msgs_generate_messages_eus
[35m[1mScanning dependencies of target micro_epsilon_scancontrol_msgs_generate_messages[0m
[100%] Built target micro_epsilon_scancontrol_msgs_generate_messages
