Linked: (/home/cerlab/depowdering_ws/devel/.private/micro_epsilon_scancontrol_msgs/lib/python3/dist-packages/micro_epsilon_scancontrol_msgs/__init__.py, /home/cerlab/depowdering_ws/devel/lib/python3/dist-packages/micro_epsilon_scancontrol_msgs/__init__.py)
Linked: (/home/cerlab/depowdering_ws/devel/.private/micro_epsilon_scancontrol_msgs/lib/python3/dist-packages/micro_epsilon_scancontrol_msgs/srv/_GetAvailableResolutions.py, /home/cerlab/depowdering_ws/devel/lib/python3/dist-packages/micro_epsilon_scancontrol_msgs/srv/_GetAvailableResolutions.py)
Linked: (/home/cerlab/depowdering_ws/devel/.private/micro_epsilon_scancontrol_msgs/lib/python3/dist-packages/micro_epsilon_scancontrol_msgs/srv/_SetResolution.py, /home/cerlab/depowdering_ws/devel/lib/python3/dist-packages/micro_epsilon_scancontrol_msgs/srv/_SetResolution.py)
Linked: (/home/cerlab/depowdering_ws/devel/.private/micro_epsilon_scancontrol_msgs/lib/python3/dist-packages/micro_epsilon_scancontrol_msgs/srv/__init__.py, /home/cerlab/depowdering_ws/devel/lib/python3/dist-packages/micro_epsilon_scancontrol_msgs/srv/__init__.py)
Linked: (/home/cerlab/depowdering_ws/devel/.private/micro_epsilon_scancontrol_msgs/lib/python3/dist-packages/micro_epsilon_scancontrol_msgs/srv/_GetFeature.py, /home/cerlab/depowdering_ws/devel/lib/python3/dist-packages/micro_epsilon_scancontrol_msgs/srv/_GetFeature.py)
Linked: (/home/cerlab/depowdering_ws/devel/.private/micro_epsilon_scancontrol_msgs/lib/python3/dist-packages/micro_epsilon_scancontrol_msgs/srv/_SetFeature.py, /home/cerlab/depowdering_ws/devel/lib/python3/dist-packages/micro_epsilon_scancontrol_msgs/srv/_SetFeature.py)
Linked: (/home/cerlab/depowdering_ws/devel/.private/micro_epsilon_scancontrol_msgs/lib/python3/dist-packages/micro_epsilon_scancontrol_msgs/srv/_GetResolution.py, /home/cerlab/depowdering_ws/devel/lib/python3/dist-packages/micro_epsilon_scancontrol_msgs/srv/_GetResolution.py)
Linked: (/home/cerlab/depowdering_ws/devel/.private/micro_epsilon_scancontrol_msgs/lib/pkgconfig/micro_epsilon_scancontrol_msgs.pc, /home/cerlab/depowdering_ws/devel/lib/pkgconfig/micro_epsilon_scancontrol_msgs.pc)
Linked: (/home/cerlab/depowdering_ws/devel/.private/micro_epsilon_scancontrol_msgs/include/micro_epsilon_scancontrol_msgs/GetFeature.h, /home/cerlab/depowdering_ws/devel/include/micro_epsilon_scancontrol_msgs/GetFeature.h)
Linked: (/home/cerlab/depowdering_ws/devel/.private/micro_epsilon_scancontrol_msgs/include/micro_epsilon_scancontrol_msgs/SetResolutionRequest.h, /home/cerlab/depowdering_ws/devel/include/micro_epsilon_scancontrol_msgs/SetResolutionRequest.h)
Linked: (/home/cerlab/depowdering_ws/devel/.private/micro_epsilon_scancontrol_msgs/include/micro_epsilon_scancontrol_msgs/GetFeatureResponse.h, /home/cerlab/depowdering_ws/devel/include/micro_epsilon_scancontrol_msgs/GetFeatureResponse.h)
Linked: (/home/cerlab/depowdering_ws/devel/.private/micro_epsilon_scancontrol_msgs/include/micro_epsilon_scancontrol_msgs/GetAvailableResolutionsResponse.h, /home/cerlab/depowdering_ws/devel/include/micro_epsilon_scancontrol_msgs/GetAvailableResolutionsResponse.h)
Linked: (/home/cerlab/depowdering_ws/devel/.private/micro_epsilon_scancontrol_msgs/include/micro_epsilon_scancontrol_msgs/SetFeatureResponse.h, /home/cerlab/depowdering_ws/devel/include/micro_epsilon_scancontrol_msgs/SetFeatureResponse.h)
Linked: (/home/cerlab/depowdering_ws/devel/.private/micro_epsilon_scancontrol_msgs/include/micro_epsilon_scancontrol_msgs/GetResolutionRequest.h, /home/cerlab/depowdering_ws/devel/include/micro_epsilon_scancontrol_msgs/GetResolutionRequest.h)
Linked: (/home/cerlab/depowdering_ws/devel/.private/micro_epsilon_scancontrol_msgs/include/micro_epsilon_scancontrol_msgs/SetResolution.h, /home/cerlab/depowdering_ws/devel/include/micro_epsilon_scancontrol_msgs/SetResolution.h)
Linked: (/home/cerlab/depowdering_ws/devel/.private/micro_epsilon_scancontrol_msgs/include/micro_epsilon_scancontrol_msgs/SetFeatureRequest.h, /home/cerlab/depowdering_ws/devel/include/micro_epsilon_scancontrol_msgs/SetFeatureRequest.h)
Linked: (/home/cerlab/depowdering_ws/devel/.private/micro_epsilon_scancontrol_msgs/include/micro_epsilon_scancontrol_msgs/GetResolutionResponse.h, /home/cerlab/depowdering_ws/devel/include/micro_epsilon_scancontrol_msgs/GetResolutionResponse.h)
Linked: (/home/cerlab/depowdering_ws/devel/.private/micro_epsilon_scancontrol_msgs/include/micro_epsilon_scancontrol_msgs/GetAvailableResolutions.h, /home/cerlab/depowdering_ws/devel/include/micro_epsilon_scancontrol_msgs/GetAvailableResolutions.h)
Linked: (/home/cerlab/depowdering_ws/devel/.private/micro_epsilon_scancontrol_msgs/include/micro_epsilon_scancontrol_msgs/GetResolution.h, /home/cerlab/depowdering_ws/devel/include/micro_epsilon_scancontrol_msgs/GetResolution.h)
Linked: (/home/cerlab/depowdering_ws/devel/.private/micro_epsilon_scancontrol_msgs/include/micro_epsilon_scancontrol_msgs/GetFeatureRequest.h, /home/cerlab/depowdering_ws/devel/include/micro_epsilon_scancontrol_msgs/GetFeatureRequest.h)
Linked: (/home/cerlab/depowdering_ws/devel/.private/micro_epsilon_scancontrol_msgs/include/micro_epsilon_scancontrol_msgs/SetFeature.h, /home/cerlab/depowdering_ws/devel/include/micro_epsilon_scancontrol_msgs/SetFeature.h)
Linked: (/home/cerlab/depowdering_ws/devel/.private/micro_epsilon_scancontrol_msgs/include/micro_epsilon_scancontrol_msgs/GetAvailableResolutionsRequest.h, /home/cerlab/depowdering_ws/devel/include/micro_epsilon_scancontrol_msgs/GetAvailableResolutionsRequest.h)
Linked: (/home/cerlab/depowdering_ws/devel/.private/micro_epsilon_scancontrol_msgs/include/micro_epsilon_scancontrol_msgs/SetResolutionResponse.h, /home/cerlab/depowdering_ws/devel/include/micro_epsilon_scancontrol_msgs/SetResolutionResponse.h)
Linked: (/home/cerlab/depowdering_ws/devel/.private/micro_epsilon_scancontrol_msgs/share/common-lisp/ros/micro_epsilon_scancontrol_msgs/srv/_package_GetResolution.lisp, /home/cerlab/depowdering_ws/devel/share/common-lisp/ros/micro_epsilon_scancontrol_msgs/srv/_package_GetResolution.lisp)
Linked: (/home/cerlab/depowdering_ws/devel/.private/micro_epsilon_scancontrol_msgs/share/common-lisp/ros/micro_epsilon_scancontrol_msgs/srv/GetFeature.lisp, /home/cerlab/depowdering_ws/devel/share/common-lisp/ros/micro_epsilon_scancontrol_msgs/srv/GetFeature.lisp)
Linked: (/home/cerlab/depowdering_ws/devel/.private/micro_epsilon_scancontrol_msgs/share/common-lisp/ros/micro_epsilon_scancontrol_msgs/srv/SetFeature.lisp, /home/cerlab/depowdering_ws/devel/share/common-lisp/ros/micro_epsilon_scancontrol_msgs/srv/SetFeature.lisp)
Linked: (/home/cerlab/depowdering_ws/devel/.private/micro_epsilon_scancontrol_msgs/share/common-lisp/ros/micro_epsilon_scancontrol_msgs/srv/_package.lisp, /home/cerlab/depowdering_ws/devel/share/common-lisp/ros/micro_epsilon_scancontrol_msgs/srv/_package.lisp)
Linked: (/home/cerlab/depowdering_ws/devel/.private/micro_epsilon_scancontrol_msgs/share/common-lisp/ros/micro_epsilon_scancontrol_msgs/srv/_package_SetResolution.lisp, /home/cerlab/depowdering_ws/devel/share/common-lisp/ros/micro_epsilon_scancontrol_msgs/srv/_package_SetResolution.lisp)
Linked: (/home/cerlab/depowdering_ws/devel/.private/micro_epsilon_scancontrol_msgs/share/common-lisp/ros/micro_epsilon_scancontrol_msgs/srv/GetResolution.lisp, /home/cerlab/depowdering_ws/devel/share/common-lisp/ros/micro_epsilon_scancontrol_msgs/srv/GetResolution.lisp)
Linked: (/home/cerlab/depowdering_ws/devel/.private/micro_epsilon_scancontrol_msgs/share/common-lisp/ros/micro_epsilon_scancontrol_msgs/srv/micro_epsilon_scancontrol_msgs-srv.asd, /home/cerlab/depowdering_ws/devel/share/common-lisp/ros/micro_epsilon_scancontrol_msgs/srv/micro_epsilon_scancontrol_msgs-srv.asd)
Linked: (/home/cerlab/depowdering_ws/devel/.private/micro_epsilon_scancontrol_msgs/share/common-lisp/ros/micro_epsilon_scancontrol_msgs/srv/GetAvailableResolutions.lisp, /home/cerlab/depowdering_ws/devel/share/common-lisp/ros/micro_epsilon_scancontrol_msgs/srv/GetAvailableResolutions.lisp)
Linked: (/home/cerlab/depowdering_ws/devel/.private/micro_epsilon_scancontrol_msgs/share/common-lisp/ros/micro_epsilon_scancontrol_msgs/srv/_package_SetFeature.lisp, /home/cerlab/depowdering_ws/devel/share/common-lisp/ros/micro_epsilon_scancontrol_msgs/srv/_package_SetFeature.lisp)
Linked: (/home/cerlab/depowdering_ws/devel/.private/micro_epsilon_scancontrol_msgs/share/common-lisp/ros/micro_epsilon_scancontrol_msgs/srv/SetResolution.lisp, /home/cerlab/depowdering_ws/devel/share/common-lisp/ros/micro_epsilon_scancontrol_msgs/srv/SetResolution.lisp)
Linked: (/home/cerlab/depowdering_ws/devel/.private/micro_epsilon_scancontrol_msgs/share/common-lisp/ros/micro_epsilon_scancontrol_msgs/srv/_package_GetFeature.lisp, /home/cerlab/depowdering_ws/devel/share/common-lisp/ros/micro_epsilon_scancontrol_msgs/srv/_package_GetFeature.lisp)
Linked: (/home/cerlab/depowdering_ws/devel/.private/micro_epsilon_scancontrol_msgs/share/common-lisp/ros/micro_epsilon_scancontrol_msgs/srv/_package_GetAvailableResolutions.lisp, /home/cerlab/depowdering_ws/devel/share/common-lisp/ros/micro_epsilon_scancontrol_msgs/srv/_package_GetAvailableResolutions.lisp)
Linked: (/home/cerlab/depowdering_ws/devel/.private/micro_epsilon_scancontrol_msgs/share/micro_epsilon_scancontrol_msgs/cmake/micro_epsilon_scancontrol_msgs-msg-paths.cmake, /home/cerlab/depowdering_ws/devel/share/micro_epsilon_scancontrol_msgs/cmake/micro_epsilon_scancontrol_msgs-msg-paths.cmake)
Linked: (/home/cerlab/depowdering_ws/devel/.private/micro_epsilon_scancontrol_msgs/share/micro_epsilon_scancontrol_msgs/cmake/micro_epsilon_scancontrol_msgs-msg-extras.cmake, /home/cerlab/depowdering_ws/devel/share/micro_epsilon_scancontrol_msgs/cmake/micro_epsilon_scancontrol_msgs-msg-extras.cmake)
Linked: (/home/cerlab/depowdering_ws/devel/.private/micro_epsilon_scancontrol_msgs/share/micro_epsilon_scancontrol_msgs/cmake/micro_epsilon_scancontrol_msgsConfig.cmake, /home/cerlab/depowdering_ws/devel/share/micro_epsilon_scancontrol_msgs/cmake/micro_epsilon_scancontrol_msgsConfig.cmake)
Linked: (/home/cerlab/depowdering_ws/devel/.private/micro_epsilon_scancontrol_msgs/share/micro_epsilon_scancontrol_msgs/cmake/micro_epsilon_scancontrol_msgsConfig-version.cmake, /home/cerlab/depowdering_ws/devel/share/micro_epsilon_scancontrol_msgs/cmake/micro_epsilon_scancontrol_msgsConfig-version.cmake)
Linked: (/home/cerlab/depowdering_ws/devel/.private/micro_epsilon_scancontrol_msgs/share/gennodejs/ros/micro_epsilon_scancontrol_msgs/_index.js, /home/cerlab/depowdering_ws/devel/share/gennodejs/ros/micro_epsilon_scancontrol_msgs/_index.js)
Linked: (/home/cerlab/depowdering_ws/devel/.private/micro_epsilon_scancontrol_msgs/share/gennodejs/ros/micro_epsilon_scancontrol_msgs/srv/_index.js, /home/cerlab/depowdering_ws/devel/share/gennodejs/ros/micro_epsilon_scancontrol_msgs/srv/_index.js)
Linked: (/home/cerlab/depowdering_ws/devel/.private/micro_epsilon_scancontrol_msgs/share/gennodejs/ros/micro_epsilon_scancontrol_msgs/srv/GetAvailableResolutions.js, /home/cerlab/depowdering_ws/devel/share/gennodejs/ros/micro_epsilon_scancontrol_msgs/srv/GetAvailableResolutions.js)
Linked: (/home/cerlab/depowdering_ws/devel/.private/micro_epsilon_scancontrol_msgs/share/gennodejs/ros/micro_epsilon_scancontrol_msgs/srv/GetFeature.js, /home/cerlab/depowdering_ws/devel/share/gennodejs/ros/micro_epsilon_scancontrol_msgs/srv/GetFeature.js)
Linked: (/home/cerlab/depowdering_ws/devel/.private/micro_epsilon_scancontrol_msgs/share/gennodejs/ros/micro_epsilon_scancontrol_msgs/srv/GetResolution.js, /home/cerlab/depowdering_ws/devel/share/gennodejs/ros/micro_epsilon_scancontrol_msgs/srv/GetResolution.js)
Linked: (/home/cerlab/depowdering_ws/devel/.private/micro_epsilon_scancontrol_msgs/share/gennodejs/ros/micro_epsilon_scancontrol_msgs/srv/SetFeature.js, /home/cerlab/depowdering_ws/devel/share/gennodejs/ros/micro_epsilon_scancontrol_msgs/srv/SetFeature.js)
Linked: (/home/cerlab/depowdering_ws/devel/.private/micro_epsilon_scancontrol_msgs/share/gennodejs/ros/micro_epsilon_scancontrol_msgs/srv/SetResolution.js, /home/cerlab/depowdering_ws/devel/share/gennodejs/ros/micro_epsilon_scancontrol_msgs/srv/SetResolution.js)
Linked: (/home/cerlab/depowdering_ws/devel/.private/micro_epsilon_scancontrol_msgs/share/roseus/ros/micro_epsilon_scancontrol_msgs/manifest.l, /home/cerlab/depowdering_ws/devel/share/roseus/ros/micro_epsilon_scancontrol_msgs/manifest.l)
Linked: (/home/cerlab/depowdering_ws/devel/.private/micro_epsilon_scancontrol_msgs/share/roseus/ros/micro_epsilon_scancontrol_msgs/srv/SetResolution.l, /home/cerlab/depowdering_ws/devel/share/roseus/ros/micro_epsilon_scancontrol_msgs/srv/SetResolution.l)
Linked: (/home/cerlab/depowdering_ws/devel/.private/micro_epsilon_scancontrol_msgs/share/roseus/ros/micro_epsilon_scancontrol_msgs/srv/GetResolution.l, /home/cerlab/depowdering_ws/devel/share/roseus/ros/micro_epsilon_scancontrol_msgs/srv/GetResolution.l)
Linked: (/home/cerlab/depowdering_ws/devel/.private/micro_epsilon_scancontrol_msgs/share/roseus/ros/micro_epsilon_scancontrol_msgs/srv/SetFeature.l, /home/cerlab/depowdering_ws/devel/share/roseus/ros/micro_epsilon_scancontrol_msgs/srv/SetFeature.l)
Linked: (/home/cerlab/depowdering_ws/devel/.private/micro_epsilon_scancontrol_msgs/share/roseus/ros/micro_epsilon_scancontrol_msgs/srv/GetFeature.l, /home/cerlab/depowdering_ws/devel/share/roseus/ros/micro_epsilon_scancontrol_msgs/srv/GetFeature.l)
Linked: (/home/cerlab/depowdering_ws/devel/.private/micro_epsilon_scancontrol_msgs/share/roseus/ros/micro_epsilon_scancontrol_msgs/srv/GetAvailableResolutions.l, /home/cerlab/depowdering_ws/devel/share/roseus/ros/micro_epsilon_scancontrol_msgs/srv/GetAvailableResolutions.l)
