Symlinking /home/cerlab/depowdering_ws/devel/lib/python3/dist-packages/micro_epsilon_scancontrol_msgs/__init__.py
Symlinking /home/cerlab/depowdering_ws/devel/lib/python3/dist-packages/micro_epsilon_scancontrol_msgs/srv/_GetAvailableResolutions.py
Symlinking /home/cerlab/depowdering_ws/devel/lib/python3/dist-packages/micro_epsilon_scancontrol_msgs/srv/_SetResolution.py
Symlinking /home/cerlab/depowdering_ws/devel/lib/python3/dist-packages/micro_epsilon_scancontrol_msgs/srv/__init__.py
Symlinking /home/cerlab/depowdering_ws/devel/lib/python3/dist-packages/micro_epsilon_scancontrol_msgs/srv/_GetFeature.py
Symlinking /home/cerlab/depowdering_ws/devel/lib/python3/dist-packages/micro_epsilon_scancontrol_msgs/srv/_SetFeature.py
Symlinking /home/cerlab/depowdering_ws/devel/lib/python3/dist-packages/micro_epsilon_scancontrol_msgs/srv/_GetResolution.py
Symlinking /home/cerlab/depowdering_ws/devel/lib/pkgconfig/micro_epsilon_scancontrol_msgs.pc
Symlinking /home/cerlab/depowdering_ws/devel/include/micro_epsilon_scancontrol_msgs/GetFeature.h
Symlinking /home/cerlab/depowdering_ws/devel/include/micro_epsilon_scancontrol_msgs/SetResolutionRequest.h
Symlinking /home/cerlab/depowdering_ws/devel/include/micro_epsilon_scancontrol_msgs/GetFeatureResponse.h
Symlinking /home/cerlab/depowdering_ws/devel/include/micro_epsilon_scancontrol_msgs/GetAvailableResolutionsResponse.h
Symlinking /home/cerlab/depowdering_ws/devel/include/micro_epsilon_scancontrol_msgs/SetFeatureResponse.h
Symlinking /home/cerlab/depowdering_ws/devel/include/micro_epsilon_scancontrol_msgs/GetResolutionRequest.h
Symlinking /home/cerlab/depowdering_ws/devel/include/micro_epsilon_scancontrol_msgs/SetResolution.h
Symlinking /home/cerlab/depowdering_ws/devel/include/micro_epsilon_scancontrol_msgs/SetFeatureRequest.h
Symlinking /home/cerlab/depowdering_ws/devel/include/micro_epsilon_scancontrol_msgs/GetResolutionResponse.h
Symlinking /home/cerlab/depowdering_ws/devel/include/micro_epsilon_scancontrol_msgs/GetAvailableResolutions.h
Symlinking /home/cerlab/depowdering_ws/devel/include/micro_epsilon_scancontrol_msgs/GetResolution.h
Symlinking /home/cerlab/depowdering_ws/devel/include/micro_epsilon_scancontrol_msgs/GetFeatureRequest.h
Symlinking /home/cerlab/depowdering_ws/devel/include/micro_epsilon_scancontrol_msgs/SetFeature.h
Symlinking /home/cerlab/depowdering_ws/devel/include/micro_epsilon_scancontrol_msgs/GetAvailableResolutionsRequest.h
Symlinking /home/cerlab/depowdering_ws/devel/include/micro_epsilon_scancontrol_msgs/SetResolutionResponse.h
Symlinking /home/cerlab/depowdering_ws/devel/share/common-lisp/ros/micro_epsilon_scancontrol_msgs/srv/_package_GetResolution.lisp
Symlinking /home/cerlab/depowdering_ws/devel/share/common-lisp/ros/micro_epsilon_scancontrol_msgs/srv/GetFeature.lisp
Symlinking /home/cerlab/depowdering_ws/devel/share/common-lisp/ros/micro_epsilon_scancontrol_msgs/srv/SetFeature.lisp
Symlinking /home/cerlab/depowdering_ws/devel/share/common-lisp/ros/micro_epsilon_scancontrol_msgs/srv/_package.lisp
Symlinking /home/cerlab/depowdering_ws/devel/share/common-lisp/ros/micro_epsilon_scancontrol_msgs/srv/_package_SetResolution.lisp
Symlinking /home/cerlab/depowdering_ws/devel/share/common-lisp/ros/micro_epsilon_scancontrol_msgs/srv/GetResolution.lisp
Symlinking /home/cerlab/depowdering_ws/devel/share/common-lisp/ros/micro_epsilon_scancontrol_msgs/srv/micro_epsilon_scancontrol_msgs-srv.asd
Symlinking /home/cerlab/depowdering_ws/devel/share/common-lisp/ros/micro_epsilon_scancontrol_msgs/srv/GetAvailableResolutions.lisp
Symlinking /home/cerlab/depowdering_ws/devel/share/common-lisp/ros/micro_epsilon_scancontrol_msgs/srv/_package_SetFeature.lisp
Symlinking /home/cerlab/depowdering_ws/devel/share/common-lisp/ros/micro_epsilon_scancontrol_msgs/srv/SetResolution.lisp
Symlinking /home/cerlab/depowdering_ws/devel/share/common-lisp/ros/micro_epsilon_scancontrol_msgs/srv/_package_GetFeature.lisp
Symlinking /home/cerlab/depowdering_ws/devel/share/common-lisp/ros/micro_epsilon_scancontrol_msgs/srv/_package_GetAvailableResolutions.lisp
Symlinking /home/cerlab/depowdering_ws/devel/share/micro_epsilon_scancontrol_msgs/cmake/micro_epsilon_scancontrol_msgs-msg-paths.cmake
Symlinking /home/cerlab/depowdering_ws/devel/share/micro_epsilon_scancontrol_msgs/cmake/micro_epsilon_scancontrol_msgs-msg-extras.cmake
Symlinking /home/cerlab/depowdering_ws/devel/share/micro_epsilon_scancontrol_msgs/cmake/micro_epsilon_scancontrol_msgsConfig.cmake
Symlinking /home/cerlab/depowdering_ws/devel/share/micro_epsilon_scancontrol_msgs/cmake/micro_epsilon_scancontrol_msgsConfig-version.cmake
Symlinking /home/cerlab/depowdering_ws/devel/share/gennodejs/ros/micro_epsilon_scancontrol_msgs/_index.js
Symlinking /home/cerlab/depowdering_ws/devel/share/gennodejs/ros/micro_epsilon_scancontrol_msgs/srv/_index.js
Symlinking /home/cerlab/depowdering_ws/devel/share/gennodejs/ros/micro_epsilon_scancontrol_msgs/srv/GetAvailableResolutions.js
Symlinking /home/cerlab/depowdering_ws/devel/share/gennodejs/ros/micro_epsilon_scancontrol_msgs/srv/GetFeature.js
Symlinking /home/cerlab/depowdering_ws/devel/share/gennodejs/ros/micro_epsilon_scancontrol_msgs/srv/GetResolution.js
Symlinking /home/cerlab/depowdering_ws/devel/share/gennodejs/ros/micro_epsilon_scancontrol_msgs/srv/SetFeature.js
Symlinking /home/cerlab/depowdering_ws/devel/share/gennodejs/ros/micro_epsilon_scancontrol_msgs/srv/SetResolution.js
Symlinking /home/cerlab/depowdering_ws/devel/share/roseus/ros/micro_epsilon_scancontrol_msgs/manifest.l
Symlinking /home/cerlab/depowdering_ws/devel/share/roseus/ros/micro_epsilon_scancontrol_msgs/srv/SetResolution.l
Symlinking /home/cerlab/depowdering_ws/devel/share/roseus/ros/micro_epsilon_scancontrol_msgs/srv/GetResolution.l
Symlinking /home/cerlab/depowdering_ws/devel/share/roseus/ros/micro_epsilon_scancontrol_msgs/srv/SetFeature.l
Symlinking /home/cerlab/depowdering_ws/devel/share/roseus/ros/micro_epsilon_scancontrol_msgs/srv/GetFeature.l
Symlinking /home/cerlab/depowdering_ws/devel/share/roseus/ros/micro_epsilon_scancontrol_msgs/srv/GetAvailableResolutions.l
