Linked: (/home/cerlab/depowdering_ws/devel/.private/bcap_service/lib/libbcap_service.so, /home/cerlab/depowdering_ws/devel/lib/libbcap_service.so)
Linked: (/home/cerlab/depowdering_ws/devel/.private/bcap_service/lib/python3/dist-packages/bcap_service/__init__.py, /home/cerlab/depowdering_ws/devel/lib/python3/dist-packages/bcap_service/__init__.py)
Linked: (/home/cerlab/depowdering_ws/devel/.private/bcap_service/lib/python3/dist-packages/bcap_service/srv/_bcap.py, /home/cerlab/depowdering_ws/devel/lib/python3/dist-packages/bcap_service/srv/_bcap.py)
Linked: (/home/cerlab/depowdering_ws/devel/.private/bcap_service/lib/python3/dist-packages/bcap_service/srv/__init__.py, /home/cerlab/depowdering_ws/devel/lib/python3/dist-packages/bcap_service/srv/__init__.py)
Linked: (/home/cerlab/depowdering_ws/devel/.private/bcap_service/lib/python3/dist-packages/bcap_service/msg/__init__.py, /home/cerlab/depowdering_ws/devel/lib/python3/dist-packages/bcap_service/msg/__init__.py)
Linked: (/home/cerlab/depowdering_ws/devel/.private/bcap_service/lib/python3/dist-packages/bcap_service/msg/_variant.py, /home/cerlab/depowdering_ws/devel/lib/python3/dist-packages/bcap_service/msg/_variant.py)
Linked: (/home/cerlab/depowdering_ws/devel/.private/bcap_service/lib/pkgconfig/bcap_service.pc, /home/cerlab/depowdering_ws/devel/lib/pkgconfig/bcap_service.pc)
Linked: (/home/cerlab/depowdering_ws/devel/.private/bcap_service/lib/bcap_service/bcap_service_exec, /home/cerlab/depowdering_ws/devel/lib/bcap_service/bcap_service_exec)
Linked: (/home/cerlab/depowdering_ws/devel/.private/bcap_service/include/bcap_service/bcapRequest.h, /home/cerlab/depowdering_ws/devel/include/bcap_service/bcapRequest.h)
Linked: (/home/cerlab/depowdering_ws/devel/.private/bcap_service/include/bcap_service/bcap.h, /home/cerlab/depowdering_ws/devel/include/bcap_service/bcap.h)
Linked: (/home/cerlab/depowdering_ws/devel/.private/bcap_service/include/bcap_service/variant.h, /home/cerlab/depowdering_ws/devel/include/bcap_service/variant.h)
Linked: (/home/cerlab/depowdering_ws/devel/.private/bcap_service/include/bcap_service/bcapResponse.h, /home/cerlab/depowdering_ws/devel/include/bcap_service/bcapResponse.h)
Linked: (/home/cerlab/depowdering_ws/devel/.private/bcap_service/share/common-lisp/ros/bcap_service/srv/_package.lisp, /home/cerlab/depowdering_ws/devel/share/common-lisp/ros/bcap_service/srv/_package.lisp)
Linked: (/home/cerlab/depowdering_ws/devel/.private/bcap_service/share/common-lisp/ros/bcap_service/srv/bcap.lisp, /home/cerlab/depowdering_ws/devel/share/common-lisp/ros/bcap_service/srv/bcap.lisp)
Linked: (/home/cerlab/depowdering_ws/devel/.private/bcap_service/share/common-lisp/ros/bcap_service/srv/bcap_service-srv.asd, /home/cerlab/depowdering_ws/devel/share/common-lisp/ros/bcap_service/srv/bcap_service-srv.asd)
Linked: (/home/cerlab/depowdering_ws/devel/.private/bcap_service/share/common-lisp/ros/bcap_service/srv/_package_bcap.lisp, /home/cerlab/depowdering_ws/devel/share/common-lisp/ros/bcap_service/srv/_package_bcap.lisp)
Linked: (/home/cerlab/depowdering_ws/devel/.private/bcap_service/share/common-lisp/ros/bcap_service/msg/_package.lisp, /home/cerlab/depowdering_ws/devel/share/common-lisp/ros/bcap_service/msg/_package.lisp)
Linked: (/home/cerlab/depowdering_ws/devel/.private/bcap_service/share/common-lisp/ros/bcap_service/msg/bcap_service-msg.asd, /home/cerlab/depowdering_ws/devel/share/common-lisp/ros/bcap_service/msg/bcap_service-msg.asd)
Linked: (/home/cerlab/depowdering_ws/devel/.private/bcap_service/share/common-lisp/ros/bcap_service/msg/_package_variant.lisp, /home/cerlab/depowdering_ws/devel/share/common-lisp/ros/bcap_service/msg/_package_variant.lisp)
Linked: (/home/cerlab/depowdering_ws/devel/.private/bcap_service/share/common-lisp/ros/bcap_service/msg/variant.lisp, /home/cerlab/depowdering_ws/devel/share/common-lisp/ros/bcap_service/msg/variant.lisp)
Linked: (/home/cerlab/depowdering_ws/devel/.private/bcap_service/share/bcap_service/cmake/bcap_serviceConfig-version.cmake, /home/cerlab/depowdering_ws/devel/share/bcap_service/cmake/bcap_serviceConfig-version.cmake)
Linked: (/home/cerlab/depowdering_ws/devel/.private/bcap_service/share/bcap_service/cmake/bcap_service-msg-paths.cmake, /home/cerlab/depowdering_ws/devel/share/bcap_service/cmake/bcap_service-msg-paths.cmake)
Linked: (/home/cerlab/depowdering_ws/devel/.private/bcap_service/share/bcap_service/cmake/bcap_serviceConfig.cmake, /home/cerlab/depowdering_ws/devel/share/bcap_service/cmake/bcap_serviceConfig.cmake)
Linked: (/home/cerlab/depowdering_ws/devel/.private/bcap_service/share/bcap_service/cmake/bcap_service-msg-extras.cmake, /home/cerlab/depowdering_ws/devel/share/bcap_service/cmake/bcap_service-msg-extras.cmake)
Linked: (/home/cerlab/depowdering_ws/devel/.private/bcap_service/share/gennodejs/ros/bcap_service/_index.js, /home/cerlab/depowdering_ws/devel/share/gennodejs/ros/bcap_service/_index.js)
Linked: (/home/cerlab/depowdering_ws/devel/.private/bcap_service/share/gennodejs/ros/bcap_service/srv/_index.js, /home/cerlab/depowdering_ws/devel/share/gennodejs/ros/bcap_service/srv/_index.js)
Linked: (/home/cerlab/depowdering_ws/devel/.private/bcap_service/share/gennodejs/ros/bcap_service/srv/bcap.js, /home/cerlab/depowdering_ws/devel/share/gennodejs/ros/bcap_service/srv/bcap.js)
Linked: (/home/cerlab/depowdering_ws/devel/.private/bcap_service/share/gennodejs/ros/bcap_service/msg/_index.js, /home/cerlab/depowdering_ws/devel/share/gennodejs/ros/bcap_service/msg/_index.js)
Linked: (/home/cerlab/depowdering_ws/devel/.private/bcap_service/share/gennodejs/ros/bcap_service/msg/variant.js, /home/cerlab/depowdering_ws/devel/share/gennodejs/ros/bcap_service/msg/variant.js)
Linked: (/home/cerlab/depowdering_ws/devel/.private/bcap_service/share/roseus/ros/bcap_service/manifest.l, /home/cerlab/depowdering_ws/devel/share/roseus/ros/bcap_service/manifest.l)
Linked: (/home/cerlab/depowdering_ws/devel/.private/bcap_service/share/roseus/ros/bcap_service/srv/bcap.l, /home/cerlab/depowdering_ws/devel/share/roseus/ros/bcap_service/srv/bcap.l)
Linked: (/home/cerlab/depowdering_ws/devel/.private/bcap_service/share/roseus/ros/bcap_service/msg/variant.l, /home/cerlab/depowdering_ws/devel/share/roseus/ros/bcap_service/msg/variant.l)
