[35m[1mScanning dependencies of target bcap_client[0m
[35m[1mScanning dependencies of target rac_string[0m
[  3%] [32mBuilding C object CMakeFiles/rac_string.dir/src/RACString/rac_string.c.o[0m
[  6%] [32mBuilding C object CMakeFiles/bcap_client.dir/src/bCAPClient/bcap_client.c.o[0m
[  9%] [32mBuilding C object CMakeFiles/rac_string.dir/src/dn_common.c.o[0m
[ 12%] [32mBuilding C object CMakeFiles/bcap_client.dir/src/bcap_common.c.o[0m
[ 15%] [32mBuilding C object CMakeFiles/bcap_client.dir/src/dn_com.c.o[0m
[ 18%] [32mBuilding C object CMakeFiles/bcap_client.dir/src/dn_common.c.o[0m
[ 21%] [32mBuilding C object CMakeFiles/bcap_client.dir/src/dn_device.c.o[0m
[ 25%] [32mBuilding C object CMakeFiles/bcap_client.dir/src/dn_socket.c.o[0m
[ 28%] [32mBuilding C object CMakeFiles/bcap_client.dir/src/dn_tcp.c.o[0m
[35m[1mScanning dependencies of target bcap_server[0m
[ 31%] [32mBuilding C object CMakeFiles/bcap_server.dir/src/bCAPServer/bcap_server.c.o[0m
[ 34%] [32m[1mLinking C shared library /home/cerlab/depowdering_ws/devel/.private/bcap_core/lib/librac_string.so[0m
[ 37%] [32mBuilding C object CMakeFiles/bcap_client.dir/src/dn_thread.c.o[0m
[ 40%] [32mBuilding C object CMakeFiles/bcap_client.dir/src/dn_udp.c.o[0m
[ 40%] Built target rac_string
[ 43%] [32mBuilding C object CMakeFiles/bcap_server.dir/src/bcap_common.c.o[0m
[35m[1mScanning dependencies of target tpcomm[0m
[ 46%] [32mBuilding C object CMakeFiles/tpcomm.dir/src/TPComm/dn_tpcomm.c.o[0m
[ 50%] [32mBuilding C object CMakeFiles/tpcomm.dir/src/dn_com.c.o[0m
[ 53%] [32mBuilding C object CMakeFiles/bcap_server.dir/src/dn_com.c.o[0m
[ 56%] [32mBuilding C object CMakeFiles/tpcomm.dir/src/dn_common.c.o[0m
[ 59%] [32mBuilding C object CMakeFiles/tpcomm.dir/src/dn_device.c.o[0m
[ 62%] [32mBuilding C object CMakeFiles/bcap_server.dir/src/dn_common.c.o[0m
[ 68%] [32mBuilding C object CMakeFiles/bcap_server.dir/src/dn_device.c.o[0m
[ 68%] [32mBuilding C object CMakeFiles/tpcomm.dir/src/dn_robotalk.c.o[0m
[ 71%] [32mBuilding C object CMakeFiles/bcap_server.dir/src/dn_socket.c.o[0m
[ 75%] [32m[1mLinking C shared library /home/cerlab/depowdering_ws/devel/.private/bcap_core/lib/libbcap_client.so[0m
[ 78%] [32mBuilding C object CMakeFiles/bcap_server.dir/src/dn_tcp.c.o[0m
[ 81%] [32mBuilding C object CMakeFiles/tpcomm.dir/src/dn_socket.c.o[0m
[ 84%] [32mBuilding C object CMakeFiles/tpcomm.dir/src/dn_thread.c.o[0m
[ 84%] Built target bcap_client
[ 87%] [32mBuilding C object CMakeFiles/tpcomm.dir/src/dn_udp.c.o[0m
[ 90%] [32mBuilding C object CMakeFiles/bcap_server.dir/src/dn_thread.c.o[0m
[ 93%] [32mBuilding C object CMakeFiles/bcap_server.dir/src/dn_udp.c.o[0m
[ 96%] [32m[1mLinking C shared library /home/cerlab/depowdering_ws/devel/.private/bcap_core/lib/libtpcomm.so[0m
[ 96%] Built target tpcomm
[100%] [32m[1mLinking C shared library /home/cerlab/depowdering_ws/devel/.private/bcap_core/lib/libbcap_server.so[0m
[100%] Built target bcap_server
