Performing C SOURCE FILE Test CMAKE_HAVE_LIBC_PTHREAD failed with the following output:
Change Dir: /home/cerlab/depowdering_ws/build/vs6577_ikfast_arm_plugin/CMakeFiles/CMakeTmp

Run Build Command(s):/usr/bin/make cmTC_e7ede/fast && /usr/bin/make -f CMakeFiles/cmTC_e7ede.dir/build.make CMakeFiles/cmTC_e7ede.dir/build
make[1]: Entering directory '/home/cerlab/depowdering_ws/build/vs6577_ikfast_arm_plugin/CMakeFiles/CMakeTmp'
Building C object CMakeFiles/cmTC_e7ede.dir/src.c.o
/usr/bin/cc   -DCMAKE_HAVE_LIBC_PTHREAD   -o CMakeFiles/cmTC_e7ede.dir/src.c.o   -c /home/cerlab/depowdering_ws/build/vs6577_ikfast_arm_plugin/CMakeFiles/CMakeTmp/src.c
Linking C executable cmTC_e7ede
/usr/bin/cmake -E cmake_link_script CMakeFiles/cmTC_e7ede.dir/link.txt --verbose=1
/usr/bin/cc  -DCMAKE_HAVE_LIBC_PTHREAD    -rdynamic CMakeFiles/cmTC_e7ede.dir/src.c.o  -o cmTC_e7ede 
/usr/bin/ld: CMakeFiles/cmTC_e7ede.dir/src.c.o: in function `main':
src.c:(.text+0x46): undefined reference to `pthread_create'
/usr/bin/ld: src.c:(.text+0x52): undefined reference to `pthread_detach'
/usr/bin/ld: src.c:(.text+0x63): undefined reference to `pthread_join'
collect2: error: ld returned 1 exit status
make[1]: *** [CMakeFiles/cmTC_e7ede.dir/build.make:87: cmTC_e7ede] Error 1
make[1]: Leaving directory '/home/cerlab/depowdering_ws/build/vs6577_ikfast_arm_plugin/CMakeFiles/CMakeTmp'
make: *** [Makefile:121: cmTC_e7ede/fast] Error 2


Source file was:
#include <pthread.h>

void* test_func(void* data)
{
  return data;
}

int main(void)
{
  pthread_t thread;
  pthread_create(&thread, NULL, test_func, NULL);
  pthread_detach(thread);
  pthread_join(thread, NULL);
  pthread_atfork(NULL, NULL, NULL);
  pthread_exit(NULL);

  return 0;
}

Determining if the function pthread_create exists in the pthreads failed with the following output:
Change Dir: /home/cerlab/depowdering_ws/build/vs6577_ikfast_arm_plugin/CMakeFiles/CMakeTmp

Run Build Command(s):/usr/bin/make cmTC_54ab9/fast && /usr/bin/make -f CMakeFiles/cmTC_54ab9.dir/build.make CMakeFiles/cmTC_54ab9.dir/build
make[1]: Entering directory '/home/cerlab/depowdering_ws/build/vs6577_ikfast_arm_plugin/CMakeFiles/CMakeTmp'
Building C object CMakeFiles/cmTC_54ab9.dir/CheckFunctionExists.c.o
/usr/bin/cc   -DCHECK_FUNCTION_EXISTS=pthread_create   -o CMakeFiles/cmTC_54ab9.dir/CheckFunctionExists.c.o   -c /usr/share/cmake-3.16/Modules/CheckFunctionExists.c
Linking C executable cmTC_54ab9
/usr/bin/cmake -E cmake_link_script CMakeFiles/cmTC_54ab9.dir/link.txt --verbose=1
/usr/bin/cc  -DCHECK_FUNCTION_EXISTS=pthread_create    -rdynamic CMakeFiles/cmTC_54ab9.dir/CheckFunctionExists.c.o  -o cmTC_54ab9  -lpthreads 
/usr/bin/ld: cannot find -lpthreads
collect2: error: ld returned 1 exit status
make[1]: *** [CMakeFiles/cmTC_54ab9.dir/build.make:87: cmTC_54ab9] Error 1
make[1]: Leaving directory '/home/cerlab/depowdering_ws/build/vs6577_ikfast_arm_plugin/CMakeFiles/CMakeTmp'
make: *** [Makefile:121: cmTC_54ab9/fast] Error 2



Determining if the function sgemm_ exists failed with the following output:
Change Dir: /home/cerlab/depowdering_ws/build/vs6577_ikfast_arm_plugin/CMakeFiles/CMakeTmp

Run Build Command(s):/usr/bin/make cmTC_386bc/fast && /usr/bin/make -f CMakeFiles/cmTC_386bc.dir/build.make CMakeFiles/cmTC_386bc.dir/build
make[1]: Entering directory '/home/cerlab/depowdering_ws/build/vs6577_ikfast_arm_plugin/CMakeFiles/CMakeTmp'
Building C object CMakeFiles/cmTC_386bc.dir/CheckFunctionExists.c.o
/usr/bin/cc   -DCHECK_FUNCTION_EXISTS=sgemm_   -o CMakeFiles/cmTC_386bc.dir/CheckFunctionExists.c.o   -c /usr/share/cmake-3.16/Modules/CheckFunctionExists.c
Linking C executable cmTC_386bc
/usr/bin/cmake -E cmake_link_script CMakeFiles/cmTC_386bc.dir/link.txt --verbose=1
/usr/bin/cc  -DCHECK_FUNCTION_EXISTS=sgemm_    -rdynamic CMakeFiles/cmTC_386bc.dir/CheckFunctionExists.c.o  -o cmTC_386bc 
/usr/bin/ld: CMakeFiles/cmTC_386bc.dir/CheckFunctionExists.c.o: in function `main':
CheckFunctionExists.c:(.text+0x14): undefined reference to `sgemm_'
collect2: error: ld returned 1 exit status
make[1]: *** [CMakeFiles/cmTC_386bc.dir/build.make:87: cmTC_386bc] Error 1
make[1]: Leaving directory '/home/cerlab/depowdering_ws/build/vs6577_ikfast_arm_plugin/CMakeFiles/CMakeTmp'
make: *** [Makefile:121: cmTC_386bc/fast] Error 2



Determining if the function cheev_ exists failed with the following output:
Change Dir: /home/cerlab/depowdering_ws/build/vs6577_ikfast_arm_plugin/CMakeFiles/CMakeTmp

Run Build Command(s):/usr/bin/make cmTC_4fedf/fast && /usr/bin/make -f CMakeFiles/cmTC_4fedf.dir/build.make CMakeFiles/cmTC_4fedf.dir/build
make[1]: Entering directory '/home/cerlab/depowdering_ws/build/vs6577_ikfast_arm_plugin/CMakeFiles/CMakeTmp'
Building C object CMakeFiles/cmTC_4fedf.dir/CheckFunctionExists.c.o
/usr/bin/cc   -DCHECK_FUNCTION_EXISTS=cheev_   -o CMakeFiles/cmTC_4fedf.dir/CheckFunctionExists.c.o   -c /usr/share/cmake-3.16/Modules/CheckFunctionExists.c
Linking C executable cmTC_4fedf
/usr/bin/cmake -E cmake_link_script CMakeFiles/cmTC_4fedf.dir/link.txt --verbose=1
/usr/bin/cc  -DCHECK_FUNCTION_EXISTS=cheev_    -rdynamic CMakeFiles/cmTC_4fedf.dir/CheckFunctionExists.c.o  -o cmTC_4fedf  /usr/lib/x86_64-linux-gnu/libblas.so 
/usr/bin/ld: CMakeFiles/cmTC_4fedf.dir/CheckFunctionExists.c.o: in function `main':
CheckFunctionExists.c:(.text+0x14): undefined reference to `cheev_'
collect2: error: ld returned 1 exit status
make[1]: *** [CMakeFiles/cmTC_4fedf.dir/build.make:88: cmTC_4fedf] Error 1
make[1]: Leaving directory '/home/cerlab/depowdering_ws/build/vs6577_ikfast_arm_plugin/CMakeFiles/CMakeTmp'
make: *** [Makefile:121: cmTC_4fedf/fast] Error 2



