This file contains any messages produced by compilers while
running configure, to aid debugging if configure makes a mistake.

It was created by aravis configure 0.4.0, which was
generated by GNU Autoconf 2.69.  Invocation command line was

  $ ./configure 

## --------- ##
## Platform. ##
## --------- ##

hostname = abdulhamid-Predator-PH315-51
uname -m = x86_64
uname -r = 5.15.0-76-generic
uname -s = Linux
uname -v = #83~20.04.1-Ubuntu SMP Wed Jun 21 20:23:31 UTC 2023

/usr/bin/uname -p = x86_64
/bin/uname -X     = unknown

/bin/arch              = x86_64
/usr/bin/arch -k       = unknown
/usr/convex/getsysinfo = unknown
/usr/bin/hostinfo      = unknown
/bin/machine           = unknown
/usr/bin/oslevel       = unknown
/bin/universe          = unknown

PATH: /opt/ros/noetic/bin
PATH: /usr/local/sbin
PATH: /usr/local/bin
PATH: /usr/sbin
PATH: /usr/bin
PATH: /sbin
PATH: /bin
PATH: /usr/games
PATH: /usr/local/games
PATH: /snap/bin


## ----------- ##
## Core tests. ##
## ----------- ##

configure:2572: checking for a BSD-compatible install
configure:2640: result: /usr/bin/install -c
configure:2651: checking whether build environment is sane
configure:2706: result: yes
configure:2855: checking for a thread-safe mkdir -p
configure:2894: result: /usr/bin/mkdir -p
configure:2901: checking for gawk
configure:2931: result: no
configure:2901: checking for mawk
configure:2917: found /usr/bin/mawk
configure:2928: result: mawk
configure:2939: checking whether make sets $(MAKE)
configure:2961: result: yes
configure:2990: checking whether make supports nested variables
configure:3007: result: yes
configure:3134: checking whether to enable maintainer-specific portions of Makefiles
configure:3143: result: no
configure:3172: checking whether make supports nested variables
configure:3189: result: yes
configure:3218: checking for style of include used by make
configure:3246: result: GNU
configure:3317: checking for gcc
configure:3333: found /usr/bin/gcc
configure:3344: result: gcc
configure:3573: checking for C compiler version
configure:3582: gcc --version >&5
gcc (Ubuntu 9.4.0-1ubuntu1~20.04.1) 9.4.0
Copyright (C) 2019 Free Software Foundation, Inc.
This is free software; see the source for copying conditions.  There is NO
warranty; not even for MERCHANTABILITY or FITNESS FOR A PARTICULAR PURPOSE.

configure:3593: $? = 0
configure:3582: gcc -v >&5
Using built-in specs.
COLLECT_GCC=gcc
COLLECT_LTO_WRAPPER=/usr/lib/gcc/x86_64-linux-gnu/9/lto-wrapper
OFFLOAD_TARGET_NAMES=nvptx-none:hsa
OFFLOAD_TARGET_DEFAULT=1
Target: x86_64-linux-gnu
Configured with: ../src/configure -v --with-pkgversion='Ubuntu 9.4.0-1ubuntu1~20.04.1' --with-bugurl=file:///usr/share/doc/gcc-9/README.Bugs --enable-languages=c,ada,c++,go,brig,d,fortran,objc,obj-c++,gm2 --prefix=/usr --with-gcc-major-version-only --program-suffix=-9 --program-prefix=x86_64-linux-gnu- --enable-shared --enable-linker-build-id --libexecdir=/usr/lib --without-included-gettext --enable-threads=posix --libdir=/usr/lib --enable-nls --enable-clocale=gnu --enable-libstdcxx-debug --enable-libstdcxx-time=yes --with-default-libstdcxx-abi=new --enable-gnu-unique-object --disable-vtable-verify --enable-plugin --enable-default-pie --with-system-zlib --with-target-system-zlib=auto --enable-objc-gc=auto --enable-multiarch --disable-werror --with-arch-32=i686 --with-abi=m64 --with-multilib-list=m32,m64,mx32 --enable-multilib --with-tune=generic --enable-offload-targets=nvptx-none=/build/gcc-9-Av3uEd/gcc-9-9.4.0/debian/tmp-nvptx/usr,hsa --without-cuda-driver --enable-checking=release --build=x86_64-linux-gnu --host=x86_64-linux-gnu --target=x86_64-linux-gnu
Thread model: posix
gcc version 9.4.0 (Ubuntu 9.4.0-1ubuntu1~20.04.1) 
configure:3593: $? = 0
configure:3582: gcc -V >&5
gcc: error: unrecognized command line option '-V'
gcc: fatal error: no input files
compilation terminated.
configure:3593: $? = 1
configure:3582: gcc -qversion >&5
gcc: error: unrecognized command line option '-qversion'; did you mean '--version'?
gcc: fatal error: no input files
compilation terminated.
configure:3593: $? = 1
configure:3613: checking whether the C compiler works
configure:3635: gcc    conftest.c  >&5
configure:3639: $? = 0
configure:3687: result: yes
configure:3690: checking for C compiler default output file name
configure:3692: result: a.out
configure:3698: checking for suffix of executables
configure:3705: gcc -o conftest    conftest.c  >&5
configure:3709: $? = 0
configure:3731: result: 
configure:3753: checking whether we are cross compiling
configure:3761: gcc -o conftest    conftest.c  >&5
configure:3765: $? = 0
configure:3772: ./conftest
configure:3776: $? = 0
configure:3764: result: no
configure:3769: checking for suffix of object files
configure:3791: gcc -c   conftest.c >&5
configure:3795: $? = 0
configure:3816: result: o
configure:3820: checking whether we are using the GNU C compiler
configure:3839: gcc -c   conftest.c >&5
configure:3839: $? = 0
configure:3848: result: yes
configure:3857: checking whether gcc accepts -g
configure:3877: gcc -c -g  conftest.c >&5
configure:3877: $? = 0
configure:3918: result: yes
configure:3935: checking for gcc option to accept ISO C89
configure:3998: gcc  -c -g -O2  conftest.c >&5
configure:3998: $? = 0
configure:4011: result: none needed
configure:4036: checking whether gcc understands -c and -o together
configure:4058: gcc -c conftest.c -o conftest2.o
configure:4061: $? = 0
configure:4058: gcc -c conftest.c -o conftest2.o
configure:4061: $? = 0
configure:4073: result: yes
configure:4092: checking dependency style of gcc
configure:4203: result: gcc3
configure:4219: checking for library containing strerror
configure:4250: gcc -o conftest -g -O2   conftest.c  >&5
configure:4250: $? = 0
configure:4267: result: none required
configure:4323: checking for gcc
configure:4350: result: gcc
configure:4579: checking for C compiler version
configure:4588: gcc --version >&5
gcc (Ubuntu 9.4.0-1ubuntu1~20.04.1) 9.4.0
Copyright (C) 2019 Free Software Foundation, Inc.
This is free software; see the source for copying conditions.  There is NO
warranty; not even for MERCHANTABILITY or FITNESS FOR A PARTICULAR PURPOSE.

configure:4599: $? = 0
configure:4588: gcc -v >&5
Using built-in specs.
COLLECT_GCC=gcc
COLLECT_LTO_WRAPPER=/usr/lib/gcc/x86_64-linux-gnu/9/lto-wrapper
OFFLOAD_TARGET_NAMES=nvptx-none:hsa
OFFLOAD_TARGET_DEFAULT=1
Target: x86_64-linux-gnu
Configured with: ../src/configure -v --with-pkgversion='Ubuntu 9.4.0-1ubuntu1~20.04.1' --with-bugurl=file:///usr/share/doc/gcc-9/README.Bugs --enable-languages=c,ada,c++,go,brig,d,fortran,objc,obj-c++,gm2 --prefix=/usr --with-gcc-major-version-only --program-suffix=-9 --program-prefix=x86_64-linux-gnu- --enable-shared --enable-linker-build-id --libexecdir=/usr/lib --without-included-gettext --enable-threads=posix --libdir=/usr/lib --enable-nls --enable-clocale=gnu --enable-libstdcxx-debug --enable-libstdcxx-time=yes --with-default-libstdcxx-abi=new --enable-gnu-unique-object --disable-vtable-verify --enable-plugin --enable-default-pie --with-system-zlib --with-target-system-zlib=auto --enable-objc-gc=auto --enable-multiarch --disable-werror --with-arch-32=i686 --with-abi=m64 --with-multilib-list=m32,m64,mx32 --enable-multilib --with-tune=generic --enable-offload-targets=nvptx-none=/build/gcc-9-Av3uEd/gcc-9-9.4.0/debian/tmp-nvptx/usr,hsa --without-cuda-driver --enable-checking=release --build=x86_64-linux-gnu --host=x86_64-linux-gnu --target=x86_64-linux-gnu
Thread model: posix
gcc version 9.4.0 (Ubuntu 9.4.0-1ubuntu1~20.04.1) 
configure:4599: $? = 0
configure:4588: gcc -V >&5
gcc: error: unrecognized command line option '-V'
gcc: fatal error: no input files
compilation terminated.
configure:4599: $? = 1
configure:4588: gcc -qversion >&5
gcc: error: unrecognized command line option '-qversion'; did you mean '--version'?
gcc: fatal error: no input files
compilation terminated.
configure:4599: $? = 1
configure:4603: checking whether we are using the GNU C compiler
configure:4631: result: yes
configure:4640: checking whether gcc accepts -g
configure:4701: result: yes
configure:4718: checking for gcc option to accept ISO C89
configure:4794: result: none needed
configure:4819: checking whether gcc understands -c and -o together
configure:4856: result: yes
configure:4875: checking dependency style of gcc
configure:4986: result: gcc3
configure:5059: checking for g++
configure:5075: found /usr/bin/g++
configure:5086: result: g++
configure:5113: checking for C++ compiler version
configure:5122: g++ --version >&5
g++ (Ubuntu 9.4.0-1ubuntu1~20.04.1) 9.4.0
Copyright (C) 2019 Free Software Foundation, Inc.
This is free software; see the source for copying conditions.  There is NO
warranty; not even for MERCHANTABILITY or FITNESS FOR A PARTICULAR PURPOSE.

configure:5133: $? = 0
configure:5122: g++ -v >&5
Using built-in specs.
COLLECT_GCC=g++
COLLECT_LTO_WRAPPER=/usr/lib/gcc/x86_64-linux-gnu/9/lto-wrapper
OFFLOAD_TARGET_NAMES=nvptx-none:hsa
OFFLOAD_TARGET_DEFAULT=1
Target: x86_64-linux-gnu
Configured with: ../src/configure -v --with-pkgversion='Ubuntu 9.4.0-1ubuntu1~20.04.1' --with-bugurl=file:///usr/share/doc/gcc-9/README.Bugs --enable-languages=c,ada,c++,go,brig,d,fortran,objc,obj-c++,gm2 --prefix=/usr --with-gcc-major-version-only --program-suffix=-9 --program-prefix=x86_64-linux-gnu- --enable-shared --enable-linker-build-id --libexecdir=/usr/lib --without-included-gettext --enable-threads=posix --libdir=/usr/lib --enable-nls --enable-clocale=gnu --enable-libstdcxx-debug --enable-libstdcxx-time=yes --with-default-libstdcxx-abi=new --enable-gnu-unique-object --disable-vtable-verify --enable-plugin --enable-default-pie --with-system-zlib --with-target-system-zlib=auto --enable-objc-gc=auto --enable-multiarch --disable-werror --with-arch-32=i686 --with-abi=m64 --with-multilib-list=m32,m64,mx32 --enable-multilib --with-tune=generic --enable-offload-targets=nvptx-none=/build/gcc-9-Av3uEd/gcc-9-9.4.0/debian/tmp-nvptx/usr,hsa --without-cuda-driver --enable-checking=release --build=x86_64-linux-gnu --host=x86_64-linux-gnu --target=x86_64-linux-gnu
Thread model: posix
gcc version 9.4.0 (Ubuntu 9.4.0-1ubuntu1~20.04.1) 
configure:5133: $? = 0
configure:5122: g++ -V >&5
g++: error: unrecognized command line option '-V'
g++: fatal error: no input files
compilation terminated.
configure:5133: $? = 1
configure:5122: g++ -qversion >&5
g++: error: unrecognized command line option '-qversion'; did you mean '--version'?
g++: fatal error: no input files
compilation terminated.
configure:5133: $? = 1
configure:5137: checking whether we are using the GNU C++ compiler
configure:5156: g++ -c   conftest.cpp >&5
configure:5156: $? = 0
configure:5165: result: yes
configure:5174: checking whether g++ accepts -g
configure:5194: g++ -c -g  conftest.cpp >&5
configure:5194: $? = 0
configure:5235: result: yes
configure:5260: checking dependency style of g++
configure:5371: result: gcc3
configure:5392: checking how to run the C preprocessor
configure:5423: gcc -E  conftest.c
configure:5423: $? = 0
configure:5437: gcc -E  conftest.c
conftest.c:11:10: fatal error: ac_nonexistent.h: No such file or directory
   11 | #include <ac_nonexistent.h>
      |          ^~~~~~~~~~~~~~~~~~
compilation terminated.
configure:5437: $? = 1
configure: failed program was:
| /* confdefs.h */
| #define PACKAGE_NAME "aravis"
| #define PACKAGE_TARNAME "aravis"
| #define PACKAGE_VERSION "0.4.0"
| #define PACKAGE_STRING "aravis 0.4.0"
| #define PACKAGE_BUGREPORT "http://bugzilla.gnome.org/enter_bug.cgi?product=aravis"
| #define PACKAGE_URL ""
| #define PACKAGE "aravis"
| #define VERSION "0.4.0"
| /* end confdefs.h.  */
| #include <ac_nonexistent.h>
configure:5462: result: gcc -E
configure:5482: gcc -E  conftest.c
configure:5482: $? = 0
configure:5496: gcc -E  conftest.c
conftest.c:11:10: fatal error: ac_nonexistent.h: No such file or directory
   11 | #include <ac_nonexistent.h>
      |          ^~~~~~~~~~~~~~~~~~
compilation terminated.
configure:5496: $? = 1
configure: failed program was:
| /* confdefs.h */
| #define PACKAGE_NAME "aravis"
| #define PACKAGE_TARNAME "aravis"
| #define PACKAGE_VERSION "0.4.0"
| #define PACKAGE_STRING "aravis 0.4.0"
| #define PACKAGE_BUGREPORT "http://bugzilla.gnome.org/enter_bug.cgi?product=aravis"
| #define PACKAGE_URL ""
| #define PACKAGE "aravis"
| #define VERSION "0.4.0"
| /* end confdefs.h.  */
| #include <ac_nonexistent.h>
configure:5525: checking for grep that handles long lines and -e
configure:5583: result: /usr/bin/grep
configure:5588: checking for egrep
configure:5650: result: /usr/bin/grep -E
configure:5655: checking for ANSI C header files
configure:5675: gcc -c -g -O2  conftest.c >&5
configure:5675: $? = 0
configure:5748: gcc -o conftest -g -O2   conftest.c  >&5
configure:5748: $? = 0
configure:5748: ./conftest
configure:5748: $? = 0
configure:5759: result: yes
configure:5780: checking for sys/types.h
configure:5780: gcc -c -g -O2  conftest.c >&5
configure:5780: $? = 0
configure:5780: result: yes
configure:5780: checking for sys/stat.h
configure:5780: gcc -c -g -O2  conftest.c >&5
configure:5780: $? = 0
configure:5780: result: yes
configure:5780: checking for stdlib.h
configure:5780: gcc -c -g -O2  conftest.c >&5
configure:5780: $? = 0
configure:5780: result: yes
configure:5780: checking for string.h
configure:5780: gcc -c -g -O2  conftest.c >&5
configure:5780: $? = 0
configure:5780: result: yes
configure:5780: checking for memory.h
configure:5780: gcc -c -g -O2  conftest.c >&5
configure:5780: $? = 0
configure:5780: result: yes
configure:5780: checking for strings.h
configure:5780: gcc -c -g -O2  conftest.c >&5
configure:5780: $? = 0
configure:5780: result: yes
configure:5780: checking for inttypes.h
configure:5780: gcc -c -g -O2  conftest.c >&5
configure:5780: $? = 0
configure:5780: result: yes
configure:5780: checking for stdint.h
configure:5780: gcc -c -g -O2  conftest.c >&5
configure:5780: $? = 0
configure:5780: result: yes
configure:5780: checking for unistd.h
configure:5780: gcc -c -g -O2  conftest.c >&5
configure:5780: $? = 0
configure:5780: result: yes
configure:5795: checking locale.h usability
configure:5795: gcc -c -g -O2  conftest.c >&5
configure:5795: $? = 0
configure:5795: result: yes
configure:5795: checking locale.h presence
configure:5795: gcc -E  conftest.c
configure:5795: $? = 0
configure:5795: result: yes
configure:5795: checking for locale.h
configure:5795: result: yes
configure:5806: checking for LC_MESSAGES
configure:5822: gcc -o conftest -g -O2   conftest.c  >&5
configure:5822: $? = 0
configure:5830: result: yes
configure:5847: checking libintl.h usability
configure:5847: gcc -c -g -O2  conftest.c >&5
configure:5847: $? = 0
configure:5847: result: yes
configure:5847: checking libintl.h presence
configure:5847: gcc -E  conftest.c
configure:5847: $? = 0
configure:5847: result: yes
configure:5847: checking for libintl.h
configure:5847: result: yes
configure:5855: checking for ngettext in libc
configure:5873: gcc -o conftest -g -O2   conftest.c  >&5
configure:5873: $? = 0
configure:5882: result: yes
configure:5886: checking for dgettext in libc
configure:5904: gcc -o conftest -g -O2   conftest.c  >&5
configure:5904: $? = 0
configure:5913: result: yes
configure:5920: checking for bind_textdomain_codeset
configure:5920: gcc -o conftest -g -O2   conftest.c  >&5
configure:5920: $? = 0
configure:5920: result: yes
configure:6196: checking for msgfmt
configure:6223: result: /usr/bin/msgfmt
configure:6234: checking for dcgettext
configure:6234: gcc -o conftest -g -O2   conftest.c   >&5
conftest.c:49:6: warning: conflicting types for built-in function 'dcgettext'; expected 'char *(const char *, const char *, int)' [-Wbuiltin-declaration-mismatch]
   49 | char dcgettext ();
      |      ^~~~~~~~~
configure:6234: $? = 0
configure:6234: result: yes
configure:6244: checking if msgfmt accepts -c
configure:6259: $MSGFMT -c -o /dev/null conftest.foo
conftest.foo:3: warning: header field 'Language' missing in header
configure:6262: $? = 0
configure:6264: result: yes
configure:6274: checking for gmsgfmt
configure:6305: result: /usr/bin/msgfmt
configure:6315: checking for xgettext
configure:6342: result: /usr/bin/xgettext
configure:6361: gcc -o conftest -g -O2   conftest.c   >&5
configure:6361: $? = 0
configure:6501: checking whether NLS is requested
configure:6510: result: yes
configure:6528: checking for intltool >= 0.31.2
configure:6530: result: 0.51.0 found
configure:6538: checking for intltool-update
configure:6556: found /usr/bin/intltool-update
configure:6568: result: /usr/bin/intltool-update
configure:6578: checking for intltool-merge
configure:6596: found /usr/bin/intltool-merge
configure:6608: result: /usr/bin/intltool-merge
configure:6618: checking for intltool-extract
configure:6636: found /usr/bin/intltool-extract
configure:6648: result: /usr/bin/intltool-extract
configure:6802: checking for xgettext
configure:6832: result: /usr/bin/xgettext
configure:6842: checking for msgmerge
configure:6860: found /usr/bin/msgmerge
configure:6872: result: /usr/bin/msgmerge
configure:6882: checking for msgfmt
configure:6912: result: /usr/bin/msgfmt
configure:6922: checking for gmsgfmt
configure:6953: result: /usr/bin/msgfmt
configure:6973: checking for perl
configure:6991: found /usr/bin/perl
configure:7003: result: /usr/bin/perl
configure:7014: checking for perl >= 5.8.1
configure:7021: result: 5.30.0
configure:7025: checking for XML::Parser
configure:7028: result: ok
configure:7071: checking build system type
configure:7085: result: x86_64-unknown-linux-gnu
configure:7105: checking host system type
configure:7118: result: x86_64-unknown-linux-gnu
configure:7159: checking how to print strings
configure:7186: result: printf
configure:7207: checking for a sed that does not truncate output
configure:7271: result: /usr/bin/sed
configure:7289: checking for fgrep
configure:7351: result: /usr/bin/grep -F
configure:7386: checking for ld used by gcc
configure:7453: result: /usr/bin/ld
configure:7460: checking if the linker (/usr/bin/ld) is GNU ld
configure:7475: result: yes
configure:7487: checking for BSD- or MS-compatible name lister (nm)
configure:7541: result: /usr/bin/nm -B
configure:7671: checking the name lister (/usr/bin/nm -B) interface
configure:7678: gcc -c -g -O2  conftest.c >&5
configure:7681: /usr/bin/nm -B "conftest.o"
configure:7684: output
0000000000000000 B some_variable
configure:7685: result: BSD nm
configure:7688: checking whether ln -s works
configure:7692: result: yes
configure:7700: checking the maximum length of command line arguments
configure:7831: result: 1572864
configure:7879: checking how to convert x86_64-unknown-linux-gnu file names to x86_64-unknown-linux-gnu format
configure:7919: result: func_convert_file_noop
configure:7926: checking how to convert x86_64-unknown-linux-gnu file names to toolchain format
configure:7946: result: func_convert_file_noop
configure:7953: checking for /usr/bin/ld option to reload object files
configure:7960: result: -r
configure:8034: checking for objdump
configure:8050: found /usr/bin/objdump
configure:8061: result: objdump
configure:8093: checking how to recognize dependent libraries
configure:8293: result: pass_all
configure:8378: checking for dlltool
configure:8408: result: no
configure:8438: checking how to associate runtime and link libraries
configure:8465: result: printf %s\n
configure:8525: checking for ar
configure:8541: found /usr/bin/ar
configure:8552: result: ar
configure:8589: checking for archiver @FILE support
configure:8606: gcc -c -g -O2  conftest.c >&5
configure:8606: $? = 0
configure:8609: ar cru libconftest.a @conftest.lst >&5
ar: `u' modifier ignored since `D' is the default (see `U')
configure:8612: $? = 0
configure:8617: ar cru libconftest.a @conftest.lst >&5
ar: `u' modifier ignored since `D' is the default (see `U')
ar: conftest.o: No such file or directory
configure:8620: $? = 1
configure:8619: result: @
configure:8677: checking for strip
configure:8693: found /usr/bin/strip
configure:8704: result: strip
configure:8776: checking for ranlib
configure:8792: found /usr/bin/ranlib
configure:8803: result: ranlib
configure:8905: checking command to parse /usr/bin/nm -B output from gcc object
configure:9058: gcc -c -g -O2  conftest.c >&5
configure:9061: $? = 0
configure:9065: /usr/bin/nm -B conftest.o \| sed -n -e 's/^.*[ ]\([ABCDGIRSTW][ABCDGIRSTW]*\)[ ][ ]*\([_A-Za-z][_A-Za-z0-9]*\)$/\1 \2 \2/p' | sed '/ __gnu_lto/d' \> conftest.nm
configure:9068: $? = 0
configure:9134: gcc -o conftest -g -O2   conftest.c conftstm.o >&5
configure:9137: $? = 0
configure:9175: result: ok
configure:9222: checking for sysroot
configure:9252: result: no
configure:9259: checking for a working dd
configure:9297: result: /usr/bin/dd
configure:9301: checking how to truncate binary pipes
configure:9316: result: /usr/bin/dd bs=4096 count=1
configure:9452: gcc -c -g -O2  conftest.c >&5
configure:9455: $? = 0
configure:9645: checking for mt
configure:9661: found /usr/bin/mt
configure:9672: result: mt
configure:9695: checking if mt is a manifest tool
configure:9701: mt '-?'
configure:9709: result: no
configure:10383: checking for dlfcn.h
configure:10383: gcc -c -g -O2  conftest.c >&5
configure:10383: $? = 0
configure:10383: result: yes
configure:10650: checking for objdir
configure:10665: result: .libs
configure:10929: checking if gcc supports -fno-rtti -fno-exceptions
configure:10947: gcc -c -g -O2  -fno-rtti -fno-exceptions conftest.c >&5
cc1: warning: command line option '-fno-rtti' is valid for C++/D/ObjC++ but not for C
configure:10951: $? = 0
configure:10964: result: no
configure:11322: checking for gcc option to produce PIC
configure:11329: result: -fPIC -DPIC
configure:11337: checking if gcc PIC flag -fPIC -DPIC works
configure:11355: gcc -c -g -O2  -fPIC -DPIC -DPIC conftest.c >&5
configure:11359: $? = 0
configure:11372: result: yes
configure:11401: checking if gcc static flag -static works
configure:11429: result: yes
configure:11444: checking if gcc supports -c -o file.o
configure:11465: gcc -c -g -O2  -o out/conftest2.o conftest.c >&5
configure:11469: $? = 0
configure:11491: result: yes
configure:11499: checking if gcc supports -c -o file.o
configure:11546: result: yes
configure:11579: checking whether the gcc linker (/usr/bin/ld -m elf_x86_64) supports shared libraries
configure:12838: result: yes
configure:12875: checking whether -lc should be explicitly linked in
configure:12883: gcc -c -g -O2  conftest.c >&5
configure:12886: $? = 0
configure:12901: gcc -shared  -fPIC -DPIC conftest.o  -v -Wl,-soname -Wl,conftest -o conftest 2\>\&1 \| /usr/bin/grep  -lc  \>/dev/null 2\>\&1
configure:12904: $? = 0
configure:12918: result: no
configure:13078: checking dynamic linker characteristics
configure:13659: gcc -o conftest -g -O2   -Wl,-rpath -Wl,/foo conftest.c  >&5
configure:13659: $? = 0
configure:13899: result: GNU/Linux ld.so
configure:14021: checking how to hardcode library paths into programs
configure:14046: result: immediate
configure:14594: checking whether stripping libraries is possible
configure:14599: result: yes
configure:14634: checking if libtool supports shared libraries
configure:14636: result: yes
configure:14639: checking whether to build shared libraries
configure:14664: result: yes
configure:14667: checking whether to build static libraries
configure:14671: result: yes
configure:11483: checking how to run the C++ preprocessor
configure:11510: g++ -E  conftest.cpp
configure:11510: $? = 0
configure:11524: g++ -E  conftest.cpp
conftest.cpp:30:10: fatal error: ac_nonexistent.h: No such file or directory
   30 | #include <ac_nonexistent.h>
      |          ^~~~~~~~~~~~~~~~~~
compilation terminated.
configure:11524: $? = 1
configure: failed program was:
| /* confdefs.h */
| #define PACKAGE_NAME "aravis"
| #define PACKAGE_TARNAME "aravis"
| #define PACKAGE_VERSION "0.4.0"
| #define PACKAGE_STRING "aravis 0.4.0"
| #define PACKAGE_BUGREPORT "http://bugzilla.gnome.org/enter_bug.cgi?product=aravis"
| #define PACKAGE_URL ""
| #define PACKAGE "aravis"
| #define VERSION "0.4.0"
| #define STDC_HEADERS 1
| #define GETTEXT_PACKAGE "aravis-0.4"
| #define HAVE_SYS_TYPES_H 1
| #define HAVE_SYS_STAT_H 1
| #define HAVE_STDLIB_H 1
| #define HAVE_STRING_H 1
| #define HAVE_MEMORY_H 1
| #define HAVE_STRINGS_H 1
| #define HAVE_INTTYPES_H 1
| #define HAVE_STDINT_H 1
| #define HAVE_UNISTD_H 1
| #define HAVE_LOCALE_H 1
| #define HAVE_LC_MESSAGES 1
| #define HAVE_BIND_TEXTDOMAIN_CODESET 1
| #define HAVE_GETTEXT 1
| #define HAVE_DCGETTEXT 1
| #define ENABLE_NLS 1
| #define HAVE_DLFCN_H 1
| #define LT_OBJDIR ".libs/"
| /* end confdefs.h.  */
| #include <ac_nonexistent.h>
configure:11549: result: g++ -E
configure:11569: g++ -E  conftest.cpp
configure:11569: $? = 0
configure:11583: g++ -E  conftest.cpp
conftest.cpp:30:10: fatal error: ac_nonexistent.h: No such file or directory
   30 | #include <ac_nonexistent.h>
      |          ^~~~~~~~~~~~~~~~~~
compilation terminated.
configure:11583: $? = 1
configure: failed program was:
| /* confdefs.h */
| #define PACKAGE_NAME "aravis"
| #define PACKAGE_TARNAME "aravis"
| #define PACKAGE_VERSION "0.4.0"
| #define PACKAGE_STRING "aravis 0.4.0"
| #define PACKAGE_BUGREPORT "http://bugzilla.gnome.org/enter_bug.cgi?product=aravis"
| #define PACKAGE_URL ""
| #define PACKAGE "aravis"
| #define VERSION "0.4.0"
| #define STDC_HEADERS 1
| #define GETTEXT_PACKAGE "aravis-0.4"
| #define HAVE_SYS_TYPES_H 1
| #define HAVE_SYS_STAT_H 1
| #define HAVE_STDLIB_H 1
| #define HAVE_STRING_H 1
| #define HAVE_MEMORY_H 1
| #define HAVE_STRINGS_H 1
| #define HAVE_INTTYPES_H 1
| #define HAVE_STDINT_H 1
| #define HAVE_UNISTD_H 1
| #define HAVE_LOCALE_H 1
| #define HAVE_LC_MESSAGES 1
| #define HAVE_BIND_TEXTDOMAIN_CODESET 1
| #define HAVE_GETTEXT 1
| #define HAVE_DCGETTEXT 1
| #define ENABLE_NLS 1
| #define HAVE_DLFCN_H 1
| #define LT_OBJDIR ".libs/"
| /* end confdefs.h.  */
| #include <ac_nonexistent.h>
configure:11745: checking for ld used by g++
configure:11812: result: /usr/bin/ld -m elf_x86_64
configure:11819: checking if the linker (/usr/bin/ld -m elf_x86_64) is GNU ld
configure:11834: result: yes
configure:11889: checking whether the g++ linker (/usr/bin/ld -m elf_x86_64) supports shared libraries
configure:12962: result: yes
configure:12998: g++ -c -g -O2  conftest.cpp >&5
configure:13001: $? = 0
configure:13482: checking for g++ option to produce PIC
configure:13489: result: -fPIC -DPIC
configure:13497: checking if g++ PIC flag -fPIC -DPIC works
configure:13515: g++ -c -g -O2  -fPIC -DPIC -DPIC conftest.cpp >&5
configure:13519: $? = 0
configure:13532: result: yes
configure:13555: checking if g++ static flag -static works
configure:13583: result: yes
configure:13595: checking if g++ supports -c -o file.o
configure:13616: g++ -c -g -O2  -o out/conftest2.o conftest.cpp >&5
configure:13620: $? = 0
configure:13642: result: yes
configure:13647: checking if g++ supports -c -o file.o
configure:13694: result: yes
configure:13724: checking whether the g++ linker (/usr/bin/ld -m elf_x86_64) supports shared libraries
configure:13764: result: yes
configure:13905: checking dynamic linker characteristics
configure:14653: result: GNU/Linux ld.so
configure:14718: checking how to hardcode library paths into programs
configure:14743: result: immediate
configure:13738: checking for pkg-config
configure:13756: found /usr/bin/pkg-config
configure:13768: result: /usr/bin/pkg-config
configure:13793: checking pkg-config is at least version 0.14
configure:13796: result: yes
configure:13821: checking for ARAVIS
configure:13828: $PKG_CONFIG --exists --print-errors "$ARAVIS_REQUIREMENTS"
configure:13831: $? = 0
configure:13845: $PKG_CONFIG --exists --print-errors "$ARAVIS_REQUIREMENTS"
configure:13848: $? = 0
configure:13906: result: yes
configure:13927: checking for ARAVIS_VIEWER
configure:13934: $PKG_CONFIG --exists --print-errors "$ARAVIS_VIEWER_REQUIREMENTS"
Package libnotify was not found in the pkg-config search path.
Perhaps you should add the directory containing `libnotify.pc'
to the PKG_CONFIG_PATH environment variable
No package 'libnotify' found
configure:13937: $? = 1
configure:13951: $PKG_CONFIG --exists --print-errors "$ARAVIS_VIEWER_REQUIREMENTS"
Package libnotify was not found in the pkg-config search path.
Perhaps you should add the directory containing `libnotify.pc'
to the PKG_CONFIG_PATH environment variable
No package 'libnotify' found
configure:13954: $? = 1
configure:13968: result: no
No package 'libnotify' found
configure:14025: checking for ARAVIS_GST_PLUGIN
configure:14032: $PKG_CONFIG --exists --print-errors "$ARAVIS_GSTREAMER_REQUIREMENTS"
configure:14035: $? = 0
configure:14049: $PKG_CONFIG --exists --print-errors "$ARAVIS_GSTREAMER_REQUIREMENTS"
configure:14052: $? = 0
configure:14094: result: yes
configure:14133: checking for ARAVIS_GST_0_10_PLUGIN
configure:14140: $PKG_CONFIG --exists --print-errors "$ARAVIS_GSTREAMER_0_10_REQUIREMENTS"
Package gstreamer-base-0.10 was not found in the pkg-config search path.
Perhaps you should add the directory containing `gstreamer-base-0.10.pc'
to the PKG_CONFIG_PATH environment variable
No package 'gstreamer-base-0.10' found
Package gstreamer-app-0.10 was not found in the pkg-config search path.
Perhaps you should add the directory containing `gstreamer-app-0.10.pc'
to the PKG_CONFIG_PATH environment variable
No package 'gstreamer-app-0.10' found
configure:14143: $? = 1
configure:14157: $PKG_CONFIG --exists --print-errors "$ARAVIS_GSTREAMER_0_10_REQUIREMENTS"
Package gstreamer-base-0.10 was not found in the pkg-config search path.
Perhaps you should add the directory containing `gstreamer-base-0.10.pc'
to the PKG_CONFIG_PATH environment variable
No package 'gstreamer-base-0.10' found
Package gstreamer-app-0.10 was not found in the pkg-config search path.
Perhaps you should add the directory containing `gstreamer-app-0.10.pc'
to the PKG_CONFIG_PATH environment variable
No package 'gstreamer-app-0.10' found
configure:14160: $? = 1
configure:14174: result: no
No package 'gstreamer-base-0.10' found
No package 'gstreamer-app-0.10' found
configure:14248: checking for glib-mkenums
configure:14266: found /usr/bin/glib-mkenums
configure:14278: result: /usr/bin/glib-mkenums
configure:14299: checking for gobject-introspection
configure:14330: $PKG_CONFIG --exists --print-errors "gobject-introspection-1.0 >= 0.10.0"
configure:14333: $? = 0
configure:14345: result: yes
configure:14388: checking for gtk-doc
configure:14391: $PKG_CONFIG --exists --print-errors "$gtk_doc_requires"
configure:14394: $? = 0
configure:14400: result: yes
configure:14414: checking for gtkdoc-check
configure:14430: found /usr/bin/gtkdoc-check
configure:14441: result: gtkdoc-check.test
configure:14451: checking for gtkdoc-check
configure:14469: found /usr/bin/gtkdoc-check
configure:14481: result: /usr/bin/gtkdoc-check
configure:14493: checking for gtkdoc-rebase
configure:14511: found /usr/bin/gtkdoc-rebase
configure:14523: result: /usr/bin/gtkdoc-rebase
configure:14537: checking for gtkdoc-mkpdf
configure:14555: found /usr/bin/gtkdoc-mkpdf
configure:14567: result: /usr/bin/gtkdoc-mkpdf
configure:14595: checking whether to build gtk-doc documentation
configure:14597: result: no
configure:14610: checking for GTKDOC_DEPS
configure:14617: $PKG_CONFIG --exists --print-errors "glib-2.0 >= 2.10.0 gobject-2.0  >= 2.10.0"
configure:14620: $? = 0
configure:14634: $PKG_CONFIG --exists --print-errors "glib-2.0 >= 2.10.0 gobject-2.0  >= 2.10.0"
configure:14637: $? = 0
configure:14675: result: yes
configure:14774: checking for appstream-util
configure:14807: result: no
configure:14979: checking that generated files are newer than configure
configure:14985: result: done
configure:15072: creating ./config.status

## ---------------------- ##
## Running config.status. ##
## ---------------------- ##

This file was extended by aravis config.status 0.4.0, which was
generated by GNU Autoconf 2.69.  Invocation command line was

  CONFIG_FILES    = 
  CONFIG_HEADERS  = 
  CONFIG_LINKS    = 
  CONFIG_COMMANDS = 
  $ ./config.status 

on abdulhamid-Predator-PH315-51

config.status:1331: creating Makefile
config.status:1331: creating src/Makefile
config.status:1331: creating viewer/Makefile
config.status:1331: creating viewer/data/Makefile
config.status:1331: creating viewer/data/arv-viewer.desktop.in
config.status:1331: creating viewer/data/arv-viewer.appdata.xml
config.status:1331: creating gst/Makefile
config.status:1331: creating gst-0.10/Makefile
config.status:1331: creating tests/Makefile
config.status:1331: creating po/Makefile.in
config.status:1331: creating docs/Makefile
config.status:1331: creating docs/reference/Makefile
config.status:1331: creating docs/reference/aravis/Makefile
config.status:1331: creating aravis.pc
config.status:1331: creating src/arvconfig.h
config.status:1560: executing depfiles commands
config.status:1560: executing default-1 commands
config.status:1560: executing libtool commands
config.status:1560: executing po/stamp-it commands

## ---------------- ##
## Cache variables. ##
## ---------------- ##

ac_cv_build=x86_64-unknown-linux-gnu
ac_cv_c_compiler_gnu=yes
ac_cv_cxx_compiler_gnu=yes
ac_cv_env_ARAVIS_CFLAGS_set=
ac_cv_env_ARAVIS_CFLAGS_value=
ac_cv_env_ARAVIS_GST_0_10_PLUGIN_CFLAGS_set=
ac_cv_env_ARAVIS_GST_0_10_PLUGIN_CFLAGS_value=
ac_cv_env_ARAVIS_GST_0_10_PLUGIN_LIBS_set=
ac_cv_env_ARAVIS_GST_0_10_PLUGIN_LIBS_value=
ac_cv_env_ARAVIS_GST_PLUGIN_CFLAGS_set=
ac_cv_env_ARAVIS_GST_PLUGIN_CFLAGS_value=
ac_cv_env_ARAVIS_GST_PLUGIN_LIBS_set=
ac_cv_env_ARAVIS_GST_PLUGIN_LIBS_value=
ac_cv_env_ARAVIS_LIBS_set=
ac_cv_env_ARAVIS_LIBS_value=
ac_cv_env_ARAVIS_VIEWER_CFLAGS_set=
ac_cv_env_ARAVIS_VIEWER_CFLAGS_value=
ac_cv_env_ARAVIS_VIEWER_LIBS_set=
ac_cv_env_ARAVIS_VIEWER_LIBS_value=
ac_cv_env_CCC_set=
ac_cv_env_CCC_value=
ac_cv_env_CC_set=
ac_cv_env_CC_value=
ac_cv_env_CFLAGS_set=
ac_cv_env_CFLAGS_value=
ac_cv_env_CPPFLAGS_set=
ac_cv_env_CPPFLAGS_value=
ac_cv_env_CPP_set=
ac_cv_env_CPP_value=
ac_cv_env_CXXCPP_set=
ac_cv_env_CXXCPP_value=
ac_cv_env_CXXFLAGS_set=
ac_cv_env_CXXFLAGS_value=
ac_cv_env_CXX_set=
ac_cv_env_CXX_value=
ac_cv_env_GTKDOC_DEPS_CFLAGS_set=
ac_cv_env_GTKDOC_DEPS_CFLAGS_value=
ac_cv_env_GTKDOC_DEPS_LIBS_set=
ac_cv_env_GTKDOC_DEPS_LIBS_value=
ac_cv_env_LDFLAGS_set=
ac_cv_env_LDFLAGS_value=
ac_cv_env_LIBS_set=
ac_cv_env_LIBS_value=
ac_cv_env_LT_SYS_LIBRARY_PATH_set=
ac_cv_env_LT_SYS_LIBRARY_PATH_value=
ac_cv_env_PKG_CONFIG_LIBDIR_set=
ac_cv_env_PKG_CONFIG_LIBDIR_value=
ac_cv_env_PKG_CONFIG_PATH_set=set
ac_cv_env_PKG_CONFIG_PATH_value=/opt/ros/noetic/lib/pkgconfig:/opt/ros/noetic/lib/x86_64-linux-gnu/pkgconfig
ac_cv_env_PKG_CONFIG_set=
ac_cv_env_PKG_CONFIG_value=
ac_cv_env_build_alias_set=
ac_cv_env_build_alias_value=
ac_cv_env_host_alias_set=
ac_cv_env_host_alias_value=
ac_cv_env_target_alias_set=
ac_cv_env_target_alias_value=
ac_cv_func_bind_textdomain_codeset=yes
ac_cv_func_dcgettext=yes
ac_cv_header_dlfcn_h=yes
ac_cv_header_inttypes_h=yes
ac_cv_header_libintl_h=yes
ac_cv_header_locale_h=yes
ac_cv_header_memory_h=yes
ac_cv_header_stdc=yes
ac_cv_header_stdint_h=yes
ac_cv_header_stdlib_h=yes
ac_cv_header_string_h=yes
ac_cv_header_strings_h=yes
ac_cv_header_sys_stat_h=yes
ac_cv_header_sys_types_h=yes
ac_cv_header_unistd_h=yes
ac_cv_host=x86_64-unknown-linux-gnu
ac_cv_objext=o
ac_cv_path_EGREP='/usr/bin/grep -E'
ac_cv_path_FGREP='/usr/bin/grep -F'
ac_cv_path_GLIB_MKENUMS=/usr/bin/glib-mkenums
ac_cv_path_GMSGFMT=/usr/bin/msgfmt
ac_cv_path_GREP=/usr/bin/grep
ac_cv_path_GTKDOC_CHECK_PATH=/usr/bin/gtkdoc-check
ac_cv_path_GTKDOC_MKPDF=/usr/bin/gtkdoc-mkpdf
ac_cv_path_GTKDOC_REBASE=/usr/bin/gtkdoc-rebase
ac_cv_path_INTLTOOL_EXTRACT=/usr/bin/intltool-extract
ac_cv_path_INTLTOOL_MERGE=/usr/bin/intltool-merge
ac_cv_path_INTLTOOL_PERL=/usr/bin/perl
ac_cv_path_INTLTOOL_UPDATE=/usr/bin/intltool-update
ac_cv_path_MSGFMT=/usr/bin/msgfmt
ac_cv_path_MSGMERGE=/usr/bin/msgmerge
ac_cv_path_SED=/usr/bin/sed
ac_cv_path_XGETTEXT=/usr/bin/xgettext
ac_cv_path_ac_pt_PKG_CONFIG=/usr/bin/pkg-config
ac_cv_path_install='/usr/bin/install -c'
ac_cv_path_lt_DD=/usr/bin/dd
ac_cv_path_mkdir=/usr/bin/mkdir
ac_cv_prog_AWK=mawk
ac_cv_prog_CPP='gcc -E'
ac_cv_prog_CXXCPP='g++ -E'
ac_cv_prog_GTKDOC_CHECK=gtkdoc-check.test
ac_cv_prog_ac_ct_AR=ar
ac_cv_prog_ac_ct_CC=gcc
ac_cv_prog_ac_ct_CXX=g++
ac_cv_prog_ac_ct_MANIFEST_TOOL=mt
ac_cv_prog_ac_ct_OBJDUMP=objdump
ac_cv_prog_ac_ct_RANLIB=ranlib
ac_cv_prog_ac_ct_STRIP=strip
ac_cv_prog_cc_c89=
ac_cv_prog_cc_g=yes
ac_cv_prog_cxx_g=yes
ac_cv_prog_make_make_set=yes
ac_cv_search_strerror='none required'
am_cv_CC_dependencies_compiler_type=gcc3
am_cv_CXX_dependencies_compiler_type=gcc3
am_cv_make_support_nested_variables=yes
am_cv_prog_cc_c_o=yes
am_cv_val_LC_MESSAGES=yes
gt_cv_func_dgettext_libc=yes
gt_cv_func_dgettext_libintl=no
gt_cv_func_ngettext_libc=yes
gt_cv_have_gettext=yes
lt_cv_ar_at_file=@
lt_cv_archive_cmds_need_lc=no
lt_cv_deplibs_check_method=pass_all
lt_cv_file_magic_cmd='$MAGIC_CMD'
lt_cv_file_magic_test_file=
lt_cv_ld_reload_flag=-r
lt_cv_nm_interface='BSD nm'
lt_cv_objdir=.libs
lt_cv_path_LD=/usr/bin/ld
lt_cv_path_LDCXX='/usr/bin/ld -m elf_x86_64'
lt_cv_path_NM='/usr/bin/nm -B'
lt_cv_path_mainfest_tool=no
lt_cv_prog_compiler_c_o=yes
lt_cv_prog_compiler_c_o_CXX=yes
lt_cv_prog_compiler_pic='-fPIC -DPIC'
lt_cv_prog_compiler_pic_CXX='-fPIC -DPIC'
lt_cv_prog_compiler_pic_works=yes
lt_cv_prog_compiler_pic_works_CXX=yes
lt_cv_prog_compiler_rtti_exceptions=no
lt_cv_prog_compiler_static_works=yes
lt_cv_prog_compiler_static_works_CXX=yes
lt_cv_prog_gnu_ld=yes
lt_cv_prog_gnu_ldcxx=yes
lt_cv_sharedlib_from_linklib_cmd='printf %s\n'
lt_cv_shlibpath_overrides_runpath=yes
lt_cv_sys_global_symbol_pipe='sed -n -e '\''s/^.*[	 ]\([ABCDGIRSTW][ABCDGIRSTW]*\)[	 ][	 ]*\([_A-Za-z][_A-Za-z0-9]*\)$/\1 \2 \2/p'\'' | sed '\''/ __gnu_lto/d'\'''
lt_cv_sys_global_symbol_to_c_name_address='sed -n -e '\''s/^: \(.*\) .*$/  {"\1", (void *) 0},/p'\'' -e '\''s/^[ABCDGIRSTW][ABCDGIRSTW]* .* \(.*\)$/  {"\1", (void *) \&\1},/p'\'''
lt_cv_sys_global_symbol_to_c_name_address_lib_prefix='sed -n -e '\''s/^: \(.*\) .*$/  {"\1", (void *) 0},/p'\'' -e '\''s/^[ABCDGIRSTW][ABCDGIRSTW]* .* \(lib.*\)$/  {"\1", (void *) \&\1},/p'\'' -e '\''s/^[ABCDGIRSTW][ABCDGIRSTW]* .* \(.*\)$/  {"lib\1", (void *) \&\1},/p'\'''
lt_cv_sys_global_symbol_to_cdecl='sed -n -e '\''s/^T .* \(.*\)$/extern int \1();/p'\'' -e '\''s/^[ABCDGIRSTW][ABCDGIRSTW]* .* \(.*\)$/extern char \1;/p'\'''
lt_cv_sys_global_symbol_to_import=
lt_cv_sys_max_cmd_len=1572864
lt_cv_to_host_file_cmd=func_convert_file_noop
lt_cv_to_tool_file_cmd=func_convert_file_noop
lt_cv_truncate_bin='/usr/bin/dd bs=4096 count=1'
pkg_cv_ARAVIS_CFLAGS='-pthread -I/usr/include/libmount -I/usr/include/blkid -I/usr/include/libxml2 -I/usr/include/glib-2.0 -I/usr/lib/x86_64-linux-gnu/glib-2.0/include'
pkg_cv_ARAVIS_GST_PLUGIN_CFLAGS='-pthread -I/usr/include/gstreamer-1.0 -I/usr/include/glib-2.0 -I/usr/lib/x86_64-linux-gnu/glib-2.0/include'
pkg_cv_ARAVIS_GST_PLUGIN_LIBS='-lgstapp-1.0 -lgstbase-1.0 -lgstreamer-1.0 -lgobject-2.0 -lglib-2.0'
pkg_cv_ARAVIS_LIBS='-lgio-2.0 -lgobject-2.0 -lxml2 -lgthread-2.0 -pthread -lglib-2.0 -lz'
pkg_cv_GTKDOC_DEPS_CFLAGS='-I/usr/include/glib-2.0 -I/usr/lib/x86_64-linux-gnu/glib-2.0/include'
pkg_cv_GTKDOC_DEPS_LIBS='-lgobject-2.0 -lglib-2.0'

## ----------------- ##
## Output variables. ##
## ----------------- ##








			then $(APPSTREAM_UTIL) --nonet validate $${d}$<; fi \
		$(INSTALL_DATA) $^ "$(DESTDIR)$(appstreamxmldir)"; \
		&& touch $@
		if test -n "$(APPSTREAM_UTIL)"; \
		test -z "$(appstreamxmldir)" || $(MKDIR_P) "$(DESTDIR)$(appstreamxmldir)"; \
	$(AM_V_GEN) if test -f "$<"; then d=; else d="$(srcdir)/"; fi; \
	@$(NORMAL_INSTALL)
	@$(NORMAL_UNINSTALL)
	@list='\''$(appstream_XML)'\''; test -n "$(appstreamxmldir)" || list=; \
	cd "$(DESTDIR)$(appstreamxmldir)" && rm -f $$files
	echo " ( cd '\''$(DESTDIR)$(appstreamxmldir)'\'' && rm -f" $$files ")"; \
	fi
	files=`for p in $$list; do echo $$p; done | sed -e '\''s|^.*/||'\''`; \
	if test -n "$^"; then \
	rm -f $(appstream_XML:.appdata.xml=.appdata.valid)'
	test -n "$$files" || exit 0; \
%.appdata.valid: %.appdata.xml
.PHONY : uninstall-appstream-xml install-appstream-xml clean-appstream-xml
.SECONDARY: $(appstream_XML)
ACLOCAL='${SHELL} /home/abdulhamid/catkin_ws_dep/src/add_post_pro2/depowdering_microepsilon_install-master/aravis-0.4.0/missing aclocal-1.15'
ALL_LINGUAS=''
AMDEPBACKSLASH='\'
AMDEP_FALSE='#'
AMDEP_TRUE=''
AMTAR='$${TAR-tar}'
AM_BACKSLASH='\'
AM_DEFAULT_V='$(AM_DEFAULT_VERBOSITY)'
AM_DEFAULT_VERBOSITY='0'
AM_V='$(V)'
APPSTREAM_UTIL=''
APPSTREAM_XML_RULES='
AR='ar'
ARAVIS_API_VERSION='0.4'
ARAVIS_API_VERSION_U='0_4'
ARAVIS_BUILD_CPP_TEST_FALSE=''
ARAVIS_BUILD_CPP_TEST_TRUE='#'
ARAVIS_BUILD_GST_0_10_PLUGIN_FALSE=''
ARAVIS_BUILD_GST_0_10_PLUGIN_TRUE='#'
ARAVIS_BUILD_GST_PLUGIN_FALSE='#'
ARAVIS_BUILD_GST_PLUGIN_TRUE=''
ARAVIS_BUILD_VIEWER_FALSE=''
ARAVIS_BUILD_VIEWER_TRUE='#'
ARAVIS_CFLAGS='-pthread -I/usr/include/libmount -I/usr/include/blkid -I/usr/include/libxml2 -I/usr/include/glib-2.0 -I/usr/lib/x86_64-linux-gnu/glib-2.0/include'
ARAVIS_GST_0_10_PLUGIN_CFLAGS=''
ARAVIS_GST_0_10_PLUGIN_LIBS='-lm '
ARAVIS_GST_PLUGIN_CFLAGS='-pthread -I/usr/include/gstreamer-1.0 -I/usr/include/glib-2.0 -I/usr/lib/x86_64-linux-gnu/glib-2.0/include'
ARAVIS_GST_PLUGIN_LIBS='-lm -lgstapp-1.0 -lgstbase-1.0 -lgstreamer-1.0 -lgobject-2.0 -lglib-2.0'
ARAVIS_LIBS='-lm -lgio-2.0 -lgobject-2.0 -lxml2 -lgthread-2.0 -pthread -lglib-2.0 -lz'
ARAVIS_VIEWER_CFLAGS=''
ARAVIS_VIEWER_LIBS='-lm '
AUTOCONF='${SHELL} /home/abdulhamid/catkin_ws_dep/src/add_post_pro2/depowdering_microepsilon_install-master/aravis-0.4.0/missing autoconf'
AUTOHEADER='${SHELL} /home/abdulhamid/catkin_ws_dep/src/add_post_pro2/depowdering_microepsilon_install-master/aravis-0.4.0/missing autoheader'
AUTOMAKE='${SHELL} /home/abdulhamid/catkin_ws_dep/src/add_post_pro2/depowdering_microepsilon_install-master/aravis-0.4.0/missing automake-1.15'
AWK='mawk'
BUILD_GTK_DOC_FALSE='#'
BUILD_GTK_DOC_TRUE=''
CATALOGS=''
CATOBJEXT='.gmo'
CC='gcc'
CCDEPMODE='depmode=gcc3'
CFLAGS='-g -O2'
CPP='gcc -E'
CPPFLAGS=''
CXX='g++'
CXXCPP='g++ -E'
CXXDEPMODE='depmode=gcc3'
CXXFLAGS='-g -O2'
CYGPATH_W='echo'
DATADIRNAME='share'
DEFS='-DHAVE_CONFIG_H'
DEPDIR='.deps'
DLLTOOL='false'
DSYMUTIL=''
DUMPBIN=''
ECHO_C=''
ECHO_N='-n'
ECHO_T=''
EGREP='/usr/bin/grep -E'
ENABLE_GTK_DOC_FALSE=''
ENABLE_GTK_DOC_TRUE='#'
EXEEXT=''
FGREP='/usr/bin/grep -F'
GETTEXT_PACKAGE='aravis-0.4'
GLIB_MKENUMS='/usr/bin/glib-mkenums'
GMOFILES=''
GMSGFMT='/usr/bin/msgfmt'
GREP='/usr/bin/grep'
GST_0_10_PLUGIN_LDFLAGS='-module -avoid-version -export-symbols-regex _*\(gst_\|Gst\|GST_\).*'
GST_PLUGIN_LDFLAGS='-module -avoid-version -export-symbols-regex _*\(gst_\|Gst\|GST_\).*'
GTKDOC_CHECK='gtkdoc-check.test'
GTKDOC_CHECK_PATH='/usr/bin/gtkdoc-check'
GTKDOC_DEPS_CFLAGS='-I/usr/include/glib-2.0 -I/usr/lib/x86_64-linux-gnu/glib-2.0/include'
GTKDOC_DEPS_LIBS='-lgobject-2.0 -lglib-2.0'
GTKDOC_MKPDF='/usr/bin/gtkdoc-mkpdf'
GTKDOC_REBASE='/usr/bin/gtkdoc-rebase'
GTK_DOC_BUILD_HTML_FALSE='#'
GTK_DOC_BUILD_HTML_TRUE=''
GTK_DOC_BUILD_PDF_FALSE=''
GTK_DOC_BUILD_PDF_TRUE='#'
GTK_DOC_USE_LIBTOOL_FALSE='#'
GTK_DOC_USE_LIBTOOL_TRUE=''
GTK_DOC_USE_REBASE_FALSE='#'
GTK_DOC_USE_REBASE_TRUE=''
HAVE_GTK_DOC_FALSE='#'
HAVE_GTK_DOC_TRUE=''
HAVE_INTROSPECTION_FALSE='#'
HAVE_INTROSPECTION_TRUE=''
HTML_DIR='${datadir}/gtk-doc/html'
INSTALL_DATA='${INSTALL} -m 644'
INSTALL_PROGRAM='${INSTALL}'
INSTALL_SCRIPT='${INSTALL}'
INSTALL_STRIP_PROGRAM='$(install_sh) -c -s'
INSTOBJEXT='.mo'
INTLLIBS=''
INTLTOOL_CAVES_RULE='%.caves:     %.caves.in     $(INTLTOOL_MERGE) $(wildcard $(top_srcdir)/po/*.po) ; $(INTLTOOL_V_MERGE)LC_ALL=C $(INTLTOOL_MERGE) $(INTLTOOL_V_MERGE_OPTIONS) -d -u -c $(top_builddir)/po/.intltool-merge-cache $(top_srcdir)/po $< $@'
INTLTOOL_DESKTOP_RULE='%.desktop:   %.desktop.in   $(INTLTOOL_MERGE) $(wildcard $(top_srcdir)/po/*.po) ; $(INTLTOOL_V_MERGE)LC_ALL=C $(INTLTOOL_MERGE) $(INTLTOOL_V_MERGE_OPTIONS) -d -u -c $(top_builddir)/po/.intltool-merge-cache $(top_srcdir)/po $< $@'
INTLTOOL_DIRECTORY_RULE='%.directory: %.directory.in $(INTLTOOL_MERGE) $(wildcard $(top_srcdir)/po/*.po) ; $(INTLTOOL_V_MERGE)LC_ALL=C $(INTLTOOL_MERGE) $(INTLTOOL_V_MERGE_OPTIONS) -d -u -c $(top_builddir)/po/.intltool-merge-cache $(top_srcdir)/po $< $@'
INTLTOOL_EXTRACT='/usr/bin/intltool-extract'
INTLTOOL_KBD_RULE='%.kbd:       %.kbd.in       $(INTLTOOL_MERGE) $(wildcard $(top_srcdir)/po/*.po) ; $(INTLTOOL_V_MERGE)LC_ALL=C $(INTLTOOL_MERGE) $(INTLTOOL_V_MERGE_OPTIONS) -x -u -m -c $(top_builddir)/po/.intltool-merge-cache $(top_srcdir)/po $< $@'
INTLTOOL_KEYS_RULE='%.keys:      %.keys.in      $(INTLTOOL_MERGE) $(wildcard $(top_srcdir)/po/*.po) ; $(INTLTOOL_V_MERGE)LC_ALL=C $(INTLTOOL_MERGE) $(INTLTOOL_V_MERGE_OPTIONS) -k -u -c $(top_builddir)/po/.intltool-merge-cache $(top_srcdir)/po $< $@'
INTLTOOL_MERGE='/usr/bin/intltool-merge'
INTLTOOL_OAF_RULE='%.oaf:       %.oaf.in       $(INTLTOOL_MERGE) $(wildcard $(top_srcdir)/po/*.po) ; $(INTLTOOL_V_MERGE)LC_ALL=C $(INTLTOOL_MERGE) $(INTLTOOL_V_MERGE_OPTIONS) -o -p $(top_srcdir)/po $< $@'
INTLTOOL_PERL='/usr/bin/perl'
INTLTOOL_POLICY_RULE='%.policy:    %.policy.in    $(INTLTOOL_MERGE) $(wildcard $(top_srcdir)/po/*.po) ; $(INTLTOOL_V_MERGE)LC_ALL=C $(INTLTOOL_MERGE) $(INTLTOOL_V_MERGE_OPTIONS) -x -u -c $(top_builddir)/po/.intltool-merge-cache $(top_srcdir)/po $< $@'
INTLTOOL_PONG_RULE='%.pong:      %.pong.in      $(INTLTOOL_MERGE) $(wildcard $(top_srcdir)/po/*.po) ; $(INTLTOOL_V_MERGE)LC_ALL=C $(INTLTOOL_MERGE) $(INTLTOOL_V_MERGE_OPTIONS) -x -u -c $(top_builddir)/po/.intltool-merge-cache $(top_srcdir)/po $< $@'
INTLTOOL_PROP_RULE='%.prop:      %.prop.in      $(INTLTOOL_MERGE) $(wildcard $(top_srcdir)/po/*.po) ; $(INTLTOOL_V_MERGE)LC_ALL=C $(INTLTOOL_MERGE) $(INTLTOOL_V_MERGE_OPTIONS) -d -u -c $(top_builddir)/po/.intltool-merge-cache $(top_srcdir)/po $< $@'
INTLTOOL_SCHEMAS_RULE='%.schemas:   %.schemas.in   $(INTLTOOL_MERGE) $(wildcard $(top_srcdir)/po/*.po) ; $(INTLTOOL_V_MERGE)LC_ALL=C $(INTLTOOL_MERGE) $(INTLTOOL_V_MERGE_OPTIONS) -s -u -c $(top_builddir)/po/.intltool-merge-cache $(top_srcdir)/po $< $@'
INTLTOOL_SERVER_RULE='%.server:    %.server.in    $(INTLTOOL_MERGE) $(wildcard $(top_srcdir)/po/*.po) ; $(INTLTOOL_V_MERGE)LC_ALL=C $(INTLTOOL_MERGE) $(INTLTOOL_V_MERGE_OPTIONS) -o -u -c $(top_builddir)/po/.intltool-merge-cache $(top_srcdir)/po $< $@'
INTLTOOL_SERVICE_RULE='%.service: %.service.in   $(INTLTOOL_MERGE) $(wildcard $(top_srcdir)/po/*.po) ; $(INTLTOOL_V_MERGE)LC_ALL=C $(INTLTOOL_MERGE) $(INTLTOOL_V_MERGE_OPTIONS) -d -u -c $(top_builddir)/po/.intltool-merge-cache $(top_srcdir)/po $< $@'
INTLTOOL_SHEET_RULE='%.sheet:     %.sheet.in     $(INTLTOOL_MERGE) $(wildcard $(top_srcdir)/po/*.po) ; $(INTLTOOL_V_MERGE)LC_ALL=C $(INTLTOOL_MERGE) $(INTLTOOL_V_MERGE_OPTIONS) -x -u -c $(top_builddir)/po/.intltool-merge-cache $(top_srcdir)/po $< $@'
INTLTOOL_SOUNDLIST_RULE='%.soundlist: %.soundlist.in $(INTLTOOL_MERGE) $(wildcard $(top_srcdir)/po/*.po) ; $(INTLTOOL_V_MERGE)LC_ALL=C $(INTLTOOL_MERGE) $(INTLTOOL_V_MERGE_OPTIONS) -d -u -c $(top_builddir)/po/.intltool-merge-cache $(top_srcdir)/po $< $@'
INTLTOOL_THEME_RULE='%.theme:     %.theme.in     $(INTLTOOL_MERGE) $(wildcard $(top_srcdir)/po/*.po) ; $(INTLTOOL_V_MERGE)LC_ALL=C $(INTLTOOL_MERGE) $(INTLTOOL_V_MERGE_OPTIONS) -d -u -c $(top_builddir)/po/.intltool-merge-cache $(top_srcdir)/po $< $@'
INTLTOOL_UI_RULE='%.ui:        %.ui.in        $(INTLTOOL_MERGE) $(wildcard $(top_srcdir)/po/*.po) ; $(INTLTOOL_V_MERGE)LC_ALL=C $(INTLTOOL_MERGE) $(INTLTOOL_V_MERGE_OPTIONS) -x -u -c $(top_builddir)/po/.intltool-merge-cache $(top_srcdir)/po $< $@'
INTLTOOL_UPDATE='/usr/bin/intltool-update'
INTLTOOL_V_MERGE='$(INTLTOOL__v_MERGE_$(V))'
INTLTOOL_V_MERGE_OPTIONS='$(intltool__v_merge_options_$(V))'
INTLTOOL_XAM_RULE='%.xam:       %.xml.in       $(INTLTOOL_MERGE) $(wildcard $(top_srcdir)/po/*.po) ; $(INTLTOOL_V_MERGE)LC_ALL=C $(INTLTOOL_MERGE) $(INTLTOOL_V_MERGE_OPTIONS) -x -u -c $(top_builddir)/po/.intltool-merge-cache $(top_srcdir)/po $< $@'
INTLTOOL_XML_NOMERGE_RULE='%.xml:       %.xml.in       $(INTLTOOL_MERGE) ; $(INTLTOOL_V_MERGE)LC_ALL=C $(INTLTOOL_MERGE) $(INTLTOOL_V_MERGE_OPTIONS) -x -u --no-translations $< $@'
INTLTOOL_XML_RULE='%.xml:       %.xml.in       $(INTLTOOL_MERGE) $(wildcard $(top_srcdir)/po/*.po) ; $(INTLTOOL_V_MERGE)LC_ALL=C $(INTLTOOL_MERGE) $(INTLTOOL_V_MERGE_OPTIONS) -x -u -c $(top_builddir)/po/.intltool-merge-cache $(top_srcdir)/po $< $@'
INTLTOOL__v_MERGE_0='@echo "  ITMRG " $@;'
INTLTOOL__v_MERGE_='$(INTLTOOL__v_MERGE_$(AM_DEFAULT_VERBOSITY))'
INTROSPECTION_CFLAGS='-pthread -I/usr/include/gobject-introspection-1.0 -I/usr/include/glib-2.0 -I/usr/lib/x86_64-linux-gnu/glib-2.0/include'
INTROSPECTION_COMPILER='/usr/bin/g-ir-compiler'
INTROSPECTION_GENERATE='/usr/bin/g-ir-generate'
INTROSPECTION_GIRDIR='/usr/share/gir-1.0'
INTROSPECTION_LIBS='-lgirepository-1.0 -lgobject-2.0 -lglib-2.0'
INTROSPECTION_MAKEFILE='/usr/share/gobject-introspection-1.0/Makefile.introspection'
INTROSPECTION_SCANNER='/usr/bin/g-ir-scanner'
INTROSPECTION_TYPELIBDIR='/usr/lib/x86_64-linux-gnu/girepository-1.0'
LD='/usr/bin/ld -m elf_x86_64'
LDFLAGS=''
LIBOBJS=''
LIBS=''
LIBTOOL='$(SHELL) $(top_builddir)/libtool'
LIPO=''
LN_S='ln -s'
LTLIBOBJS=''
LT_SYS_LIBRARY_PATH=''
MAINT='#'
MAINTAINER_MODE_FALSE=''
MAINTAINER_MODE_TRUE='#'
MAKEINFO='${SHELL} /home/abdulhamid/catkin_ws_dep/src/add_post_pro2/depowdering_microepsilon_install-master/aravis-0.4.0/missing makeinfo'
MANIFEST_TOOL=':'
MKDIR_P='/usr/bin/mkdir -p'
MKINSTALLDIRS='./mkinstalldirs'
MSGFMT='/usr/bin/msgfmt'
MSGFMT_OPTS='-c'
MSGMERGE='/usr/bin/msgmerge'
NM='/usr/bin/nm -B'
NMEDIT=''
OBJDUMP='objdump'
OBJEXT='o'
OTOOL64=''
OTOOL=''
PACKAGE='aravis'
PACKAGE_BUGREPORT='http://bugzilla.gnome.org/enter_bug.cgi?product=aravis'
PACKAGE_NAME='aravis'
PACKAGE_STRING='aravis 0.4.0'
PACKAGE_TARNAME='aravis'
PACKAGE_URL=''
PACKAGE_VERSION='0.4.0'
PATH_SEPARATOR=':'
PKG_CONFIG='/usr/bin/pkg-config'
PKG_CONFIG_LIBDIR=''
PKG_CONFIG_PATH='/opt/ros/noetic/lib/pkgconfig:/opt/ros/noetic/lib/x86_64-linux-gnu/pkgconfig'
POFILES=''
POSUB='po'
PO_IN_DATADIR_FALSE=''
PO_IN_DATADIR_TRUE=''
RANLIB='ranlib'
SED='/usr/bin/sed'
SET_MAKE=''
SHELL='/bin/bash'
STRIP='strip'
USE_NLS='yes'
VERSION='0.4.0'
XGETTEXT='/usr/bin/xgettext'
ac_ct_AR='ar'
ac_ct_CC='gcc'
ac_ct_CXX='g++'
ac_ct_DUMPBIN=''
am__EXEEXT_FALSE=''
am__EXEEXT_TRUE='#'
am__fastdepCC_FALSE='#'
am__fastdepCC_TRUE=''
am__fastdepCXX_FALSE='#'
am__fastdepCXX_TRUE=''
am__include='include'
am__isrc=''
am__leading_dot='.'
am__nodep='_no'
am__quote=''
am__tar='$${TAR-tar} chof - "$$tardir"'
am__untar='$${TAR-tar} xf -'
appstreamxmldir='${datarootdir}/appdata'
aravis_datadir='$(datadir)/aravis-$(ARAVIS_API_VERSION)'
bindir='${exec_prefix}/bin'
build='x86_64-unknown-linux-gnu'
build_alias=''
build_cpu='x86_64'
build_os='linux-gnu'
build_vendor='unknown'
check-am: $(appstream_XML:.appdata.xml=.appdata.valid)
clean-appstream-xml:
datadir='${datarootdir}'
datarootdir='${prefix}/share'
docdir='${datarootdir}/doc/${PACKAGE_TARNAME}'
dvidir='${docdir}'
exec_prefix='${prefix}'
gst010plugindir='$(libdir)/gstreamer-0.10'
gstplugindir='$(libdir)/gstreamer-1.0'
host='x86_64-unknown-linux-gnu'
host_alias=''
host_cpu='x86_64'
host_os='linux-gnu'
host_vendor='unknown'
htmldir='${docdir}'
includedir='${prefix}/include'
infodir='${datarootdir}/info'
install-appstream-xml: $(appstream_XML)
install-data-am: install-appstream-xml
install_sh='${SHELL} /home/abdulhamid/catkin_ws_dep/src/add_post_pro2/depowdering_microepsilon_install-master/aravis-0.4.0/install-sh'
intltool__v_merge_options_0='-q'
intltool__v_merge_options_='$(intltool__v_merge_options_$(AM_DEFAULT_VERBOSITY))'
libdir='${exec_prefix}/lib'
libexecdir='${exec_prefix}/libexec'
localedir='${datarootdir}/locale'
localstatedir='${prefix}/var'
mandir='${datarootdir}/man'
mkdir_p='$(MKDIR_P)'
mostlyclean-am: clean-appstream-xml
oldincludedir='/usr/include'
pdfdir='${docdir}'
prefix='/usr/local'
program_transform_name='s,x,x,'
psdir='${docdir}'
sbindir='${exec_prefix}/sbin'
sharedstatedir='${prefix}/com'
sysconfdir='${prefix}/etc'
target_alias=''
uninstall-am: uninstall-appstream-xml
uninstall-appstream-xml:

## ----------- ##
## confdefs.h. ##
## ----------- ##

/* confdefs.h */
#define PACKAGE_NAME "aravis"
#define PACKAGE_TARNAME "aravis"
#define PACKAGE_VERSION "0.4.0"
#define PACKAGE_STRING "aravis 0.4.0"
#define PACKAGE_BUGREPORT "http://bugzilla.gnome.org/enter_bug.cgi?product=aravis"
#define PACKAGE_URL ""
#define PACKAGE "aravis"
#define VERSION "0.4.0"
#define STDC_HEADERS 1
#define GETTEXT_PACKAGE "aravis-0.4"
#define HAVE_SYS_TYPES_H 1
#define HAVE_SYS_STAT_H 1
#define HAVE_STDLIB_H 1
#define HAVE_STRING_H 1
#define HAVE_MEMORY_H 1
#define HAVE_STRINGS_H 1
#define HAVE_INTTYPES_H 1
#define HAVE_STDINT_H 1
#define HAVE_UNISTD_H 1
#define HAVE_LOCALE_H 1
#define HAVE_LC_MESSAGES 1
#define HAVE_BIND_TEXTDOMAIN_CODESET 1
#define HAVE_GETTEXT 1
#define HAVE_DCGETTEXT 1
#define ENABLE_NLS 1
#define HAVE_DLFCN_H 1
#define LT_OBJDIR ".libs/"
#define ARAVIS_BUILD_GST_PLUGIN 1

configure: exit 0
