Linked: (/home/cerlab/depowdering_ws/devel/.private/realsense_cam/lib/python3/dist-packages/realsense_cam/__init__.py, /home/cerlab/depowdering_ws/devel/lib/python3/dist-packages/realsense_cam/__init__.py)
Linked: (/home/cerlab/depowdering_ws/devel/.private/realsense_cam/lib/python3/dist-packages/realsense_cam/srv/_FindWorkspaceCenter.py, /home/cerlab/depowdering_ws/devel/lib/python3/dist-packages/realsense_cam/srv/_FindWorkspaceCenter.py)
Linked: (/home/cerlab/depowdering_ws/devel/.private/realsense_cam/lib/python3/dist-packages/realsense_cam/srv/_FetchOnePointCloud.py, /home/cerlab/depowdering_ws/devel/lib/python3/dist-packages/realsense_cam/srv/_FetchOnePointCloud.py)
Linked: (/home/cerlab/depowdering_ws/devel/.private/realsense_cam/lib/python3/dist-packages/realsense_cam/srv/_SaveOneRGB.py, /home/cerlab/depowdering_ws/devel/lib/python3/dist-packages/realsense_cam/srv/_SaveOneRGB.py)
Linked: (/home/cerlab/depowdering_ws/devel/.private/realsense_cam/lib/python3/dist-packages/realsense_cam/srv/__init__.py, /home/cerlab/depowdering_ws/devel/lib/python3/dist-packages/realsense_cam/srv/__init__.py)
Linked: (/home/cerlab/depowdering_ws/devel/.private/realsense_cam/lib/python3/dist-packages/realsense_cam/srv/_FetchOneDepth.py, /home/cerlab/depowdering_ws/devel/lib/python3/dist-packages/realsense_cam/srv/_FetchOneDepth.py)
Linked: (/home/cerlab/depowdering_ws/devel/.private/realsense_cam/lib/python3/dist-packages/realsense_cam/srv/_SaveOnePCL.py, /home/cerlab/depowdering_ws/devel/lib/python3/dist-packages/realsense_cam/srv/_SaveOnePCL.py)
Linked: (/home/cerlab/depowdering_ws/devel/.private/realsense_cam/lib/python3/dist-packages/realsense_cam/srv/_FindBoxPoints.py, /home/cerlab/depowdering_ws/devel/lib/python3/dist-packages/realsense_cam/srv/_FindBoxPoints.py)
Linked: (/home/cerlab/depowdering_ws/devel/.private/realsense_cam/lib/python3/dist-packages/realsense_cam/srv/_FetchOneRGB.py, /home/cerlab/depowdering_ws/devel/lib/python3/dist-packages/realsense_cam/srv/_FetchOneRGB.py)
Linked: (/home/cerlab/depowdering_ws/devel/.private/realsense_cam/lib/pkgconfig/realsense_cam.pc, /home/cerlab/depowdering_ws/devel/lib/pkgconfig/realsense_cam.pc)
Linked: (/home/cerlab/depowdering_ws/devel/.private/realsense_cam/lib/realsense_cam/realsense_cam, /home/cerlab/depowdering_ws/devel/lib/realsense_cam/realsense_cam)
Linked: (/home/cerlab/depowdering_ws/devel/.private/realsense_cam/include/realsense_cam/FetchOneRGBResponse.h, /home/cerlab/depowdering_ws/devel/include/realsense_cam/FetchOneRGBResponse.h)
Linked: (/home/cerlab/depowdering_ws/devel/.private/realsense_cam/include/realsense_cam/FetchOnePointCloudResponse.h, /home/cerlab/depowdering_ws/devel/include/realsense_cam/FetchOnePointCloudResponse.h)
Linked: (/home/cerlab/depowdering_ws/devel/.private/realsense_cam/include/realsense_cam/FindWorkspaceCenter.h, /home/cerlab/depowdering_ws/devel/include/realsense_cam/FindWorkspaceCenter.h)
Linked: (/home/cerlab/depowdering_ws/devel/.private/realsense_cam/include/realsense_cam/FetchOneDepthResponse.h, /home/cerlab/depowdering_ws/devel/include/realsense_cam/FetchOneDepthResponse.h)
Linked: (/home/cerlab/depowdering_ws/devel/.private/realsense_cam/include/realsense_cam/SaveOneRGB.h, /home/cerlab/depowdering_ws/devel/include/realsense_cam/SaveOneRGB.h)
Linked: (/home/cerlab/depowdering_ws/devel/.private/realsense_cam/include/realsense_cam/FindBoxPoints.h, /home/cerlab/depowdering_ws/devel/include/realsense_cam/FindBoxPoints.h)
Linked: (/home/cerlab/depowdering_ws/devel/.private/realsense_cam/include/realsense_cam/FetchOnePointCloudRequest.h, /home/cerlab/depowdering_ws/devel/include/realsense_cam/FetchOnePointCloudRequest.h)
Linked: (/home/cerlab/depowdering_ws/devel/.private/realsense_cam/include/realsense_cam/SaveOnePCLResponse.h, /home/cerlab/depowdering_ws/devel/include/realsense_cam/SaveOnePCLResponse.h)
Linked: (/home/cerlab/depowdering_ws/devel/.private/realsense_cam/include/realsense_cam/FetchOneRGBRequest.h, /home/cerlab/depowdering_ws/devel/include/realsense_cam/FetchOneRGBRequest.h)
Linked: (/home/cerlab/depowdering_ws/devel/.private/realsense_cam/include/realsense_cam/SaveOnePCL.h, /home/cerlab/depowdering_ws/devel/include/realsense_cam/SaveOnePCL.h)
Linked: (/home/cerlab/depowdering_ws/devel/.private/realsense_cam/include/realsense_cam/SaveOnePCLRequest.h, /home/cerlab/depowdering_ws/devel/include/realsense_cam/SaveOnePCLRequest.h)
Linked: (/home/cerlab/depowdering_ws/devel/.private/realsense_cam/include/realsense_cam/FindWorkspaceCenterRequest.h, /home/cerlab/depowdering_ws/devel/include/realsense_cam/FindWorkspaceCenterRequest.h)
Linked: (/home/cerlab/depowdering_ws/devel/.private/realsense_cam/include/realsense_cam/FindWorkspaceCenterResponse.h, /home/cerlab/depowdering_ws/devel/include/realsense_cam/FindWorkspaceCenterResponse.h)
Linked: (/home/cerlab/depowdering_ws/devel/.private/realsense_cam/include/realsense_cam/FindBoxPointsResponse.h, /home/cerlab/depowdering_ws/devel/include/realsense_cam/FindBoxPointsResponse.h)
Linked: (/home/cerlab/depowdering_ws/devel/.private/realsense_cam/include/realsense_cam/FetchOneRGB.h, /home/cerlab/depowdering_ws/devel/include/realsense_cam/FetchOneRGB.h)
Linked: (/home/cerlab/depowdering_ws/devel/.private/realsense_cam/include/realsense_cam/SaveOneRGBResponse.h, /home/cerlab/depowdering_ws/devel/include/realsense_cam/SaveOneRGBResponse.h)
Linked: (/home/cerlab/depowdering_ws/devel/.private/realsense_cam/include/realsense_cam/FetchOnePointCloud.h, /home/cerlab/depowdering_ws/devel/include/realsense_cam/FetchOnePointCloud.h)
Linked: (/home/cerlab/depowdering_ws/devel/.private/realsense_cam/include/realsense_cam/FindBoxPointsRequest.h, /home/cerlab/depowdering_ws/devel/include/realsense_cam/FindBoxPointsRequest.h)
Linked: (/home/cerlab/depowdering_ws/devel/.private/realsense_cam/include/realsense_cam/SaveOneRGBRequest.h, /home/cerlab/depowdering_ws/devel/include/realsense_cam/SaveOneRGBRequest.h)
Linked: (/home/cerlab/depowdering_ws/devel/.private/realsense_cam/include/realsense_cam/FetchOneDepth.h, /home/cerlab/depowdering_ws/devel/include/realsense_cam/FetchOneDepth.h)
Linked: (/home/cerlab/depowdering_ws/devel/.private/realsense_cam/include/realsense_cam/FetchOneDepthRequest.h, /home/cerlab/depowdering_ws/devel/include/realsense_cam/FetchOneDepthRequest.h)
Linked: (/home/cerlab/depowdering_ws/devel/.private/realsense_cam/share/common-lisp/ros/realsense_cam/srv/realsense_cam-srv.asd, /home/cerlab/depowdering_ws/devel/share/common-lisp/ros/realsense_cam/srv/realsense_cam-srv.asd)
Linked: (/home/cerlab/depowdering_ws/devel/.private/realsense_cam/share/common-lisp/ros/realsense_cam/srv/_package.lisp, /home/cerlab/depowdering_ws/devel/share/common-lisp/ros/realsense_cam/srv/_package.lisp)
Linked: (/home/cerlab/depowdering_ws/devel/.private/realsense_cam/share/common-lisp/ros/realsense_cam/srv/FindWorkspaceCenter.lisp, /home/cerlab/depowdering_ws/devel/share/common-lisp/ros/realsense_cam/srv/FindWorkspaceCenter.lisp)
Linked: (/home/cerlab/depowdering_ws/devel/.private/realsense_cam/share/common-lisp/ros/realsense_cam/srv/_package_SaveOneRGB.lisp, /home/cerlab/depowdering_ws/devel/share/common-lisp/ros/realsense_cam/srv/_package_SaveOneRGB.lisp)
Linked: (/home/cerlab/depowdering_ws/devel/.private/realsense_cam/share/common-lisp/ros/realsense_cam/srv/_package_FindBoxPoints.lisp, /home/cerlab/depowdering_ws/devel/share/common-lisp/ros/realsense_cam/srv/_package_FindBoxPoints.lisp)
Linked: (/home/cerlab/depowdering_ws/devel/.private/realsense_cam/share/common-lisp/ros/realsense_cam/srv/FetchOnePointCloud.lisp, /home/cerlab/depowdering_ws/devel/share/common-lisp/ros/realsense_cam/srv/FetchOnePointCloud.lisp)
Linked: (/home/cerlab/depowdering_ws/devel/.private/realsense_cam/share/common-lisp/ros/realsense_cam/srv/_package_SaveOnePCL.lisp, /home/cerlab/depowdering_ws/devel/share/common-lisp/ros/realsense_cam/srv/_package_SaveOnePCL.lisp)
Linked: (/home/cerlab/depowdering_ws/devel/.private/realsense_cam/share/common-lisp/ros/realsense_cam/srv/FetchOneRGB.lisp, /home/cerlab/depowdering_ws/devel/share/common-lisp/ros/realsense_cam/srv/FetchOneRGB.lisp)
Linked: (/home/cerlab/depowdering_ws/devel/.private/realsense_cam/share/common-lisp/ros/realsense_cam/srv/_package_FindWorkspaceCenter.lisp, /home/cerlab/depowdering_ws/devel/share/common-lisp/ros/realsense_cam/srv/_package_FindWorkspaceCenter.lisp)
Linked: (/home/cerlab/depowdering_ws/devel/.private/realsense_cam/share/common-lisp/ros/realsense_cam/srv/_package_FetchOnePointCloud.lisp, /home/cerlab/depowdering_ws/devel/share/common-lisp/ros/realsense_cam/srv/_package_FetchOnePointCloud.lisp)
Linked: (/home/cerlab/depowdering_ws/devel/.private/realsense_cam/share/common-lisp/ros/realsense_cam/srv/SaveOneRGB.lisp, /home/cerlab/depowdering_ws/devel/share/common-lisp/ros/realsense_cam/srv/SaveOneRGB.lisp)
Linked: (/home/cerlab/depowdering_ws/devel/.private/realsense_cam/share/common-lisp/ros/realsense_cam/srv/_package_FetchOneDepth.lisp, /home/cerlab/depowdering_ws/devel/share/common-lisp/ros/realsense_cam/srv/_package_FetchOneDepth.lisp)
Linked: (/home/cerlab/depowdering_ws/devel/.private/realsense_cam/share/common-lisp/ros/realsense_cam/srv/_package_FetchOneRGB.lisp, /home/cerlab/depowdering_ws/devel/share/common-lisp/ros/realsense_cam/srv/_package_FetchOneRGB.lisp)
Linked: (/home/cerlab/depowdering_ws/devel/.private/realsense_cam/share/common-lisp/ros/realsense_cam/srv/FetchOneDepth.lisp, /home/cerlab/depowdering_ws/devel/share/common-lisp/ros/realsense_cam/srv/FetchOneDepth.lisp)
Linked: (/home/cerlab/depowdering_ws/devel/.private/realsense_cam/share/common-lisp/ros/realsense_cam/srv/FindBoxPoints.lisp, /home/cerlab/depowdering_ws/devel/share/common-lisp/ros/realsense_cam/srv/FindBoxPoints.lisp)
Linked: (/home/cerlab/depowdering_ws/devel/.private/realsense_cam/share/common-lisp/ros/realsense_cam/srv/SaveOnePCL.lisp, /home/cerlab/depowdering_ws/devel/share/common-lisp/ros/realsense_cam/srv/SaveOnePCL.lisp)
Linked: (/home/cerlab/depowdering_ws/devel/.private/realsense_cam/share/realsense_cam/cmake/realsense_camConfig-version.cmake, /home/cerlab/depowdering_ws/devel/share/realsense_cam/cmake/realsense_camConfig-version.cmake)
Linked: (/home/cerlab/depowdering_ws/devel/.private/realsense_cam/share/realsense_cam/cmake/realsense_cam-msg-extras.cmake, /home/cerlab/depowdering_ws/devel/share/realsense_cam/cmake/realsense_cam-msg-extras.cmake)
Linked: (/home/cerlab/depowdering_ws/devel/.private/realsense_cam/share/realsense_cam/cmake/realsense_camConfig.cmake, /home/cerlab/depowdering_ws/devel/share/realsense_cam/cmake/realsense_camConfig.cmake)
Linked: (/home/cerlab/depowdering_ws/devel/.private/realsense_cam/share/realsense_cam/cmake/realsense_cam-msg-paths.cmake, /home/cerlab/depowdering_ws/devel/share/realsense_cam/cmake/realsense_cam-msg-paths.cmake)
Linked: (/home/cerlab/depowdering_ws/devel/.private/realsense_cam/share/gennodejs/ros/realsense_cam/_index.js, /home/cerlab/depowdering_ws/devel/share/gennodejs/ros/realsense_cam/_index.js)
Linked: (/home/cerlab/depowdering_ws/devel/.private/realsense_cam/share/gennodejs/ros/realsense_cam/srv/FetchOnePointCloud.js, /home/cerlab/depowdering_ws/devel/share/gennodejs/ros/realsense_cam/srv/FetchOnePointCloud.js)
Linked: (/home/cerlab/depowdering_ws/devel/.private/realsense_cam/share/gennodejs/ros/realsense_cam/srv/_index.js, /home/cerlab/depowdering_ws/devel/share/gennodejs/ros/realsense_cam/srv/_index.js)
Linked: (/home/cerlab/depowdering_ws/devel/.private/realsense_cam/share/gennodejs/ros/realsense_cam/srv/FindWorkspaceCenter.js, /home/cerlab/depowdering_ws/devel/share/gennodejs/ros/realsense_cam/srv/FindWorkspaceCenter.js)
Linked: (/home/cerlab/depowdering_ws/devel/.private/realsense_cam/share/gennodejs/ros/realsense_cam/srv/FetchOneDepth.js, /home/cerlab/depowdering_ws/devel/share/gennodejs/ros/realsense_cam/srv/FetchOneDepth.js)
Linked: (/home/cerlab/depowdering_ws/devel/.private/realsense_cam/share/gennodejs/ros/realsense_cam/srv/SaveOnePCL.js, /home/cerlab/depowdering_ws/devel/share/gennodejs/ros/realsense_cam/srv/SaveOnePCL.js)
Linked: (/home/cerlab/depowdering_ws/devel/.private/realsense_cam/share/gennodejs/ros/realsense_cam/srv/FindBoxPoints.js, /home/cerlab/depowdering_ws/devel/share/gennodejs/ros/realsense_cam/srv/FindBoxPoints.js)
Linked: (/home/cerlab/depowdering_ws/devel/.private/realsense_cam/share/gennodejs/ros/realsense_cam/srv/FetchOneRGB.js, /home/cerlab/depowdering_ws/devel/share/gennodejs/ros/realsense_cam/srv/FetchOneRGB.js)
Linked: (/home/cerlab/depowdering_ws/devel/.private/realsense_cam/share/gennodejs/ros/realsense_cam/srv/SaveOneRGB.js, /home/cerlab/depowdering_ws/devel/share/gennodejs/ros/realsense_cam/srv/SaveOneRGB.js)
Linked: (/home/cerlab/depowdering_ws/devel/.private/realsense_cam/share/roseus/ros/realsense_cam/manifest.l, /home/cerlab/depowdering_ws/devel/share/roseus/ros/realsense_cam/manifest.l)
Linked: (/home/cerlab/depowdering_ws/devel/.private/realsense_cam/share/roseus/ros/realsense_cam/srv/FetchOneRGB.l, /home/cerlab/depowdering_ws/devel/share/roseus/ros/realsense_cam/srv/FetchOneRGB.l)
Linked: (/home/cerlab/depowdering_ws/devel/.private/realsense_cam/share/roseus/ros/realsense_cam/srv/FetchOnePointCloud.l, /home/cerlab/depowdering_ws/devel/share/roseus/ros/realsense_cam/srv/FetchOnePointCloud.l)
Linked: (/home/cerlab/depowdering_ws/devel/.private/realsense_cam/share/roseus/ros/realsense_cam/srv/FindBoxPoints.l, /home/cerlab/depowdering_ws/devel/share/roseus/ros/realsense_cam/srv/FindBoxPoints.l)
Linked: (/home/cerlab/depowdering_ws/devel/.private/realsense_cam/share/roseus/ros/realsense_cam/srv/FindWorkspaceCenter.l, /home/cerlab/depowdering_ws/devel/share/roseus/ros/realsense_cam/srv/FindWorkspaceCenter.l)
Linked: (/home/cerlab/depowdering_ws/devel/.private/realsense_cam/share/roseus/ros/realsense_cam/srv/SaveOnePCL.l, /home/cerlab/depowdering_ws/devel/share/roseus/ros/realsense_cam/srv/SaveOnePCL.l)
Linked: (/home/cerlab/depowdering_ws/devel/.private/realsense_cam/share/roseus/ros/realsense_cam/srv/SaveOneRGB.l, /home/cerlab/depowdering_ws/devel/share/roseus/ros/realsense_cam/srv/SaveOneRGB.l)
Linked: (/home/cerlab/depowdering_ws/devel/.private/realsense_cam/share/roseus/ros/realsense_cam/srv/FetchOneDepth.l, /home/cerlab/depowdering_ws/devel/share/roseus/ros/realsense_cam/srv/FetchOneDepth.l)
