[35m[1mScanning dependencies of target _realsense_cam_generate_messages_check_deps_SaveOneRGB[0m
[35m[1mScanning dependencies of target _realsense_cam_generate_messages_check_deps_SaveOnePCL[0m
[35m[1mScanning dependencies of target sensor_msgs_generate_messages_eus[0m
[35m[1mScanning dependencies of target _realsense_cam_generate_messages_check_deps_FetchOneRGB[0m
[35m[1mScanning dependencies of target _realsense_cam_generate_messages_check_deps_FindWorkspaceCenter[0m
[35m[1mScanning dependencies of target _realsense_cam_generate_messages_check_deps_FetchOnePointCloud[0m
[35m[1mScanning dependencies of target _realsense_cam_generate_messages_check_deps_FetchOneDepth[0m
[35m[1mScanning dependencies of target geometry_msgs_generate_messages_eus[0m
[35m[1mScanning dependencies of target _realsense_cam_generate_messages_check_deps_FindBoxPoints[0m
[  0%] Built target sensor_msgs_generate_messages_eus
[  0%] Built target geometry_msgs_generate_messages_eus
[35m[1mScanning dependencies of target geometry_msgs_generate_messages_py[0m
[  0%] Built target geometry_msgs_generate_messages_py
[35m[1mScanning dependencies of target sensor_msgs_generate_messages_py[0m
[  0%] Built target _realsense_cam_generate_messages_check_deps_SaveOneRGB
[  0%] Built target _realsense_cam_generate_messages_check_deps_SaveOnePCL
[  0%] Built target _realsense_cam_generate_messages_check_deps_FindWorkspaceCenter
[  0%] Built target _realsense_cam_generate_messages_check_deps_FetchOneRGB
[35m[1mScanning dependencies of target geometry_msgs_generate_messages_nodejs[0m
[  0%] Built target _realsense_cam_generate_messages_check_deps_FetchOnePointCloud
[35m[1mScanning dependencies of target sensor_msgs_generate_messages_nodejs[0m
[  0%] Built target sensor_msgs_generate_messages_py
[35m[1mScanning dependencies of target sensor_msgs_generate_messages_lisp[0m
[  0%] Built target _realsense_cam_generate_messages_check_deps_FetchOneDepth
[  0%] Built target _realsense_cam_generate_messages_check_deps_FindBoxPoints
[35m[1mScanning dependencies of target geometry_msgs_generate_messages_lisp[0m
[35m[1mScanning dependencies of target sensor_msgs_generate_messages_cpp[0m
[  0%] Built target sensor_msgs_generate_messages_nodejs
[35m[1mScanning dependencies of target geometry_msgs_generate_messages_cpp[0m
[  0%] Built target geometry_msgs_generate_messages_nodejs
[  0%] Built target sensor_msgs_generate_messages_lisp
[35m[1mScanning dependencies of target actionlib_msgs_generate_messages_cpp[0m
[35m[1mScanning dependencies of target actionlib_generate_messages_py[0m
[35m[1mScanning dependencies of target actionlib_generate_messages_nodejs[0m
[  0%] Built target geometry_msgs_generate_messages_cpp
[  0%] Built target sensor_msgs_generate_messages_cpp
[  0%] Built target geometry_msgs_generate_messages_lisp
[35m[1mScanning dependencies of target actionlib_generate_messages_cpp[0m
[35m[1mScanning dependencies of target tf_generate_messages_nodejs[0m
[35m[1mScanning dependencies of target tf_generate_messages_cpp[0m
[  0%] Built target actionlib_msgs_generate_messages_cpp
[  0%] Built target actionlib_generate_messages_py
[  0%] Built target actionlib_generate_messages_nodejs
[35m[1mScanning dependencies of target topic_tools_generate_messages_nodejs[0m
[35m[1mScanning dependencies of target topic_tools_generate_messages_lisp[0m
[35m[1mScanning dependencies of target topic_tools_generate_messages_eus[0m
[  0%] Built target actionlib_generate_messages_cpp
[  0%] Built target tf_generate_messages_nodejs
[35m[1mScanning dependencies of target topic_tools_generate_messages_cpp[0m
[  0%] Built target tf_generate_messages_cpp
[  0%] Built target topic_tools_generate_messages_nodejs
[35m[1mScanning dependencies of target std_srvs_generate_messages_lisp[0m
[  0%] Built target topic_tools_generate_messages_lisp
[35m[1mScanning dependencies of target std_srvs_generate_messages_eus[0m
[35m[1mScanning dependencies of target pcl_msgs_generate_messages_py[0m
[  0%] Built target topic_tools_generate_messages_eus
[35m[1mScanning dependencies of target pcl_msgs_generate_messages_nodejs[0m
[  0%] Built target topic_tools_generate_messages_cpp
[35m[1mScanning dependencies of target pcl_msgs_generate_messages_eus[0m
[35m[1mScanning dependencies of target pcl_msgs_generate_messages_lisp[0m
[  0%] Built target std_srvs_generate_messages_lisp
[35m[1mScanning dependencies of target pcl_msgs_generate_messages_cpp[0m
[  0%] Built target std_srvs_generate_messages_eus
[  0%] Built target pcl_msgs_generate_messages_py
[35m[1mScanning dependencies of target pcl_ros_gencfg[0m
[  0%] Built target pcl_msgs_generate_messages_nodejs
[  0%] Built target pcl_msgs_generate_messages_eus
[35m[1mScanning dependencies of target tf2_msgs_generate_messages_nodejs[0m
[  0%] Built target pcl_msgs_generate_messages_lisp
[35m[1mScanning dependencies of target tf2_msgs_generate_messages_lisp[0m
[  0%] Built target pcl_msgs_generate_messages_cpp
[  0%] Built target pcl_ros_gencfg
[35m[1mScanning dependencies of target std_srvs_generate_messages_py[0m
[35m[1mScanning dependencies of target actionlib_msgs_generate_messages_py[0m
[35m[1mScanning dependencies of target rosgraph_msgs_generate_messages_nodejs[0m
[  0%] Built target tf2_msgs_generate_messages_nodejs
[35m[1mScanning dependencies of target rosgraph_msgs_generate_messages_eus[0m
[35m[1mScanning dependencies of target nav_msgs_generate_messages_cpp[0m
[35m[1mScanning dependencies of target roscpp_generate_messages_py[0m
[  0%] Built target tf2_msgs_generate_messages_lisp
[  0%] Built target std_srvs_generate_messages_py
[  0%] Built target rosgraph_msgs_generate_messages_nodejs
[35m[1mScanning dependencies of target roscpp_generate_messages_eus[0m
[  0%] Built target rosgraph_msgs_generate_messages_eus
[35m[1mScanning dependencies of target actionlib_generate_messages_eus[0m
[  0%] Built target nav_msgs_generate_messages_cpp
[  0%] Built target actionlib_msgs_generate_messages_py
[  0%] Built target roscpp_generate_messages_py
[35m[1mScanning dependencies of target tf_generate_messages_eus[0m
[35m[1mScanning dependencies of target rosgraph_msgs_generate_messages_cpp[0m
[35m[1mScanning dependencies of target realsense2_camera_generate_messages_lisp[0m
[  0%] Built target roscpp_generate_messages_eus
[35m[1mScanning dependencies of target rosgraph_msgs_generate_messages_lisp[0m
[35m[1mScanning dependencies of target realsense2_camera_generate_messages_eus[0m
[  0%] Built target actionlib_generate_messages_eus
[35m[1mScanning dependencies of target nav_msgs_generate_messages_lisp[0m
[35m[1mScanning dependencies of target realsense2_camera_generate_messages_cpp[0m
[  0%] Built target rosgraph_msgs_generate_messages_cpp
[  0%] Built target rosgraph_msgs_generate_messages_lisp
[35m[1mScanning dependencies of target std_msgs_generate_messages_py[0m
[  0%] Built target tf_generate_messages_eus
[  0%] Built target realsense2_camera_generate_messages_eus
[35m[1mScanning dependencies of target topic_tools_generate_messages_py[0m
[  0%] Built target realsense2_camera_generate_messages_lisp
[  0%] Built target realsense2_camera_generate_messages_cpp
[  0%] Built target nav_msgs_generate_messages_lisp
[35m[1mScanning dependencies of target tf2_msgs_generate_messages_eus[0m
[35m[1mScanning dependencies of target tf_generate_messages_lisp[0m
[35m[1mScanning dependencies of target roscpp_generate_messages_cpp[0m
[35m[1mScanning dependencies of target nav_msgs_generate_messages_py[0m
[  0%] Built target std_msgs_generate_messages_py
[  0%] Built target topic_tools_generate_messages_py
[35m[1mScanning dependencies of target nodelet_generate_messages_lisp[0m
[35m[1mScanning dependencies of target std_msgs_generate_messages_nodejs[0m
[  0%] Built target roscpp_generate_messages_cpp
[35m[1mScanning dependencies of target actionlib_generate_messages_lisp[0m
[  0%] Built target tf_generate_messages_lisp
[  0%] Built target nav_msgs_generate_messages_py
[35m[1mScanning dependencies of target roscpp_generate_messages_lisp[0m
[  0%] Built target tf2_msgs_generate_messages_eus
[  0%] Built target std_msgs_generate_messages_nodejs
[  0%] Built target actionlib_generate_messages_lisp
[35m[1mScanning dependencies of target realsense2_camera_generate_messages_py[0m
[  0%] Built target nodelet_generate_messages_lisp
[35m[1mScanning dependencies of target rosgraph_msgs_generate_messages_py[0m
[35m[1mScanning dependencies of target std_msgs_generate_messages_cpp[0m
[35m[1mScanning dependencies of target roscpp_generate_messages_nodejs[0m
[35m[1mScanning dependencies of target std_srvs_generate_messages_cpp[0m
[  0%] Built target roscpp_generate_messages_lisp
[  0%] Built target realsense2_camera_generate_messages_py
[35m[1mScanning dependencies of target actionlib_msgs_generate_messages_eus[0m
[35m[1mScanning dependencies of target dynamic_reconfigure_generate_messages_py[0m
[35m[1mScanning dependencies of target std_msgs_generate_messages_lisp[0m
[  0%] Built target roscpp_generate_messages_nodejs
[  0%] Built target std_msgs_generate_messages_cpp
[  0%] Built target rosgraph_msgs_generate_messages_py
[  0%] Built target std_srvs_generate_messages_cpp
[35m[1mScanning dependencies of target nodelet_topic_tools_gencfg[0m
[  0%] Built target dynamic_reconfigure_generate_messages_py
[  0%] Built target actionlib_msgs_generate_messages_eus
[  0%] Built target std_msgs_generate_messages_lisp
[35m[1mScanning dependencies of target nav_msgs_generate_messages_nodejs[0m
[35m[1mScanning dependencies of target bond_generate_messages_lisp[0m
[35m[1mScanning dependencies of target dynamic_reconfigure_generate_messages_nodejs[0m
[35m[1mScanning dependencies of target tf2_msgs_generate_messages_py[0m
[  0%] Built target nodelet_topic_tools_gencfg
[35m[1mScanning dependencies of target bond_generate_messages_cpp[0m
[35m[1mScanning dependencies of target bond_generate_messages_eus[0m
[  0%] Built target nav_msgs_generate_messages_nodejs
[35m[1mScanning dependencies of target nodelet_generate_messages_cpp[0m
[  0%] Built target bond_generate_messages_lisp
[35m[1mScanning dependencies of target realsense2_camera_generate_messages_nodejs[0m
[  0%] Built target dynamic_reconfigure_generate_messages_nodejs
[  0%] Built target tf2_msgs_generate_messages_py
[35m[1mScanning dependencies of target dynamic_reconfigure_generate_messages_eus[0m
[35m[1mScanning dependencies of target dynamic_reconfigure_gencfg[0m
[35m[1mScanning dependencies of target nodelet_generate_messages_eus[0m
[  0%] Built target bond_generate_messages_cpp
[  0%] Built target bond_generate_messages_eus
[  0%] Built target nodelet_generate_messages_cpp
[  0%] Built target realsense2_camera_generate_messages_nodejs
[35m[1mScanning dependencies of target bond_generate_messages_nodejs[0m
[  0%] Built target dynamic_reconfigure_generate_messages_eus
[35m[1mScanning dependencies of target nodelet_generate_messages_nodejs[0m
[35m[1mScanning dependencies of target std_srvs_generate_messages_nodejs[0m
[35m[1mScanning dependencies of target nodelet_generate_messages_py[0m
[  0%] Built target nodelet_generate_messages_eus
[  0%] Built target dynamic_reconfigure_gencfg
[35m[1mScanning dependencies of target bond_generate_messages_py[0m
[35m[1mScanning dependencies of target dynamic_reconfigure_generate_messages_cpp[0m
[  0%] Built target bond_generate_messages_nodejs
[  0%] Built target std_srvs_generate_messages_nodejs
[35m[1mScanning dependencies of target tf2_msgs_generate_messages_cpp[0m
[  0%] Built target nodelet_generate_messages_nodejs
[  0%] Built target nodelet_generate_messages_py
[35m[1mScanning dependencies of target nav_msgs_generate_messages_eus[0m
[35m[1mScanning dependencies of target dynamic_reconfigure_generate_messages_lisp[0m
[  0%] Built target dynamic_reconfigure_generate_messages_cpp
[  0%] Built target bond_generate_messages_py
[35m[1mScanning dependencies of target tf_generate_messages_py[0m
[35m[1mScanning dependencies of target actionlib_msgs_generate_messages_nodejs[0m
[35m[1mScanning dependencies of target std_msgs_generate_messages_eus[0m
[  0%] Built target tf2_msgs_generate_messages_cpp
[  0%] Built target dynamic_reconfigure_generate_messages_lisp
[  0%] Built target nav_msgs_generate_messages_eus
[35m[1mScanning dependencies of target realsense_cam_generate_messages_py[0m
[  0%] Built target tf_generate_messages_py
[35m[1mScanning dependencies of target actionlib_msgs_generate_messages_lisp[0m
[35m[1mScanning dependencies of target realsense_cam_generate_messages_eus[0m
[  0%] Built target actionlib_msgs_generate_messages_nodejs
[35m[1mScanning dependencies of target realsense_cam_generate_messages_nodejs[0m
[  0%] Built target std_msgs_generate_messages_eus
[35m[1mScanning dependencies of target realsense_cam_generate_messages_lisp[0m
[35m[1mScanning dependencies of target realsense_cam_generate_messages_cpp[0m
[  2%] [34m[1mGenerating EusLisp code from realsense_cam/FetchOneDepth.srv[0m
[  2%] Built target actionlib_msgs_generate_messages_lisp
[  5%] [34m[1mGenerating Python code from SRV realsense_cam/FetchOneDepth[0m
[  7%] [34m[1mGenerating EusLisp code from realsense_cam/FetchOnePointCloud.srv[0m
[ 10%] [34m[1mGenerating EusLisp code from realsense_cam/FetchOneRGB.srv[0m
[ 15%] [34m[1mGenerating Javascript code from realsense_cam/FetchOneDepth.srv[0m
[ 15%] [34m[1mGenerating EusLisp code from realsense_cam/FindWorkspaceCenter.srv[0m
[ 17%] [34m[1mGenerating Lisp code from realsense_cam/FetchOneDepth.srv[0m
[ 20%] [34m[1mGenerating C++ code from realsense_cam/FetchOneDepth.srv[0m
[ 23%] [34m[1mGenerating Javascript code from realsense_cam/FetchOnePointCloud.srv[0m
[ 25%] [34m[1mGenerating Lisp code from realsense_cam/FetchOnePointCloud.srv[0m
[ 28%] [34m[1mGenerating C++ code from realsense_cam/FetchOnePointCloud.srv[0m
[ 30%] [34m[1mGenerating Javascript code from realsense_cam/FindWorkspaceCenter.srv[0m
[ 33%] [34m[1mGenerating Javascript code from realsense_cam/FetchOneRGB.srv[0m
[ 35%] [34m[1mGenerating EusLisp code from realsense_cam/FindBoxPoints.srv[0m
[ 38%] [34m[1mGenerating Python code from SRV realsense_cam/FetchOnePointCloud[0m
[ 41%] [34m[1mGenerating Javascript code from realsense_cam/FindBoxPoints.srv[0m
[ 43%] [34m[1mGenerating Lisp code from realsense_cam/FetchOneRGB.srv[0m
[ 46%] [34m[1mGenerating Python code from SRV realsense_cam/FetchOneRGB[0m
[ 48%] [34m[1mGenerating Javascript code from realsense_cam/SaveOneRGB.srv[0m
[ 51%] [34m[1mGenerating Javascript code from realsense_cam/SaveOnePCL.srv[0m
[ 53%] [34m[1mGenerating C++ code from realsense_cam/FetchOneRGB.srv[0m
[ 56%] [34m[1mGenerating Lisp code from realsense_cam/FindWorkspaceCenter.srv[0m
[ 58%] [34m[1mGenerating EusLisp code from realsense_cam/SaveOnePCL.srv[0m
[ 61%] [34m[1mGenerating EusLisp code from realsense_cam/SaveOneRGB.srv[0m
[ 64%] [34m[1mGenerating Lisp code from realsense_cam/FindBoxPoints.srv[0m
[ 64%] Built target realsense_cam_generate_messages_nodejs
[ 66%] [34m[1mGenerating Python code from SRV realsense_cam/FindWorkspaceCenter[0m
[ 71%] [34m[1mGenerating Lisp code from realsense_cam/SaveOnePCL.srv[0m
[ 71%] [34m[1mGenerating C++ code from realsense_cam/FindWorkspaceCenter.srv[0m
[ 74%] [34m[1mGenerating Lisp code from realsense_cam/SaveOneRGB.srv[0m
[ 76%] [34m[1mGenerating C++ code from realsense_cam/FindBoxPoints.srv[0m
[ 79%] [34m[1mGenerating Python code from SRV realsense_cam/FindBoxPoints[0m
[ 82%] [34m[1mGenerating Python code from SRV realsense_cam/SaveOnePCL[0m
[ 84%] [34m[1mGenerating EusLisp manifest code for realsense_cam[0m
[ 87%] [34m[1mGenerating Python code from SRV realsense_cam/SaveOneRGB[0m
[ 87%] Built target realsense_cam_generate_messages_lisp
[ 89%] [34m[1mGenerating C++ code from realsense_cam/SaveOnePCL.srv[0m
[ 92%] [34m[1mGenerating C++ code from realsense_cam/SaveOneRGB.srv[0m
[ 94%] [34m[1mGenerating Python srv __init__.py for realsense_cam[0m
[ 94%] Built target realsense_cam_generate_messages_cpp
[ 94%] Built target realsense_cam_generate_messages_py
[ 94%] Built target realsense_cam_generate_messages_eus
[35m[1mScanning dependencies of target realsense_cam_generate_messages[0m
[35m[1mScanning dependencies of target realsense_cam[0m
[ 94%] Built target realsense_cam_generate_messages
[ 97%] [32mBuilding CXX object CMakeFiles/realsense_cam.dir/src/realsense_services.cpp.o[0m
[100%] [32m[1mLinking CXX executable /home/cerlab/depowdering_ws/devel/.private/realsense_cam/lib/realsense_cam/realsense_cam[0m
[100%] Built target realsense_cam
