[35m[1mScanning dependencies of target _denso_robot_core_generate_messages_check_deps_MoveStringActionFeedback[0m
[35m[1mScanning dependencies of target _denso_robot_core_generate_messages_check_deps_MoveValueActionResult[0m
[35m[1mScanning dependencies of target _denso_robot_core_generate_messages_check_deps_MoveStringResult[0m
[35m[1mScanning dependencies of target _denso_robot_core_generate_messages_check_deps_MoveStringGoal[0m
[35m[1mScanning dependencies of target _denso_robot_core_generate_messages_check_deps_DriveStringActionResult[0m
[35m[1mScanning dependencies of target _denso_robot_core_generate_messages_check_deps_MoveValueFeedback[0m
[35m[1mScanning dependencies of target _denso_robot_core_generate_messages_check_deps_MoveValueResult[0m
[35m[1mScanning dependencies of target _denso_robot_core_generate_messages_check_deps_MoveValueActionGoal[0m
[35m[1mScanning dependencies of target _denso_robot_core_generate_messages_check_deps_DriveValueGoal[0m
[35m[1mScanning dependencies of target std_msgs_generate_messages_cpp[0m
[35m[1mScanning dependencies of target _denso_robot_core_generate_messages_check_deps_DriveValueAction[0m
[35m[1mScanning dependencies of target _denso_robot_core_generate_messages_check_deps_MoveValueGoal[0m
[35m[1mScanning dependencies of target _denso_robot_core_generate_messages_check_deps_MoveStringFeedback[0m
[35m[1mScanning dependencies of target _denso_robot_core_generate_messages_check_deps_ExJoints[0m
[  0%] Built target std_msgs_generate_messages_cpp
[35m[1mScanning dependencies of target actionlib_msgs_generate_messages_cpp[0m
[  0%] Built target actionlib_msgs_generate_messages_cpp
[  0%] Built target _denso_robot_core_generate_messages_check_deps_MoveStringResult
[  0%] Built target _denso_robot_core_generate_messages_check_deps_MoveValueGoal
[  0%] Built target _denso_robot_core_generate_messages_check_deps_MoveValueFeedback
[  0%] Built target _denso_robot_core_generate_messages_check_deps_MoveValueActionResult
[  0%] Built target _denso_robot_core_generate_messages_check_deps_MoveValueResult
[  0%] Built target _denso_robot_core_generate_messages_check_deps_MoveValueActionGoal
[  0%] Built target _denso_robot_core_generate_messages_check_deps_DriveValueAction
[  0%] Built target _denso_robot_core_generate_messages_check_deps_DriveStringActionResult
[  0%] Built target _denso_robot_core_generate_messages_check_deps_MoveStringFeedback
[  0%] Built target _denso_robot_core_generate_messages_check_deps_MoveStringActionFeedback
[  0%] Built target _denso_robot_core_generate_messages_check_deps_DriveValueGoal
[  0%] Built target _denso_robot_core_generate_messages_check_deps_MoveStringGoal
[35m[1mScanning dependencies of target _denso_robot_core_generate_messages_check_deps_DriveValueActionGoal[0m
[  0%] Built target _denso_robot_core_generate_messages_check_deps_ExJoints
[35m[1mScanning dependencies of target _denso_robot_core_generate_messages_check_deps_DriveValueFeedback[0m
[35m[1mScanning dependencies of target _denso_robot_core_generate_messages_check_deps_DriveStringFeedback[0m
[35m[1mScanning dependencies of target _denso_robot_core_generate_messages_check_deps_MoveStringActionGoal[0m
[35m[1mScanning dependencies of target _denso_robot_core_generate_messages_check_deps_Joints[0m
[35m[1mScanning dependencies of target _denso_robot_core_generate_messages_check_deps_PoseData[0m
[35m[1mScanning dependencies of target _denso_robot_core_generate_messages_check_deps_MoveValueAction[0m
[35m[1mScanning dependencies of target _denso_robot_core_generate_messages_check_deps_MoveValueActionFeedback[0m
[35m[1mScanning dependencies of target _denso_robot_core_generate_messages_check_deps_DriveStringAction[0m
[35m[1mScanning dependencies of target _denso_robot_core_generate_messages_check_deps_MoveStringActionResult[0m
[35m[1mScanning dependencies of target _denso_robot_core_generate_messages_check_deps_DriveStringActionGoal[0m
[35m[1mScanning dependencies of target _denso_robot_core_generate_messages_check_deps_DriveStringActionFeedback[0m
[35m[1mScanning dependencies of target _denso_robot_core_generate_messages_check_deps_UserIO[0m
[35m[1mScanning dependencies of target _denso_robot_core_generate_messages_check_deps_DriveStringGoal[0m
[  0%] Built target _denso_robot_core_generate_messages_check_deps_DriveValueActionGoal
[  0%] Built target _denso_robot_core_generate_messages_check_deps_DriveStringFeedback
[  0%] Built target _denso_robot_core_generate_messages_check_deps_DriveValueFeedback
[  0%] Built target _denso_robot_core_generate_messages_check_deps_MoveStringActionGoal
[  0%] Built target _denso_robot_core_generate_messages_check_deps_Joints
[  0%] Built target _denso_robot_core_generate_messages_check_deps_DriveStringAction
[  0%] Built target _denso_robot_core_generate_messages_check_deps_MoveValueAction
[  0%] Built target _denso_robot_core_generate_messages_check_deps_MoveValueActionFeedback
[  0%] Built target _denso_robot_core_generate_messages_check_deps_PoseData
[  0%] Built target _denso_robot_core_generate_messages_check_deps_MoveStringActionResult
[35m[1mScanning dependencies of target _denso_robot_core_generate_messages_check_deps_DriveStringResult[0m
[  0%] Built target _denso_robot_core_generate_messages_check_deps_DriveStringActionGoal
[  0%] Built target _denso_robot_core_generate_messages_check_deps_DriveStringActionFeedback
[  0%] Built target _denso_robot_core_generate_messages_check_deps_UserIO
[35m[1mScanning dependencies of target _denso_robot_core_generate_messages_check_deps_DriveValueActionFeedback[0m
[35m[1mScanning dependencies of target _denso_robot_core_generate_messages_check_deps_DriveValueActionResult[0m
[35m[1mScanning dependencies of target _denso_robot_core_generate_messages_check_deps_DriveValueResult[0m
[35m[1mScanning dependencies of target _denso_robot_core_generate_messages_check_deps_MoveStringAction[0m
[35m[1mScanning dependencies of target std_msgs_generate_messages_py[0m
[35m[1mScanning dependencies of target std_msgs_generate_messages_eus[0m
[35m[1mScanning dependencies of target actionlib_msgs_generate_messages_eus[0m
[35m[1mScanning dependencies of target actionlib_msgs_generate_messages_py[0m
[35m[1mScanning dependencies of target std_msgs_generate_messages_nodejs[0m
[35m[1mScanning dependencies of target actionlib_msgs_generate_messages_nodejs[0m
[35m[1mScanning dependencies of target actionlib_msgs_generate_messages_lisp[0m
[35m[1mScanning dependencies of target std_msgs_generate_messages_lisp[0m
[  0%] Built target std_msgs_generate_messages_py
[  0%] Built target std_msgs_generate_messages_eus
[  0%] Built target actionlib_msgs_generate_messages_py
[  0%] Built target actionlib_msgs_generate_messages_eus
[  0%] Built target std_msgs_generate_messages_nodejs
[  0%] Built target actionlib_msgs_generate_messages_nodejs
[  0%] Built target actionlib_msgs_generate_messages_lisp
[  0%] Built target _denso_robot_core_generate_messages_check_deps_DriveStringGoal
[  0%] Built target std_msgs_generate_messages_lisp
[  0%] Built target _denso_robot_core_generate_messages_check_deps_DriveStringResult
[  0%] Built target _denso_robot_core_generate_messages_check_deps_DriveValueActionResult
[  0%] Built target _denso_robot_core_generate_messages_check_deps_DriveValueActionFeedback
[  0%] Built target _denso_robot_core_generate_messages_check_deps_DriveValueResult
[  0%] Built target _denso_robot_core_generate_messages_check_deps_MoveStringAction
[35m[1mScanning dependencies of target denso_robot_core_generate_messages_eus[0m
[35m[1mScanning dependencies of target denso_robot_core_generate_messages_nodejs[0m
[35m[1mScanning dependencies of target denso_robot_core_generate_messages_lisp[0m
[35m[1mScanning dependencies of target denso_robot_core_generate_messages_cpp[0m
[35m[1mScanning dependencies of target denso_robot_core_generate_messages_py[0m
[  1%] [34m[1mGenerating EusLisp code from denso_robot_core/UserIO.msg[0m
[  2%] [34m[1mGenerating Javascript code from denso_robot_core/ExJoints.msg[0m
[  2%] [34m[1mGenerating Javascript code from denso_robot_core/PoseData.msg[0m
[  2%] [34m[1mGenerating Javascript code from denso_robot_core/Joints.msg[0m
[  2%] [34m[1mGenerating EusLisp code from denso_robot_core/Joints.msg[0m
[  2%] [34m[1mGenerating EusLisp code from denso_robot_core/ExJoints.msg[0m
[  2%] [34m[1mGenerating EusLisp code from denso_robot_core/DriveStringActionGoal.msg[0m
[  4%] [34m[1mGenerating EusLisp code from denso_robot_core/DriveStringAction.msg[0m
[  5%] [34m[1mGenerating EusLisp code from denso_robot_core/PoseData.msg[0m
[  6%] [34m[1mGenerating Lisp code from denso_robot_core/ExJoints.msg[0m
[  6%] [34m[1mGenerating Javascript code from denso_robot_core/UserIO.msg[0m
[  7%] [34m[1mGenerating EusLisp code from denso_robot_core/DriveStringActionResult.msg[0m
[  8%] [34m[1mGenerating Python from MSG denso_robot_core/ExJoints[0m
[  8%] [34m[1mGenerating C++ code from denso_robot_core/ExJoints.msg[0m
[  8%] [34m[1mGenerating Javascript code from denso_robot_core/DriveStringAction.msg[0m
[  8%] [34m[1mGenerating Lisp code from denso_robot_core/Joints.msg[0m
[  9%] [34m[1mGenerating Javascript code from denso_robot_core/DriveStringActionGoal.msg[0m
[  9%] [34m[1mGenerating Python from MSG denso_robot_core/Joints[0m
[  9%] [34m[1mGenerating EusLisp code from denso_robot_core/DriveStringActionFeedback.msg[0m
[ 10%] [34m[1mGenerating EusLisp code from denso_robot_core/DriveStringGoal.msg[0m
[ 11%] [34m[1mGenerating EusLisp code from denso_robot_core/DriveStringResult.msg[0m
[ 12%] [34m[1mGenerating EusLisp code from denso_robot_core/DriveStringFeedback.msg[0m
[ 12%] [34m[1mGenerating EusLisp code from denso_robot_core/DriveValueAction.msg[0m
[ 13%] [34m[1mGenerating Lisp code from denso_robot_core/UserIO.msg[0m
[ 13%] [34m[1mGenerating Python from MSG denso_robot_core/PoseData[0m
[ 14%] [34m[1mGenerating C++ code from denso_robot_core/Joints.msg[0m
[ 15%] [34m[1mGenerating Lisp code from denso_robot_core/PoseData.msg[0m
[ 15%] [34m[1mGenerating EusLisp code from denso_robot_core/DriveValueActionGoal.msg[0m
[ 15%] [34m[1mGenerating Javascript code from denso_robot_core/DriveStringActionResult.msg[0m
[ 16%] [34m[1mGenerating Lisp code from denso_robot_core/DriveStringAction.msg[0m
[ 17%] [34m[1mGenerating Javascript code from denso_robot_core/DriveStringActionFeedback.msg[0m
[ 18%] [34m[1mGenerating EusLisp code from denso_robot_core/DriveValueActionResult.msg[0m
[ 20%] [34m[1mGenerating Javascript code from denso_robot_core/DriveStringGoal.msg[0m
[ 20%] [34m[1mGenerating EusLisp code from denso_robot_core/DriveValueActionFeedback.msg[0m
[ 20%] [34m[1mGenerating Javascript code from denso_robot_core/DriveStringResult.msg[0m
[ 20%] [34m[1mGenerating Python from MSG denso_robot_core/UserIO[0m
[ 20%] [34m[1mGenerating Lisp code from denso_robot_core/DriveStringActionGoal.msg[0m
[ 21%] [34m[1mGenerating EusLisp code from denso_robot_core/DriveValueGoal.msg[0m
[ 22%] [34m[1mGenerating Python from MSG denso_robot_core/DriveStringAction[0m
[ 23%] [34m[1mGenerating Javascript code from denso_robot_core/DriveStringFeedback.msg[0m
[ 24%] [34m[1mGenerating Lisp code from denso_robot_core/DriveStringActionResult.msg[0m
[ 24%] [34m[1mGenerating EusLisp code from denso_robot_core/DriveValueResult.msg[0m
[ 24%] [34m[1mGenerating Javascript code from denso_robot_core/DriveValueAction.msg[0m
[ 25%] [34m[1mGenerating Javascript code from denso_robot_core/DriveValueActionGoal.msg[0m
[ 25%] [34m[1mGenerating Javascript code from denso_robot_core/DriveValueActionResult.msg[0m
[ 25%] [34m[1mGenerating C++ code from denso_robot_core/PoseData.msg[0m
[ 26%] [34m[1mGenerating EusLisp code from denso_robot_core/DriveValueFeedback.msg[0m
[ 26%] [34m[1mGenerating Python from MSG denso_robot_core/DriveStringActionGoal[0m
[ 27%] [34m[1mGenerating Lisp code from denso_robot_core/DriveStringActionFeedback.msg[0m
[ 27%] [34m[1mGenerating EusLisp code from denso_robot_core/MoveStringAction.msg[0m
[ 28%] [34m[1mGenerating C++ code from denso_robot_core/UserIO.msg[0m
[ 28%] [34m[1mGenerating EusLisp code from denso_robot_core/MoveStringActionResult.msg[0m
[ 29%] [34m[1mGenerating EusLisp code from denso_robot_core/MoveStringActionGoal.msg[0m
[ 29%] [34m[1mGenerating Lisp code from denso_robot_core/DriveStringGoal.msg[0m
[ 30%] [34m[1mGenerating Javascript code from denso_robot_core/DriveValueActionFeedback.msg[0m
[ 30%] [34m[1mGenerating Javascript code from denso_robot_core/DriveValueGoal.msg[0m
[ 31%] [34m[1mGenerating Lisp code from denso_robot_core/DriveStringResult.msg[0m
[ 32%] [34m[1mGenerating EusLisp code from denso_robot_core/MoveStringActionFeedback.msg[0m
[ 32%] [34m[1mGenerating Lisp code from denso_robot_core/DriveStringFeedback.msg[0m
[ 33%] [34m[1mGenerating Javascript code from denso_robot_core/DriveValueResult.msg[0m
[ 34%] [34m[1mGenerating Python from MSG denso_robot_core/DriveStringActionResult[0m
[ 34%] [34m[1mGenerating C++ code from denso_robot_core/DriveStringAction.msg[0m
[ 34%] [34m[1mGenerating EusLisp code from denso_robot_core/MoveStringGoal.msg[0m
[ 34%] [34m[1mGenerating Python from MSG denso_robot_core/DriveStringActionFeedback[0m
[ 34%] [34m[1mGenerating Javascript code from denso_robot_core/DriveValueFeedback.msg[0m
[ 35%] [34m[1mGenerating EusLisp code from denso_robot_core/MoveStringResult.msg[0m
[ 35%] [34m[1mGenerating EusLisp code from denso_robot_core/MoveStringFeedback.msg[0m
[ 36%] [34m[1mGenerating Javascript code from denso_robot_core/MoveStringAction.msg[0m
[ 37%] [34m[1mGenerating Lisp code from denso_robot_core/DriveValueAction.msg[0m
[ 38%] [34m[1mGenerating Python from MSG denso_robot_core/DriveStringGoal[0m
[ 40%] [34m[1mGenerating Python from MSG denso_robot_core/DriveStringResult[0m
[ 41%] [34m[1mGenerating Javascript code from denso_robot_core/MoveStringActionResult.msg[0m
[ 41%] [34m[1mGenerating Javascript code from denso_robot_core/MoveStringActionGoal.msg[0m
[ 41%] [34m[1mGenerating Lisp code from denso_robot_core/DriveValueActionGoal.msg[0m
[ 42%] [34m[1mGenerating Lisp code from denso_robot_core/DriveValueActionResult.msg[0m
[ 42%] [34m[1mGenerating Javascript code from denso_robot_core/MoveStringActionFeedback.msg[0m
[ 44%] [34m[1mGenerating EusLisp code from denso_robot_core/MoveValueAction.msg[0m
[ 44%] [34m[1mGenerating Javascript code from denso_robot_core/MoveStringGoal.msg[0m
[ 44%] [34m[1mGenerating Lisp code from denso_robot_core/DriveValueActionFeedback.msg[0m
[ 44%] [34m[1mGenerating EusLisp code from denso_robot_core/MoveValueActionGoal.msg[0m
[ 45%] [34m[1mGenerating Lisp code from denso_robot_core/DriveValueGoal.msg[0m
[ 45%] [34m[1mGenerating Python from MSG denso_robot_core/DriveStringFeedback[0m
[ 45%] [34m[1mGenerating Javascript code from denso_robot_core/MoveStringResult.msg[0m
[ 46%] [34m[1mGenerating C++ code from denso_robot_core/DriveStringActionGoal.msg[0m
[ 46%] [34m[1mGenerating Lisp code from denso_robot_core/DriveValueResult.msg[0m
[ 46%] [34m[1mGenerating C++ code from denso_robot_core/DriveStringActionResult.msg[0m
[ 47%] [34m[1mGenerating Python from MSG denso_robot_core/DriveValueAction[0m
[ 48%] [34m[1mGenerating Lisp code from denso_robot_core/DriveValueFeedback.msg[0m
[ 48%] [34m[1mGenerating Lisp code from denso_robot_core/MoveStringAction.msg[0m
[ 49%] [34m[1mGenerating Lisp code from denso_robot_core/MoveStringActionGoal.msg[0m
[ 49%] [34m[1mGenerating Python from MSG denso_robot_core/DriveValueActionGoal[0m
[ 50%] [34m[1mGenerating Python from MSG denso_robot_core/DriveValueActionResult[0m
[ 51%] [34m[1mGenerating EusLisp code from denso_robot_core/MoveValueActionResult.msg[0m
[ 52%] [34m[1mGenerating Javascript code from denso_robot_core/MoveStringFeedback.msg[0m
[ 52%] [34m[1mGenerating EusLisp code from denso_robot_core/MoveValueActionFeedback.msg[0m
[ 52%] [34m[1mGenerating Lisp code from denso_robot_core/MoveStringActionResult.msg[0m
[ 52%] [34m[1mGenerating Javascript code from denso_robot_core/MoveValueAction.msg[0m
[ 53%] [34m[1mGenerating Lisp code from denso_robot_core/MoveStringActionFeedback.msg[0m
[ 54%] [34m[1mGenerating C++ code from denso_robot_core/DriveStringActionFeedback.msg[0m
[ 54%] [34m[1mGenerating Lisp code from denso_robot_core/MoveStringGoal.msg[0m
[ 55%] [34m[1mGenerating Lisp code from denso_robot_core/MoveStringResult.msg[0m
[ 56%] [34m[1mGenerating C++ code from denso_robot_core/DriveStringGoal.msg[0m
[ 57%] [34m[1mGenerating Javascript code from denso_robot_core/MoveValueActionGoal.msg[0m
[ 57%] [34m[1mGenerating C++ code from denso_robot_core/DriveStringResult.msg[0m
[ 57%] [34m[1mGenerating Lisp code from denso_robot_core/MoveStringFeedback.msg[0m
[ 58%] [34m[1mGenerating Lisp code from denso_robot_core/MoveValueAction.msg[0m
[ 58%] [34m[1mGenerating Javascript code from denso_robot_core/MoveValueActionResult.msg[0m
[ 60%] [34m[1mGenerating C++ code from denso_robot_core/DriveStringFeedback.msg[0m
[ 60%] [34m[1mGenerating Lisp code from denso_robot_core/MoveValueActionGoal.msg[0m
[ 61%] [34m[1mGenerating EusLisp code from denso_robot_core/MoveValueGoal.msg[0m
[ 61%] [34m[1mGenerating Python from MSG denso_robot_core/DriveValueActionFeedback[0m
[ 62%] [34m[1mGenerating Lisp code from denso_robot_core/MoveValueActionResult.msg[0m
[ 62%] [34m[1mGenerating EusLisp code from denso_robot_core/MoveValueResult.msg[0m
[ 62%] [34m[1mGenerating Lisp code from denso_robot_core/MoveValueActionFeedback.msg[0m
[ 63%] [34m[1mGenerating Lisp code from denso_robot_core/MoveValueGoal.msg[0m
[ 64%] [34m[1mGenerating Javascript code from denso_robot_core/MoveValueActionFeedback.msg[0m
[ 64%] [34m[1mGenerating C++ code from denso_robot_core/DriveValueAction.msg[0m
[ 65%] [34m[1mGenerating Python from MSG denso_robot_core/DriveValueGoal[0m
[ 65%] [34m[1mGenerating Python from MSG denso_robot_core/DriveValueResult[0m
[ 66%] [34m[1mGenerating Python from MSG denso_robot_core/DriveValueFeedback[0m
[ 66%] [34m[1mGenerating Lisp code from denso_robot_core/MoveValueResult.msg[0m
[ 67%] [34m[1mGenerating C++ code from denso_robot_core/DriveValueActionGoal.msg[0m
[ 68%] [34m[1mGenerating Lisp code from denso_robot_core/MoveValueFeedback.msg[0m
[ 68%] [34m[1mGenerating C++ code from denso_robot_core/DriveValueActionResult.msg[0m
[ 69%] [34m[1mGenerating EusLisp code from denso_robot_core/MoveValueFeedback.msg[0m
[ 69%] [34m[1mGenerating Javascript code from denso_robot_core/MoveValueGoal.msg[0m
[ 69%] [34m[1mGenerating Python from MSG denso_robot_core/MoveStringAction[0m
[ 69%] [34m[1mGenerating EusLisp manifest code for denso_robot_core[0m
[ 70%] [34m[1mGenerating Python from MSG denso_robot_core/MoveStringActionGoal[0m
[ 71%] [34m[1mGenerating Javascript code from denso_robot_core/MoveValueResult.msg[0m
[ 72%] [34m[1mGenerating C++ code from denso_robot_core/DriveValueActionFeedback.msg[0m
[ 72%] [34m[1mGenerating Javascript code from denso_robot_core/MoveValueFeedback.msg[0m
[ 72%] Built target denso_robot_core_generate_messages_lisp
[ 72%] [34m[1mGenerating Python from MSG denso_robot_core/MoveStringActionResult[0m
[ 72%] [34m[1mGenerating C++ code from denso_robot_core/DriveValueGoal.msg[0m
[ 72%] [34m[1mGenerating Python from MSG denso_robot_core/MoveStringGoal[0m
[ 73%] [34m[1mGenerating Python from MSG denso_robot_core/MoveStringActionFeedback[0m
[ 73%] Built target denso_robot_core_generate_messages_nodejs
[ 74%] [34m[1mGenerating C++ code from denso_robot_core/DriveValueResult.msg[0m
[ 74%] [34m[1mGenerating C++ code from denso_robot_core/DriveValueFeedback.msg[0m
[ 75%] [34m[1mGenerating C++ code from denso_robot_core/MoveStringAction.msg[0m
[ 75%] [34m[1mGenerating C++ code from denso_robot_core/MoveStringActionGoal.msg[0m
[ 76%] [34m[1mGenerating Python from MSG denso_robot_core/MoveStringResult[0m
[ 77%] [34m[1mGenerating C++ code from denso_robot_core/MoveStringActionResult.msg[0m
[ 77%] [34m[1mGenerating Python from MSG denso_robot_core/MoveStringFeedback[0m
[ 78%] [34m[1mGenerating Python from MSG denso_robot_core/MoveValueAction[0m
[ 78%] [34m[1mGenerating C++ code from denso_robot_core/MoveStringActionFeedback.msg[0m
[ 80%] [34m[1mGenerating C++ code from denso_robot_core/MoveStringFeedback.msg[0m
[ 80%] [34m[1mGenerating C++ code from denso_robot_core/MoveStringResult.msg[0m
[ 81%] [34m[1mGenerating C++ code from denso_robot_core/MoveStringGoal.msg[0m
[ 81%] [34m[1mGenerating Python from MSG denso_robot_core/MoveValueActionGoal[0m
[ 82%] [34m[1mGenerating Python from MSG denso_robot_core/MoveValueActionResult[0m
[ 82%] [34m[1mGenerating Python from MSG denso_robot_core/MoveValueActionFeedback[0m
[ 83%] [34m[1mGenerating Python from MSG denso_robot_core/MoveValueGoal[0m
[ 83%] [34m[1mGenerating C++ code from denso_robot_core/MoveValueAction.msg[0m
[ 83%] [34m[1mGenerating Python from MSG denso_robot_core/MoveValueResult[0m
[ 84%] [34m[1mGenerating C++ code from denso_robot_core/MoveValueActionGoal.msg[0m
[ 84%] [34m[1mGenerating C++ code from denso_robot_core/MoveValueActionResult.msg[0m
[ 85%] [34m[1mGenerating Python from MSG denso_robot_core/MoveValueFeedback[0m
[ 86%] [34m[1mGenerating C++ code from denso_robot_core/MoveValueActionFeedback.msg[0m
[ 87%] [34m[1mGenerating C++ code from denso_robot_core/MoveValueResult.msg[0m
[ 87%] [34m[1mGenerating C++ code from denso_robot_core/MoveValueGoal.msg[0m
[ 87%] [34m[1mGenerating C++ code from denso_robot_core/MoveValueFeedback.msg[0m
[ 87%] [34m[1mGenerating Python msg __init__.py for denso_robot_core[0m
[ 87%] Built target denso_robot_core_generate_messages_cpp
[35m[1mScanning dependencies of target denso_robot_core_exec[0m
[35m[1mScanning dependencies of target denso_robot_core[0m
[ 87%] Built target denso_robot_core_generate_messages_py
[ 87%] [32mBuilding CXX object CMakeFiles/denso_robot_core_exec.dir/src/denso_base.cpp.o[0m
[ 87%] [32mBuilding CXX object CMakeFiles/denso_robot_core.dir/src/denso_base.cpp.o[0m
[ 89%] [32mBuilding CXX object CMakeFiles/denso_robot_core.dir/src/denso_controller.cpp.o[0m
[ 89%] [32mBuilding CXX object CMakeFiles/denso_robot_core_exec.dir/src/denso_controller.cpp.o[0m
[ 89%] [32mBuilding CXX object CMakeFiles/denso_robot_core.dir/src/denso_controller_rc8.cpp.o[0m
[ 89%] Built target denso_robot_core_generate_messages_eus
[ 90%] [32mBuilding CXX object CMakeFiles/denso_robot_core.dir/src/denso_controller_rc9.cpp.o[0m
[ 90%] [32mBuilding CXX object CMakeFiles/denso_robot_core_exec.dir/src/denso_controller_rc8.cpp.o[0m
[ 91%] [32mBuilding CXX object CMakeFiles/denso_robot_core_exec.dir/src/denso_controller_rc9.cpp.o[0m
[ 91%] [32mBuilding CXX object CMakeFiles/denso_robot_core_exec.dir/src/denso_robot.cpp.o[0m
[ 92%] [32mBuilding CXX object CMakeFiles/denso_robot_core_exec.dir/src/denso_robot_core.cpp.o[0m
[ 92%] [32mBuilding CXX object CMakeFiles/denso_robot_core_exec.dir/src/denso_robot_rc8.cpp.o[0m
[ 93%] [32mBuilding CXX object CMakeFiles/denso_robot_core_exec.dir/src/denso_robot_rc9.cpp.o[0m
[ 93%] [32mBuilding CXX object CMakeFiles/denso_robot_core_exec.dir/src/denso_task.cpp.o[0m
[ 94%] [32mBuilding CXX object CMakeFiles/denso_robot_core_exec.dir/src/denso_variable.cpp.o[0m
[ 94%] [32mBuilding CXX object CMakeFiles/denso_robot_core.dir/src/denso_robot.cpp.o[0m
[ 95%] [32mBuilding CXX object CMakeFiles/denso_robot_core.dir/src/denso_robot_core.cpp.o[0m
[ 95%] [32mBuilding CXX object CMakeFiles/denso_robot_core_exec.dir/src/tinyxml2.cpp.o[0m
[ 95%] [32mBuilding CXX object CMakeFiles/denso_robot_core.dir/src/denso_robot_rc8.cpp.o[0m
[ 96%] [32mBuilding CXX object CMakeFiles/denso_robot_core.dir/src/denso_robot_rc9.cpp.o[0m
[ 96%] [32mBuilding CXX object CMakeFiles/denso_robot_core.dir/src/denso_task.cpp.o[0m
[35m[1mScanning dependencies of target denso_robot_core_generate_messages[0m
[ 96%] Built target denso_robot_core_generate_messages
[ 97%] [32mBuilding CXX object CMakeFiles/denso_robot_core.dir/src/denso_variable.cpp.o[0m
[ 97%] [32mBuilding CXX object CMakeFiles/denso_robot_core.dir/src/tinyxml2.cpp.o[0m
[ 98%] [32m[1mLinking CXX executable /home/cerlab/depowdering_ws/devel/.private/denso_robot_core/lib/denso_robot_core/denso_robot_core_exec[0m
[ 98%] Built target denso_robot_core_exec
[100%] [32m[1mLinking CXX shared library /home/cerlab/depowdering_ws/devel/.private/denso_robot_core/lib/libdenso_robot_core.so[0m
[100%] Built target denso_robot_core
