[  0%] Built target actionlib_msgs_generate_messages_cpp
[  0%] Built target std_msgs_generate_messages_cpp
[  0%] Built target _denso_robot_core_generate_messages_check_deps_MoveStringActionFeedback
[  0%] Built target _denso_robot_core_generate_messages_check_deps_ExJoints
[  0%] Built target _denso_robot_core_generate_messages_check_deps_DriveValueAction
[  0%] Built target _denso_robot_core_generate_messages_check_deps_DriveStringActionResult
[  0%] Built target _denso_robot_core_generate_messages_check_deps_MoveStringFeedback
[  0%] Built target _denso_robot_core_generate_messages_check_deps_MoveValueActionGoal
[  0%] Built target _denso_robot_core_generate_messages_check_deps_MoveStringGoal
[  0%] Built target _denso_robot_core_generate_messages_check_deps_MoveValueResult
[  0%] Built target _denso_robot_core_generate_messages_check_deps_DriveValueGoal
[  0%] Built target _denso_robot_core_generate_messages_check_deps_MoveValueFeedback
[  0%] Built target _denso_robot_core_generate_messages_check_deps_MoveStringResult
[  0%] Built target _denso_robot_core_generate_messages_check_deps_MoveValueGoal
[  0%] Built target _denso_robot_core_generate_messages_check_deps_MoveValueActionResult
[  0%] Built target _denso_robot_core_generate_messages_check_deps_DriveValueActionGoal
[  0%] Built target _denso_robot_core_generate_messages_check_deps_DriveValueFeedback
[  0%] Built target _denso_robot_core_generate_messages_check_deps_MoveStringActionGoal
[  0%] Built target _denso_robot_core_generate_messages_check_deps_MoveStringActionResult
[  0%] Built target _denso_robot_core_generate_messages_check_deps_DriveStringFeedback
[  0%] Built target _denso_robot_core_generate_messages_check_deps_PoseData
[  0%] Built target _denso_robot_core_generate_messages_check_deps_MoveValueActionFeedback
[  0%] Built target _denso_robot_core_generate_messages_check_deps_MoveValueAction
[  0%] Built target _denso_robot_core_generate_messages_check_deps_UserIO
[  0%] Built target _denso_robot_core_generate_messages_check_deps_Joints
[  0%] Built target _denso_robot_core_generate_messages_check_deps_DriveStringAction
[  0%] Built target _denso_robot_core_generate_messages_check_deps_DriveStringGoal
[  0%] Built target _denso_robot_core_generate_messages_check_deps_DriveStringActionFeedback
[  0%] Built target _denso_robot_core_generate_messages_check_deps_DriveStringResult
[  0%] Built target _denso_robot_core_generate_messages_check_deps_DriveStringActionGoal
[  0%] Built target actionlib_msgs_generate_messages_eus
[  0%] Built target _denso_robot_core_generate_messages_check_deps_DriveValueActionResult
[  0%] Built target _denso_robot_core_generate_messages_check_deps_DriveValueActionFeedback
[  0%] Built target std_msgs_generate_messages_eus
[  0%] Built target std_msgs_generate_messages_py
[  0%] Built target actionlib_msgs_generate_messages_py
[  0%] Built target std_msgs_generate_messages_nodejs
[  0%] Built target actionlib_msgs_generate_messages_nodejs
[  0%] Built target actionlib_msgs_generate_messages_lisp
[  0%] Built target std_msgs_generate_messages_lisp
[  0%] Built target _denso_robot_core_generate_messages_check_deps_DriveValueResult
[  0%] Built target _denso_robot_core_generate_messages_check_deps_MoveStringAction
[ 16%] Built target denso_robot_core_generate_messages_cpp
[ 34%] Built target denso_robot_core_generate_messages_eus
[ 63%] Built target denso_robot_core_generate_messages_nodejs
[ 69%] Built target denso_robot_core_generate_messages_py
[ 87%] Built target denso_robot_core_generate_messages_lisp
[ 93%] Built target denso_robot_core_exec
[100%] Built target denso_robot_core
[100%] Built target denso_robot_core_generate_messages
