Performing C SOURCE FILE Test CMAKE_HAVE_LIBC_PTHREAD failed with the following output:
Change Dir: /home/cerlab/depowdering_ws/build/panda_panda_arm_ikfast_plugin/CMakeFiles/CMakeTmp

Run Build Command(s):/usr/bin/make cmTC_a995c/fast && /usr/bin/make -f CMakeFiles/cmTC_a995c.dir/build.make CMakeFiles/cmTC_a995c.dir/build
make[1]: Entering directory '/home/cerlab/depowdering_ws/build/panda_panda_arm_ikfast_plugin/CMakeFiles/CMakeTmp'
Building C object CMakeFiles/cmTC_a995c.dir/src.c.o
/usr/bin/cc   -DCMAKE_HAVE_LIBC_PTHREAD   -o CMakeFiles/cmTC_a995c.dir/src.c.o   -c /home/cerlab/depowdering_ws/build/panda_panda_arm_ikfast_plugin/CMakeFiles/CMakeTmp/src.c
Linking C executable cmTC_a995c
/usr/bin/cmake -E cmake_link_script CMakeFiles/cmTC_a995c.dir/link.txt --verbose=1
/usr/bin/cc  -DCMAKE_HAVE_LIBC_PTHREAD    -rdynamic CMakeFiles/cmTC_a995c.dir/src.c.o  -o cmTC_a995c 
/usr/bin/ld: CMakeFiles/cmTC_a995c.dir/src.c.o: in function `main':
src.c:(.text+0x46): undefined reference to `pthread_create'
/usr/bin/ld: src.c:(.text+0x52): undefined reference to `pthread_detach'
/usr/bin/ld: src.c:(.text+0x63): undefined reference to `pthread_join'
collect2: error: ld returned 1 exit status
make[1]: *** [CMakeFiles/cmTC_a995c.dir/build.make:87: cmTC_a995c] Error 1
make[1]: Leaving directory '/home/cerlab/depowdering_ws/build/panda_panda_arm_ikfast_plugin/CMakeFiles/CMakeTmp'
make: *** [Makefile:121: cmTC_a995c/fast] Error 2


Source file was:
#include <pthread.h>

void* test_func(void* data)
{
  return data;
}

int main(void)
{
  pthread_t thread;
  pthread_create(&thread, NULL, test_func, NULL);
  pthread_detach(thread);
  pthread_join(thread, NULL);
  pthread_atfork(NULL, NULL, NULL);
  pthread_exit(NULL);

  return 0;
}

Determining if the function pthread_create exists in the pthreads failed with the following output:
Change Dir: /home/cerlab/depowdering_ws/build/panda_panda_arm_ikfast_plugin/CMakeFiles/CMakeTmp

Run Build Command(s):/usr/bin/make cmTC_6ee02/fast && /usr/bin/make -f CMakeFiles/cmTC_6ee02.dir/build.make CMakeFiles/cmTC_6ee02.dir/build
make[1]: Entering directory '/home/cerlab/depowdering_ws/build/panda_panda_arm_ikfast_plugin/CMakeFiles/CMakeTmp'
Building C object CMakeFiles/cmTC_6ee02.dir/CheckFunctionExists.c.o
/usr/bin/cc   -DCHECK_FUNCTION_EXISTS=pthread_create   -o CMakeFiles/cmTC_6ee02.dir/CheckFunctionExists.c.o   -c /usr/share/cmake-3.16/Modules/CheckFunctionExists.c
Linking C executable cmTC_6ee02
/usr/bin/cmake -E cmake_link_script CMakeFiles/cmTC_6ee02.dir/link.txt --verbose=1
/usr/bin/cc  -DCHECK_FUNCTION_EXISTS=pthread_create    -rdynamic CMakeFiles/cmTC_6ee02.dir/CheckFunctionExists.c.o  -o cmTC_6ee02  -lpthreads 
/usr/bin/ld: cannot find -lpthreads
collect2: error: ld returned 1 exit status
make[1]: *** [CMakeFiles/cmTC_6ee02.dir/build.make:87: cmTC_6ee02] Error 1
make[1]: Leaving directory '/home/cerlab/depowdering_ws/build/panda_panda_arm_ikfast_plugin/CMakeFiles/CMakeTmp'
make: *** [Makefile:121: cmTC_6ee02/fast] Error 2



Determining if the function sgemm_ exists failed with the following output:
Change Dir: /home/cerlab/depowdering_ws/build/panda_panda_arm_ikfast_plugin/CMakeFiles/CMakeTmp

Run Build Command(s):/usr/bin/make cmTC_db16f/fast && /usr/bin/make -f CMakeFiles/cmTC_db16f.dir/build.make CMakeFiles/cmTC_db16f.dir/build
make[1]: Entering directory '/home/cerlab/depowdering_ws/build/panda_panda_arm_ikfast_plugin/CMakeFiles/CMakeTmp'
Building C object CMakeFiles/cmTC_db16f.dir/CheckFunctionExists.c.o
/usr/bin/cc   -DCHECK_FUNCTION_EXISTS=sgemm_   -o CMakeFiles/cmTC_db16f.dir/CheckFunctionExists.c.o   -c /usr/share/cmake-3.16/Modules/CheckFunctionExists.c
Linking C executable cmTC_db16f
/usr/bin/cmake -E cmake_link_script CMakeFiles/cmTC_db16f.dir/link.txt --verbose=1
/usr/bin/cc  -DCHECK_FUNCTION_EXISTS=sgemm_    -rdynamic CMakeFiles/cmTC_db16f.dir/CheckFunctionExists.c.o  -o cmTC_db16f 
/usr/bin/ld: CMakeFiles/cmTC_db16f.dir/CheckFunctionExists.c.o: in function `main':
CheckFunctionExists.c:(.text+0x14): undefined reference to `sgemm_'
collect2: error: ld returned 1 exit status
make[1]: *** [CMakeFiles/cmTC_db16f.dir/build.make:87: cmTC_db16f] Error 1
make[1]: Leaving directory '/home/cerlab/depowdering_ws/build/panda_panda_arm_ikfast_plugin/CMakeFiles/CMakeTmp'
make: *** [Makefile:121: cmTC_db16f/fast] Error 2



Determining if the function cheev_ exists failed with the following output:
Change Dir: /home/cerlab/depowdering_ws/build/panda_panda_arm_ikfast_plugin/CMakeFiles/CMakeTmp

Run Build Command(s):/usr/bin/make cmTC_40531/fast && /usr/bin/make -f CMakeFiles/cmTC_40531.dir/build.make CMakeFiles/cmTC_40531.dir/build
make[1]: Entering directory '/home/cerlab/depowdering_ws/build/panda_panda_arm_ikfast_plugin/CMakeFiles/CMakeTmp'
Building C object CMakeFiles/cmTC_40531.dir/CheckFunctionExists.c.o
/usr/bin/cc   -DCHECK_FUNCTION_EXISTS=cheev_   -o CMakeFiles/cmTC_40531.dir/CheckFunctionExists.c.o   -c /usr/share/cmake-3.16/Modules/CheckFunctionExists.c
Linking C executable cmTC_40531
/usr/bin/cmake -E cmake_link_script CMakeFiles/cmTC_40531.dir/link.txt --verbose=1
/usr/bin/cc  -DCHECK_FUNCTION_EXISTS=cheev_    -rdynamic CMakeFiles/cmTC_40531.dir/CheckFunctionExists.c.o  -o cmTC_40531  /usr/lib/x86_64-linux-gnu/libblas.so 
/usr/bin/ld: CMakeFiles/cmTC_40531.dir/CheckFunctionExists.c.o: in function `main':
CheckFunctionExists.c:(.text+0x14): undefined reference to `cheev_'
collect2: error: ld returned 1 exit status
make[1]: *** [CMakeFiles/cmTC_40531.dir/build.make:88: cmTC_40531] Error 1
make[1]: Leaving directory '/home/cerlab/depowdering_ws/build/panda_panda_arm_ikfast_plugin/CMakeFiles/CMakeTmp'
make: *** [Makefile:121: cmTC_40531/fast] Error 2



